35.0 APEX_CODE,FINEST;APEX_PROFILING,INFO;CALLOUT,INFO;DB,INFO;SYSTEM,DEBUG;VALIDATION,INFO;VISUALFORCE,INFO;WORKFLOW,INFO
15:06:06.1 (1057115)|USER_INFO|[EXTERNAL]|00524000000tTSF|swervo@papersnail.co.uk|Greenwich Mean Time|GMT+01:00
15:06:06.1 (1111636)|EXECUTION_STARTED
15:06:06.1 (1119238)|CODE_UNIT_STARTED|[EXTERNAL]|06624000003kVeS|VF: /apex/domng_base
15:06:06.1 (29010293)|SYSTEM_MODE_ENTER|true
15:06:06.1 (29661255)|HEAP_ALLOCATE|[72]|Bytes:3
15:06:06.1 (29729993)|HEAP_ALLOCATE|[77]|Bytes:152
15:06:06.1 (29749050)|HEAP_ALLOCATE|[342]|Bytes:408
15:06:06.1 (29772523)|HEAP_ALLOCATE|[355]|Bytes:408
15:06:06.1 (29795783)|HEAP_ALLOCATE|[467]|Bytes:48
15:06:06.1 (29827177)|HEAP_ALLOCATE|[139]|Bytes:6
15:06:06.1 (29853351)|HEAP_ALLOCATE|[EXTERNAL]|Bytes:100
15:06:06.1 (29888397)|HEAP_ALLOCATE|[EXTERNAL]|Bytes:3
15:06:06.1 (29891428)|HEAP_ALLOCATE|[EXTERNAL]|Bytes:7
15:06:06.1 (29923343)|METHOD_ENTRY|[1]|01p2400000D9OJ4|domng_resourceSwitch.domng_resourceSwitch()
15:06:06.1 (29928713)|STATEMENT_EXECUTE|[1]
15:06:06.1 (29932903)|STATEMENT_EXECUTE|[1]
15:06:06.1 (29965934)|HEAP_ALLOCATE|[50]|Bytes:5
15:06:06.1 (29994239)|HEAP_ALLOCATE|[56]|Bytes:5
15:06:06.1 (30006572)|HEAP_ALLOCATE|[64]|Bytes:7
15:06:06.1 (30026734)|SYSTEM_MODE_ENTER|false
15:06:06.1 (30049502)|HEAP_ALLOCATE|[EXTERNAL]|Bytes:5
15:06:06.1 (30057333)|SYSTEM_MODE_EXIT|false
15:06:06.1 (30084310)|METHOD_EXIT|[1]|domng_resourceSwitch
15:06:06.1 (30105279)|HEAP_ALLOCATE|[EXTERNAL]|Bytes:8
15:06:06.1 (30119303)|VARIABLE_SCOPE_BEGIN|[7]|this|domng_resourceSwitch|true|false
15:06:06.1 (30186031)|VARIABLE_ASSIGNMENT|[7]|this|{}|0x1c6613c7
15:06:06.1 (30196393)|SYSTEM_MODE_ENTER|false
15:06:06.1 (30201426)|HEAP_ALLOCATE|[8]|Bytes:5
15:06:06.1 (30204733)|STATEMENT_EXECUTE|[1]
15:06:06.1 (30207549)|HEAP_ALLOCATE|[8]|Bytes:5
15:06:06.1 (30209259)|STATEMENT_EXECUTE|[3]
15:06:06.1 (30219015)|HEAP_ALLOCATE|[8]|Bytes:6
15:06:06.1 (30240592)|STATEMENT_EXECUTE|[7]
15:06:06.1 (30242231)|STATEMENT_EXECUTE|[8]
15:06:06.1 (30244890)|HEAP_ALLOCATE|[8]|Bytes:7
15:06:06.1 (32201568)|HEAP_ALLOCATE|[8]|Bytes:44
15:06:06.1 (32234631)|VARIABLE_SCOPE_BEGIN|[8]|useLocal|domUseLocalhostResources__c|true|false
15:06:06.1 (32286403)|VARIABLE_ASSIGNMENT|[8]|useLocal|{"s":1,"v":{"LastModifiedDate":"2016-09-05T12:13:30.000Z","IsDeleted":false,"CreatedById":"00524000000tTSFAA2","domUseLocal__c":true,"CreatedDate":"2016-08-31T10:43:53.000Z","Id":"a0K2400000CObagEAD","LastModifiedById":"00524000000tTSFAA2","SetupOwnerId":"00D24000000a59kEAA","Name":"default","SystemModstamp":"2016-09-05T12:13:31.000Z"}}|0x1922742b
15:06:06.1 (32291772)|STATEMENT_EXECUTE|[9]
15:06:06.1 (32502094)|USER_DEBUG|[9]|DEBUG|domUseLocalhostResources__c:{LastModifiedDate=2016-09-05 12:13:30, IsDeleted=false, CreatedById=00524000000tTSFAA2, domUseLocal__c=true, CreatedDate=2016-08-31 10:43:53, Id=a0K2400000CObagEAD, LastModifiedById=00524000000tTSFAA2, SetupOwnerId=00D24000000a59kEAA, Name=default, SystemModstamp=2016-09-05 12:13:31}
15:06:06.1 (32512945)|STATEMENT_EXECUTE|[10]
15:06:06.1 (32561887)|USER_DEBUG|[10]|DEBUG|true
15:06:06.1 (32568950)|STATEMENT_EXECUTE|[11]
15:06:06.1 (32573496)|HEAP_ALLOCATE|[11]|Bytes:8
15:06:06.1 (32593296)|USER_DEBUG|[11]|DEBUG|dom here
15:06:06.1 (32598668)|STATEMENT_EXECUTE|[13]
15:06:06.1 (32662953)|VARIABLE_ASSIGNMENT|[EXTERNAL]|this|{}|0x1c6613c7
15:06:06.1 (32672577)|VARIABLE_ASSIGNMENT|[EXTERNAL]|value|true
15:06:06.1 (32698075)|VARIABLE_ASSIGNMENT|[3]|this.useLocalResources|true|0x1c6613c7
15:06:06.1 (32712251)|SYSTEM_MODE_EXIT|false
15:06:06.1 (33136147)|SYSTEM_MODE_ENTER|true
15:06:06.38 (38106667)|CUMULATIVE_LIMIT_USAGE
15:06:06.38 (38106667)|LIMIT_USAGE_FOR_NS|(default)|
  Number of SOQL queries: 0 out of 100
  Number of query rows: 0 out of 50000
  Number of SOSL queries: 0 out of 20
  Number of DML statements: 0 out of 150
  Number of DML rows: 0 out of 10000
  Maximum CPU time: 0 out of 10000
  Maximum heap size: 0 out of 6000000
  Number of callouts: 0 out of 100
  Number of Email Invocations: 0 out of 10
  Number of future calls: 0 out of 50
  Number of queueable jobs added to the queue: 0 out of 50
  Number of Mobile Apex push calls: 0 out of 10

15:06:06.38 (38106667)|CUMULATIVE_LIMIT_USAGE_END

15:06:06.1 (38157139)|CODE_UNIT_FINISHED|VF: /apex/domng_base
15:06:06.1 (39900841)|EXECUTION_FINISHED
