35.0 APEX_CODE,FINEST;APEX_PROFILING,INFO;CALLOUT,INFO;DB,INFO;SYSTEM,DEBUG;VALIDATION,INFO;VISUALFORCE,INFO;WORKFLOW,INFO
15:42:46.0 (498472)|USER_INFO|[EXTERNAL]|00524000000tTSF|swervo@papersnail.co.uk|Greenwich Mean Time|GMT+01:00
15:42:46.0 (529403)|EXECUTION_STARTED
15:42:46.0 (533807)|CODE_UNIT_STARTED|[EXTERNAL]|06624000003kVeS|VF: /apex/domng_base
15:42:46.0 (4653594)|SYSTEM_MODE_ENTER|true
15:42:46.0 (5420945)|HEAP_ALLOCATE|[72]|Bytes:3
15:42:46.0 (5457992)|HEAP_ALLOCATE|[77]|Bytes:152
15:42:46.0 (5474751)|HEAP_ALLOCATE|[342]|Bytes:408
15:42:46.0 (5493193)|HEAP_ALLOCATE|[355]|Bytes:408
15:42:46.0 (5509789)|HEAP_ALLOCATE|[467]|Bytes:48
15:42:46.0 (5537366)|HEAP_ALLOCATE|[139]|Bytes:6
15:42:46.0 (5558363)|HEAP_ALLOCATE|[EXTERNAL]|Bytes:100
15:42:46.0 (5565151)|HEAP_ALLOCATE|[EXTERNAL]|Bytes:3
15:42:46.0 (5570082)|HEAP_ALLOCATE|[EXTERNAL]|Bytes:7
15:42:46.0 (5591694)|METHOD_ENTRY|[1]|01p2400000D9OJ4|domng_resourceSwitch.domng_resourceSwitch()
15:42:46.0 (5598159)|STATEMENT_EXECUTE|[1]
15:42:46.0 (5605313)|STATEMENT_EXECUTE|[1]
15:42:46.0 (5650161)|HEAP_ALLOCATE|[50]|Bytes:5
15:42:46.0 (5682680)|HEAP_ALLOCATE|[56]|Bytes:5
15:42:46.0 (5697590)|HEAP_ALLOCATE|[64]|Bytes:7
15:42:46.0 (5722496)|SYSTEM_MODE_ENTER|false
15:42:46.0 (5746430)|HEAP_ALLOCATE|[EXTERNAL]|Bytes:5
15:42:46.0 (5756209)|SYSTEM_MODE_EXIT|false
15:42:46.0 (5768933)|METHOD_EXIT|[1]|domng_resourceSwitch
15:42:46.0 (5784685)|HEAP_ALLOCATE|[EXTERNAL]|Bytes:8
15:42:46.0 (5805672)|VARIABLE_SCOPE_BEGIN|[7]|this|domng_resourceSwitch|true|false
15:42:46.0 (5866850)|VARIABLE_ASSIGNMENT|[7]|this|{}|0x62f3d978
15:42:46.0 (5878167)|SYSTEM_MODE_ENTER|false
15:42:46.0 (5883252)|HEAP_ALLOCATE|[8]|Bytes:5
15:42:46.0 (5886811)|STATEMENT_EXECUTE|[1]
15:42:46.0 (5889405)|HEAP_ALLOCATE|[8]|Bytes:5
15:42:46.0 (5891297)|STATEMENT_EXECUTE|[3]
15:42:46.0 (5900125)|HEAP_ALLOCATE|[8]|Bytes:6
15:42:46.0 (5922273)|STATEMENT_EXECUTE|[7]
15:42:46.0 (5924333)|STATEMENT_EXECUTE|[8]
15:42:46.0 (5927340)|HEAP_ALLOCATE|[8]|Bytes:7
15:42:46.0 (7592616)|HEAP_ALLOCATE|[8]|Bytes:44
15:42:46.0 (7611850)|VARIABLE_SCOPE_BEGIN|[8]|useLocal|domUseLocalhostResources__c|true|false
15:42:46.0 (7664574)|VARIABLE_ASSIGNMENT|[8]|useLocal|{"s":1,"v":{"LastModifiedDate":"2016-09-05T12:13:30.000Z","IsDeleted":false,"CreatedById":"00524000000tTSFAA2","domUseLocal__c":true,"CreatedDate":"2016-08-31T10:43:53.000Z","Id":"a0K2400000CObagEAD","LastModifiedById":"00524000000tTSFAA2","SetupOwnerId":"00D24000000a59kEAA","Name":"default","SystemModstamp":"2016-09-05T12:13:31.000Z"}}|0x13a30689
15:42:46.0 (7670805)|STATEMENT_EXECUTE|[9]
15:42:46.0 (7865449)|USER_DEBUG|[9]|DEBUG|domUseLocalhostResources__c:{LastModifiedDate=2016-09-05 12:13:30, IsDeleted=false, CreatedById=00524000000tTSFAA2, domUseLocal__c=true, CreatedDate=2016-08-31 10:43:53, Id=a0K2400000CObagEAD, LastModifiedById=00524000000tTSFAA2, SetupOwnerId=00D24000000a59kEAA, Name=default, SystemModstamp=2016-09-05 12:13:31}
15:42:46.0 (7876702)|STATEMENT_EXECUTE|[10]
15:42:46.0 (7920305)|USER_DEBUG|[10]|DEBUG|true
15:42:46.0 (7926776)|STATEMENT_EXECUTE|[11]
15:42:46.0 (7931849)|HEAP_ALLOCATE|[11]|Bytes:8
15:42:46.0 (7947424)|USER_DEBUG|[11]|DEBUG|dom here
15:42:46.0 (7952665)|STATEMENT_EXECUTE|[13]
15:42:46.0 (8015007)|VARIABLE_ASSIGNMENT|[EXTERNAL]|this|{}|0x62f3d978
15:42:46.0 (8023882)|VARIABLE_ASSIGNMENT|[EXTERNAL]|value|true
15:42:46.0 (8036634)|VARIABLE_ASSIGNMENT|[3]|this.useLocalResources|true|0x62f3d978
15:42:46.0 (8046841)|SYSTEM_MODE_EXIT|false
15:42:46.0 (8263536)|SYSTEM_MODE_ENTER|true
15:42:46.12 (12461992)|CUMULATIVE_LIMIT_USAGE
15:42:46.12 (12461992)|LIMIT_USAGE_FOR_NS|(default)|
  Number of SOQL queries: 0 out of 100
  Number of query rows: 0 out of 50000
  Number of SOSL queries: 0 out of 20
  Number of DML statements: 0 out of 150
  Number of DML rows: 0 out of 10000
  Maximum CPU time: 0 out of 10000
  Maximum heap size: 0 out of 6000000
  Number of callouts: 0 out of 100
  Number of Email Invocations: 0 out of 10
  Number of future calls: 0 out of 50
  Number of queueable jobs added to the queue: 0 out of 50
  Number of Mobile Apex push calls: 0 out of 10

15:42:46.12 (12461992)|CUMULATIVE_LIMIT_USAGE_END

15:42:46.0 (12508858)|CODE_UNIT_FINISHED|VF: /apex/domng_base
15:42:46.0 (14040493)|EXECUTION_FINISHED
