35.0 APEX_CODE,FINEST;APEX_PROFILING,INFO;CALLOUT,INFO;DB,INFO;SYSTEM,DEBUG;VALIDATION,INFO;VISUALFORCE,INFO;WORKFLOW,INFO
15:17:50.0 (930614)|USER_INFO|[EXTERNAL]|00524000000tTSF|swervo@papersnail.co.uk|Greenwich Mean Time|GMT+01:00
15:17:50.0 (979282)|EXECUTION_STARTED
15:17:50.0 (986764)|CODE_UNIT_STARTED|[EXTERNAL]|06624000003kVeS|VF: /apex/domng_base
15:17:50.0 (4909914)|SYSTEM_MODE_ENTER|true
15:17:50.0 (5657579)|HEAP_ALLOCATE|[72]|Bytes:3
15:17:50.0 (5728153)|HEAP_ALLOCATE|[77]|Bytes:152
15:17:50.0 (5745558)|HEAP_ALLOCATE|[342]|Bytes:408
15:17:50.0 (5763107)|HEAP_ALLOCATE|[355]|Bytes:408
15:17:50.0 (5791844)|HEAP_ALLOCATE|[467]|Bytes:48
15:17:50.0 (5833627)|HEAP_ALLOCATE|[139]|Bytes:6
15:17:50.0 (5859028)|HEAP_ALLOCATE|[EXTERNAL]|Bytes:100
15:17:50.0 (5905523)|HEAP_ALLOCATE|[EXTERNAL]|Bytes:3
15:17:50.0 (5908963)|HEAP_ALLOCATE|[EXTERNAL]|Bytes:7
15:17:50.0 (5929055)|METHOD_ENTRY|[1]|01p2400000D9OJ4|domng_resourceSwitch.domng_resourceSwitch()
15:17:50.0 (5935467)|STATEMENT_EXECUTE|[1]
15:17:50.0 (5950443)|STATEMENT_EXECUTE|[1]
15:17:50.0 (5984575)|HEAP_ALLOCATE|[50]|Bytes:5
15:17:50.0 (6009508)|HEAP_ALLOCATE|[56]|Bytes:5
15:17:50.0 (6019578)|HEAP_ALLOCATE|[64]|Bytes:7
15:17:50.0 (6035658)|SYSTEM_MODE_ENTER|false
15:17:50.0 (6055480)|HEAP_ALLOCATE|[EXTERNAL]|Bytes:5
15:17:50.0 (6062321)|SYSTEM_MODE_EXIT|false
15:17:50.0 (6073336)|METHOD_EXIT|[1]|domng_resourceSwitch
15:17:50.0 (6104932)|HEAP_ALLOCATE|[EXTERNAL]|Bytes:8
15:17:50.0 (6121147)|VARIABLE_SCOPE_BEGIN|[7]|this|domng_resourceSwitch|true|false
15:17:50.0 (6330932)|VARIABLE_ASSIGNMENT|[7]|this|{}|0x26964d19
15:17:50.0 (6342412)|SYSTEM_MODE_ENTER|false
15:17:50.0 (6347701)|HEAP_ALLOCATE|[8]|Bytes:5
15:17:50.0 (6351367)|STATEMENT_EXECUTE|[1]
15:17:50.0 (6354113)|HEAP_ALLOCATE|[8]|Bytes:5
15:17:50.0 (6355963)|STATEMENT_EXECUTE|[3]
15:17:50.0 (6365955)|HEAP_ALLOCATE|[8]|Bytes:6
15:17:50.0 (6388951)|STATEMENT_EXECUTE|[7]
15:17:50.0 (6390992)|STATEMENT_EXECUTE|[8]
15:17:50.0 (6393932)|HEAP_ALLOCATE|[8]|Bytes:7
15:17:50.0 (8791439)|HEAP_ALLOCATE|[8]|Bytes:44
15:17:50.0 (8828546)|VARIABLE_SCOPE_BEGIN|[8]|useLocal|domUseLocalhostResources__c|true|false
15:17:50.0 (8893295)|VARIABLE_ASSIGNMENT|[8]|useLocal|{"s":1,"v":{"LastModifiedDate":"2016-09-05T12:13:30.000Z","IsDeleted":false,"CreatedById":"00524000000tTSFAA2","domUseLocal__c":true,"CreatedDate":"2016-08-31T10:43:53.000Z","Id":"a0K2400000CObagEAD","LastModifiedById":"00524000000tTSFAA2","SetupOwnerId":"00D24000000a59kEAA","Name":"default","SystemModstamp":"2016-09-05T12:13:31.000Z"}}|0x54948f74
15:17:50.0 (8899998)|STATEMENT_EXECUTE|[9]
15:17:50.0 (9092339)|USER_DEBUG|[9]|DEBUG|domUseLocalhostResources__c:{LastModifiedDate=2016-09-05 12:13:30, IsDeleted=false, CreatedById=00524000000tTSFAA2, domUseLocal__c=true, CreatedDate=2016-08-31 10:43:53, Id=a0K2400000CObagEAD, LastModifiedById=00524000000tTSFAA2, SetupOwnerId=00D24000000a59kEAA, Name=default, SystemModstamp=2016-09-05 12:13:31}
15:17:50.0 (9103977)|STATEMENT_EXECUTE|[10]
15:17:50.0 (9147462)|USER_DEBUG|[10]|DEBUG|true
15:17:50.0 (9154162)|STATEMENT_EXECUTE|[11]
15:17:50.0 (9158339)|HEAP_ALLOCATE|[11]|Bytes:8
15:17:50.0 (9174207)|USER_DEBUG|[11]|DEBUG|dom here
15:17:50.0 (9178980)|STATEMENT_EXECUTE|[13]
15:17:50.0 (9251886)|VARIABLE_ASSIGNMENT|[EXTERNAL]|this|{}|0x26964d19
15:17:50.0 (9260775)|VARIABLE_ASSIGNMENT|[EXTERNAL]|value|true
15:17:50.0 (9273634)|VARIABLE_ASSIGNMENT|[3]|this.useLocalResources|true|0x26964d19
15:17:50.0 (9282642)|SYSTEM_MODE_EXIT|false
15:17:50.0 (9683623)|SYSTEM_MODE_ENTER|true
15:17:50.13 (13715985)|CUMULATIVE_LIMIT_USAGE
15:17:50.13 (13715985)|LIMIT_USAGE_FOR_NS|(default)|
  Number of SOQL queries: 0 out of 100
  Number of query rows: 0 out of 50000
  Number of SOSL queries: 0 out of 20
  Number of DML statements: 0 out of 150
  Number of DML rows: 0 out of 10000
  Maximum CPU time: 0 out of 10000
  Maximum heap size: 0 out of 6000000
  Number of callouts: 0 out of 100
  Number of Email Invocations: 0 out of 10
  Number of future calls: 0 out of 50
  Number of queueable jobs added to the queue: 0 out of 50
  Number of Mobile Apex push calls: 0 out of 10

15:17:50.13 (13715985)|CUMULATIVE_LIMIT_USAGE_END

15:17:50.0 (13759745)|CODE_UNIT_FINISHED|VF: /apex/domng_base
15:17:50.0 (15421325)|EXECUTION_FINISHED
