35.0 APEX_CODE,FINEST;APEX_PROFILING,INFO;CALLOUT,INFO;DB,INFO;SYSTEM,DEBUG;VALIDATION,INFO;VISUALFORCE,INFO;WORKFLOW,INFO
15:15:31.0 (712587)|USER_INFO|[EXTERNAL]|00524000000tTSF|swervo@papersnail.co.uk|Greenwich Mean Time|GMT+01:00
15:15:31.0 (758791)|EXECUTION_STARTED
15:15:31.0 (763840)|CODE_UNIT_STARTED|[EXTERNAL]|06624000003kVeS|VF: /apex/domng_base
15:15:31.0 (6276323)|SYSTEM_MODE_ENTER|true
15:15:31.0 (6912819)|HEAP_ALLOCATE|[72]|Bytes:3
15:15:31.0 (6956666)|HEAP_ALLOCATE|[77]|Bytes:152
15:15:31.0 (6971291)|HEAP_ALLOCATE|[342]|Bytes:408
15:15:31.0 (6986103)|HEAP_ALLOCATE|[355]|Bytes:408
15:15:31.0 (7000423)|HEAP_ALLOCATE|[467]|Bytes:48
15:15:31.0 (7030483)|HEAP_ALLOCATE|[139]|Bytes:6
15:15:31.0 (7046860)|HEAP_ALLOCATE|[EXTERNAL]|Bytes:100
15:15:31.0 (7051833)|HEAP_ALLOCATE|[EXTERNAL]|Bytes:3
15:15:31.0 (7053966)|HEAP_ALLOCATE|[EXTERNAL]|Bytes:7
15:15:31.0 (7071077)|METHOD_ENTRY|[1]|01p2400000D9OJ4|domng_resourceSwitch.domng_resourceSwitch()
15:15:31.0 (7074836)|STATEMENT_EXECUTE|[1]
15:15:31.0 (7080222)|STATEMENT_EXECUTE|[1]
15:15:31.0 (7112990)|HEAP_ALLOCATE|[50]|Bytes:5
15:15:31.0 (7137706)|HEAP_ALLOCATE|[56]|Bytes:5
15:15:31.0 (7145762)|HEAP_ALLOCATE|[64]|Bytes:7
15:15:31.0 (7164817)|SYSTEM_MODE_ENTER|false
15:15:31.0 (7188959)|HEAP_ALLOCATE|[EXTERNAL]|Bytes:5
15:15:31.0 (7196103)|SYSTEM_MODE_EXIT|false
15:15:31.0 (7205184)|METHOD_EXIT|[1]|domng_resourceSwitch
15:15:31.0 (7225864)|HEAP_ALLOCATE|[EXTERNAL]|Bytes:8
15:15:31.0 (7235729)|VARIABLE_SCOPE_BEGIN|[7]|this|domng_resourceSwitch|true|false
15:15:31.0 (7297769)|VARIABLE_ASSIGNMENT|[7]|this|{}|0x3b8fd002
15:15:31.0 (7308637)|SYSTEM_MODE_ENTER|false
15:15:31.0 (7313606)|HEAP_ALLOCATE|[8]|Bytes:5
15:15:31.0 (7316519)|STATEMENT_EXECUTE|[1]
15:15:31.0 (7319100)|HEAP_ALLOCATE|[8]|Bytes:5
15:15:31.0 (7320794)|STATEMENT_EXECUTE|[3]
15:15:31.0 (7330107)|HEAP_ALLOCATE|[8]|Bytes:6
15:15:31.0 (7351383)|STATEMENT_EXECUTE|[7]
15:15:31.0 (7353108)|STATEMENT_EXECUTE|[8]
15:15:31.0 (7356043)|HEAP_ALLOCATE|[8]|Bytes:7
15:15:31.0 (9157173)|HEAP_ALLOCATE|[8]|Bytes:44
15:15:31.0 (9194023)|VARIABLE_SCOPE_BEGIN|[8]|useLocal|domUseLocalhostResources__c|true|false
15:15:31.0 (9253596)|VARIABLE_ASSIGNMENT|[8]|useLocal|{"s":1,"v":{"LastModifiedDate":"2016-09-05T12:13:30.000Z","IsDeleted":false,"CreatedById":"00524000000tTSFAA2","domUseLocal__c":true,"CreatedDate":"2016-08-31T10:43:53.000Z","Id":"a0K2400000CObagEAD","LastModifiedById":"00524000000tTSFAA2","SetupOwnerId":"00D24000000a59kEAA","Name":"default","SystemModstamp":"2016-09-05T12:13:31.000Z"}}|0x3dbfa97e
15:15:31.0 (9258600)|STATEMENT_EXECUTE|[9]
15:15:31.0 (9457312)|USER_DEBUG|[9]|DEBUG|domUseLocalhostResources__c:{LastModifiedDate=2016-09-05 12:13:30, IsDeleted=false, CreatedById=00524000000tTSFAA2, domUseLocal__c=true, CreatedDate=2016-08-31 10:43:53, Id=a0K2400000CObagEAD, LastModifiedById=00524000000tTSFAA2, SetupOwnerId=00D24000000a59kEAA, Name=default, SystemModstamp=2016-09-05 12:13:31}
15:15:31.0 (9468541)|STATEMENT_EXECUTE|[10]
15:15:31.0 (9513483)|USER_DEBUG|[10]|DEBUG|true
15:15:31.0 (9520003)|STATEMENT_EXECUTE|[11]
15:15:31.0 (9524423)|HEAP_ALLOCATE|[11]|Bytes:8
15:15:31.0 (9539180)|USER_DEBUG|[11]|DEBUG|dom here
15:15:31.0 (9544401)|STATEMENT_EXECUTE|[13]
15:15:31.0 (9607046)|VARIABLE_ASSIGNMENT|[EXTERNAL]|this|{}|0x3b8fd002
15:15:31.0 (9614940)|VARIABLE_ASSIGNMENT|[EXTERNAL]|value|true
15:15:31.0 (9626327)|VARIABLE_ASSIGNMENT|[3]|this.useLocalResources|true|0x3b8fd002
15:15:31.0 (9636366)|SYSTEM_MODE_EXIT|false
15:15:31.0 (9970161)|SYSTEM_MODE_ENTER|true
15:15:31.13 (13751934)|CUMULATIVE_LIMIT_USAGE
15:15:31.13 (13751934)|LIMIT_USAGE_FOR_NS|(default)|
  Number of SOQL queries: 0 out of 100
  Number of query rows: 0 out of 50000
  Number of SOSL queries: 0 out of 20
  Number of DML statements: 0 out of 150
  Number of DML rows: 0 out of 10000
  Maximum CPU time: 0 out of 10000
  Maximum heap size: 0 out of 6000000
  Number of callouts: 0 out of 100
  Number of Email Invocations: 0 out of 10
  Number of future calls: 0 out of 50
  Number of queueable jobs added to the queue: 0 out of 50
  Number of Mobile Apex push calls: 0 out of 10

15:15:31.13 (13751934)|CUMULATIVE_LIMIT_USAGE_END

15:15:31.0 (13792675)|CODE_UNIT_FINISHED|VF: /apex/domng_base
15:15:31.0 (15184615)|EXECUTION_FINISHED
