35.0 APEX_CODE,FINEST;APEX_PROFILING,INFO;CALLOUT,INFO;DB,INFO;SYSTEM,DEBUG;VALIDATION,INFO;VISUALFORCE,INFO;WORKFLOW,INFO
15:25:57.1 (1014373)|USER_INFO|[EXTERNAL]|00524000000tTSF|swervo@papersnail.co.uk|Greenwich Mean Time|GMT+01:00
15:25:57.1 (1067485)|EXECUTION_STARTED
15:25:57.1 (1075560)|CODE_UNIT_STARTED|[EXTERNAL]|06624000003kVeS|VF: /apex/domng_base
15:25:57.1 (66756706)|SYSTEM_MODE_ENTER|true
15:25:57.1 (67779682)|HEAP_ALLOCATE|[72]|Bytes:3
15:25:57.1 (67829340)|HEAP_ALLOCATE|[77]|Bytes:152
15:25:57.1 (67861510)|HEAP_ALLOCATE|[342]|Bytes:408
15:25:57.1 (67901766)|HEAP_ALLOCATE|[355]|Bytes:408
15:25:57.1 (67935405)|HEAP_ALLOCATE|[467]|Bytes:48
15:25:57.1 (67994278)|HEAP_ALLOCATE|[139]|Bytes:6
15:25:57.1 (68035022)|HEAP_ALLOCATE|[EXTERNAL]|Bytes:100
15:25:57.1 (68048093)|HEAP_ALLOCATE|[EXTERNAL]|Bytes:3
15:25:57.1 (68055382)|HEAP_ALLOCATE|[EXTERNAL]|Bytes:7
15:25:57.1 (68086991)|METHOD_ENTRY|[1]|01p2400000D9OJ4|domng_resourceSwitch.domng_resourceSwitch()
15:25:57.1 (68094929)|STATEMENT_EXECUTE|[1]
15:25:57.1 (68102738)|STATEMENT_EXECUTE|[1]
15:25:57.1 (68157113)|HEAP_ALLOCATE|[50]|Bytes:5
15:25:57.1 (68463159)|HEAP_ALLOCATE|[56]|Bytes:5
15:25:57.1 (68530593)|HEAP_ALLOCATE|[64]|Bytes:7
15:25:57.1 (68575507)|SYSTEM_MODE_ENTER|false
15:25:57.1 (68603835)|HEAP_ALLOCATE|[EXTERNAL]|Bytes:5
15:25:57.1 (68616596)|SYSTEM_MODE_EXIT|false
15:25:57.1 (68636336)|METHOD_EXIT|[1]|domng_resourceSwitch
15:25:57.1 (68666159)|HEAP_ALLOCATE|[EXTERNAL]|Bytes:8
15:25:57.1 (68687496)|VARIABLE_SCOPE_BEGIN|[7]|this|domng_resourceSwitch|true|false
15:25:57.1 (68823761)|VARIABLE_ASSIGNMENT|[7]|this|{}|0x423e6376
15:25:57.1 (68845914)|SYSTEM_MODE_ENTER|false
15:25:57.1 (68856270)|HEAP_ALLOCATE|[8]|Bytes:5
15:25:57.1 (68864488)|STATEMENT_EXECUTE|[1]
15:25:57.1 (68871973)|HEAP_ALLOCATE|[8]|Bytes:5
15:25:57.1 (68877419)|STATEMENT_EXECUTE|[3]
15:25:57.1 (68898227)|HEAP_ALLOCATE|[8]|Bytes:6
15:25:57.1 (68945959)|STATEMENT_EXECUTE|[7]
15:25:57.1 (68956035)|STATEMENT_EXECUTE|[8]
15:25:57.1 (68961608)|HEAP_ALLOCATE|[8]|Bytes:7
15:25:57.1 (73374504)|HEAP_ALLOCATE|[8]|Bytes:44
15:25:57.1 (73422535)|VARIABLE_SCOPE_BEGIN|[8]|useLocal|domUseLocalhostResources__c|true|false
15:25:57.1 (73526615)|VARIABLE_ASSIGNMENT|[8]|useLocal|{"s":1,"v":{"LastModifiedDate":"2016-09-05T12:13:30.000Z","IsDeleted":false,"CreatedById":"00524000000tTSFAA2","domUseLocal__c":true,"CreatedDate":"2016-08-31T10:43:53.000Z","Id":"a0K2400000CObagEAD","LastModifiedById":"00524000000tTSFAA2","SetupOwnerId":"00D24000000a59kEAA","Name":"default","SystemModstamp":"2016-09-05T12:13:31.000Z"}}|0x1b766c8b
15:25:57.1 (73538024)|STATEMENT_EXECUTE|[9]
15:25:57.1 (73869775)|USER_DEBUG|[9]|DEBUG|domUseLocalhostResources__c:{LastModifiedDate=2016-09-05 12:13:30, IsDeleted=false, CreatedById=00524000000tTSFAA2, domUseLocal__c=true, CreatedDate=2016-08-31 10:43:53, Id=a0K2400000CObagEAD, LastModifiedById=00524000000tTSFAA2, SetupOwnerId=00D24000000a59kEAA, Name=default, SystemModstamp=2016-09-05 12:13:31}
15:25:57.1 (73886760)|STATEMENT_EXECUTE|[10]
15:25:57.1 (73953131)|USER_DEBUG|[10]|DEBUG|true
15:25:57.1 (73964939)|STATEMENT_EXECUTE|[11]
15:25:57.1 (73973049)|HEAP_ALLOCATE|[11]|Bytes:8
15:25:57.1 (74007081)|USER_DEBUG|[11]|DEBUG|dom here
15:25:57.1 (74027951)|STATEMENT_EXECUTE|[13]
15:25:57.1 (74155719)|VARIABLE_ASSIGNMENT|[EXTERNAL]|this|{}|0x423e6376
15:25:57.1 (74170280)|VARIABLE_ASSIGNMENT|[EXTERNAL]|value|true
15:25:57.1 (74188203)|VARIABLE_ASSIGNMENT|[3]|this.useLocalResources|true|0x423e6376
15:25:57.1 (74205393)|SYSTEM_MODE_EXIT|false
15:25:57.1 (74557245)|SYSTEM_MODE_ENTER|true
15:25:57.81 (81677156)|CUMULATIVE_LIMIT_USAGE
15:25:57.81 (81677156)|LIMIT_USAGE_FOR_NS|(default)|
  Number of SOQL queries: 0 out of 100
  Number of query rows: 0 out of 50000
  Number of SOSL queries: 0 out of 20
  Number of DML statements: 0 out of 150
  Number of DML rows: 0 out of 10000
  Maximum CPU time: 0 out of 10000
  Maximum heap size: 0 out of 6000000
  Number of callouts: 0 out of 100
  Number of Email Invocations: 0 out of 10
  Number of future calls: 0 out of 50
  Number of queueable jobs added to the queue: 0 out of 50
  Number of Mobile Apex push calls: 0 out of 10

15:25:57.81 (81677156)|CUMULATIVE_LIMIT_USAGE_END

15:25:57.1 (81746291)|CODE_UNIT_FINISHED|VF: /apex/domng_base
15:25:57.1 (83458749)|EXECUTION_FINISHED
