37.0 APEX_CODE,FINEST;APEX_PROFILING,INFO;CALLOUT,INFO;DB,INFO;SYSTEM,DEBUG;VALIDATION,INFO;VISUALFORCE,INFO;WORKFLOW,INFO
15:16:17.0 (498832)|USER_INFO|[EXTERNAL]|00524000000tTSF|swervo@papersnail.co.uk|Greenwich Mean Time|GMT+01:00
15:16:17.0 (536089)|EXECUTION_STARTED
15:16:17.0 (541145)|CODE_UNIT_STARTED|[EXTERNAL]|VisualForce View State
15:16:17.0 (14392637)|CODE_UNIT_FINISHED|VisualForce View State
15:16:17.0 (16263258)|EXECUTION_FINISHED
15:16:17.42 (42022707)|USER_INFO|[EXTERNAL]|00524000000tTSF|swervo@papersnail.co.uk|Greenwich Mean Time|GMT+01:00
15:16:17.42 (42041284)|EXECUTION_STARTED
15:16:17.42 (42050840)|CODE_UNIT_STARTED|[EXTERNAL]|VF: /apex/editApexComponent.apexp
15:16:17.42 (58350748)|CODE_UNIT_STARTED|[EXTERNAL]|VF Controller Save
15:16:17.42 (58371827)|SYSTEM_MODE_ENTER|false
15:16:17.42 (311717891)|CODE_UNIT_FINISHED|VF Controller Save
15:16:17.334 (334006767)|CUMULATIVE_LIMIT_USAGE
15:16:17.334 (334006767)|LIMIT_USAGE_FOR_NS|(default)|
  Number of SOQL queries: 0 out of 100
  Number of query rows: 0 out of 50000
  Number of SOSL queries: 0 out of 20
  Number of DML statements: 0 out of 150
  Number of DML rows: 0 out of 10000
  Maximum CPU time: 0 out of 10000
  Maximum heap size: 0 out of 6000000
  Number of callouts: 0 out of 100
  Number of Email Invocations: 0 out of 10
  Number of future calls: 0 out of 50
  Number of queueable jobs added to the queue: 0 out of 50
  Number of Mobile Apex push calls: 0 out of 10

15:16:17.334 (334006767)|CUMULATIVE_LIMIT_USAGE_END

15:16:17.42 (334049261)|CODE_UNIT_FINISHED|VF: /apex/editApexComponent.apexp
15:16:17.42 (335530782)|EXECUTION_FINISHED
