35.0 APEX_CODE,FINEST;APEX_PROFILING,INFO;CALLOUT,INFO;DB,INFO;SYSTEM,DEBUG;VALIDATION,INFO;VISUALFORCE,INFO;WORKFLOW,INFO
15:14:48.0 (555822)|USER_INFO|[EXTERNAL]|00524000000tTSF|swervo@papersnail.co.uk|Greenwich Mean Time|GMT+01:00
15:14:48.0 (587485)|EXECUTION_STARTED
15:14:48.0 (592644)|CODE_UNIT_STARTED|[EXTERNAL]|06624000003kVeS|VF: /apex/domng_base
15:14:48.0 (3436449)|SYSTEM_MODE_ENTER|true
15:14:48.0 (4103470)|HEAP_ALLOCATE|[72]|Bytes:3
15:14:48.0 (4173987)|HEAP_ALLOCATE|[77]|Bytes:152
15:14:48.0 (4191667)|HEAP_ALLOCATE|[342]|Bytes:408
15:14:48.0 (4209594)|HEAP_ALLOCATE|[355]|Bytes:408
15:14:48.0 (4225296)|HEAP_ALLOCATE|[467]|Bytes:48
15:14:48.0 (4255688)|HEAP_ALLOCATE|[139]|Bytes:6
15:14:48.0 (4271987)|HEAP_ALLOCATE|[EXTERNAL]|Bytes:100
15:14:48.0 (4296556)|HEAP_ALLOCATE|[EXTERNAL]|Bytes:3
15:14:48.0 (4299680)|HEAP_ALLOCATE|[EXTERNAL]|Bytes:8
15:14:48.0 (4326539)|METHOD_ENTRY|[1]|01p2400000D9MKy|ngAppResourceComponentController.ngAppResourceComponentController()
15:14:48.0 (4331138)|STATEMENT_EXECUTE|[1]
15:14:48.0 (4336509)|STATEMENT_EXECUTE|[1]
15:14:48.0 (4370363)|HEAP_ALLOCATE|[50]|Bytes:5
15:14:48.0 (4393652)|HEAP_ALLOCATE|[56]|Bytes:5
15:14:48.0 (4402296)|HEAP_ALLOCATE|[64]|Bytes:7
15:14:48.0 (4419199)|SYSTEM_MODE_ENTER|false
15:14:48.0 (4439739)|HEAP_ALLOCATE|[EXTERNAL]|Bytes:5
15:14:48.0 (4446641)|SYSTEM_MODE_EXIT|false
15:14:48.0 (4468135)|METHOD_EXIT|[1]|ngAppResourceComponentController
15:14:48.0 (4485536)|HEAP_ALLOCATE|[EXTERNAL]|Bytes:8
15:14:48.0 (4499082)|VARIABLE_SCOPE_BEGIN|[5]|this|ngAppResourceComponentController|true|false
15:14:48.0 (4619170)|VARIABLE_ASSIGNMENT|[5]|this|{}|0x518f8849
15:14:48.0 (4629763)|SYSTEM_MODE_ENTER|false
15:14:48.0 (4634554)|HEAP_ALLOCATE|[6]|Bytes:5
15:14:48.0 (4637705)|STATEMENT_EXECUTE|[1]
15:14:48.0 (4640163)|HEAP_ALLOCATE|[6]|Bytes:5
15:14:48.0 (4641822)|STATEMENT_EXECUTE|[3]
15:14:48.0 (4651628)|HEAP_ALLOCATE|[6]|Bytes:6
15:14:48.0 (4674719)|STATEMENT_EXECUTE|[5]
15:14:48.0 (4676427)|STATEMENT_EXECUTE|[6]
15:14:48.0 (4679566)|HEAP_ALLOCATE|[6]|Bytes:8
15:14:48.0 (4765904)|USER_DEBUG|[6]|DEBUG|dom here
15:14:48.0 (4793550)|STATEMENT_EXECUTE|[7]
15:14:48.0 (4797675)|HEAP_ALLOCATE|[7]|Bytes:7
15:14:48.0 (6735509)|HEAP_ALLOCATE|[7]|Bytes:44
15:14:48.0 (6766866)|VARIABLE_SCOPE_BEGIN|[7]|useLocal|domUseLocalhostResources__c|true|false
15:14:48.0 (6825044)|VARIABLE_ASSIGNMENT|[7]|useLocal|{"s":1,"v":{"LastModifiedDate":"2016-09-05T12:13:30.000Z","IsDeleted":false,"CreatedById":"00524000000tTSFAA2","domUseLocal__c":true,"CreatedDate":"2016-08-31T10:43:53.000Z","Id":"a0K2400000CObagEAD","LastModifiedById":"00524000000tTSFAA2","SetupOwnerId":"00D24000000a59kEAA","Name":"default","SystemModstamp":"2016-09-05T12:13:31.000Z"}}|0x620506f1
15:14:48.0 (6837350)|STATEMENT_EXECUTE|[8]
15:14:48.0 (7010642)|USER_DEBUG|[8]|DEBUG|domUseLocalhostResources__c:{LastModifiedDate=2016-09-05 12:13:30, IsDeleted=false, CreatedById=00524000000tTSFAA2, domUseLocal__c=true, CreatedDate=2016-08-31 10:43:53, Id=a0K2400000CObagEAD, LastModifiedById=00524000000tTSFAA2, SetupOwnerId=00D24000000a59kEAA, Name=default, SystemModstamp=2016-09-05 12:13:31}
15:14:48.0 (7021325)|STATEMENT_EXECUTE|[9]
15:14:48.0 (7066979)|USER_DEBUG|[9]|DEBUG|true
15:14:48.0 (7073616)|STATEMENT_EXECUTE|[10]
15:14:48.0 (7088194)|USER_DEBUG|[10]|DEBUG|dom here
15:14:48.0 (7092842)|STATEMENT_EXECUTE|[12]
15:14:48.0 (7158026)|VARIABLE_ASSIGNMENT|[EXTERNAL]|this|{}|0x518f8849
15:14:48.0 (7166366)|VARIABLE_ASSIGNMENT|[EXTERNAL]|value|true
15:14:48.0 (7177745)|VARIABLE_ASSIGNMENT|[3]|this.useLocalResources|true|0x518f8849
15:14:48.0 (7187432)|SYSTEM_MODE_EXIT|false
15:14:48.0 (7397509)|SYSTEM_MODE_ENTER|true
15:14:48.11 (11371582)|CUMULATIVE_LIMIT_USAGE
15:14:48.11 (11371582)|LIMIT_USAGE_FOR_NS|(default)|
  Number of SOQL queries: 0 out of 100
  Number of query rows: 0 out of 50000
  Number of SOSL queries: 0 out of 20
  Number of DML statements: 0 out of 150
  Number of DML rows: 0 out of 10000
  Maximum CPU time: 0 out of 10000
  Maximum heap size: 0 out of 6000000
  Number of callouts: 0 out of 100
  Number of Email Invocations: 0 out of 10
  Number of future calls: 0 out of 50
  Number of queueable jobs added to the queue: 0 out of 50
  Number of Mobile Apex push calls: 0 out of 10

15:14:48.11 (11371582)|CUMULATIVE_LIMIT_USAGE_END

15:14:48.0 (11408541)|CODE_UNIT_FINISHED|VF: /apex/domng_base
15:14:48.0 (12942106)|EXECUTION_FINISHED
