35.0 APEX_CODE,FINEST;APEX_PROFILING,INFO;CALLOUT,INFO;DB,INFO;SYSTEM,DEBUG;VALIDATION,INFO;VISUALFORCE,INFO;WORKFLOW,INFO
15:12:59.0 (819601)|USER_INFO|[EXTERNAL]|00524000000tTSF|swervo@papersnail.co.uk|Greenwich Mean Time|GMT+01:00
15:12:59.0 (868609)|EXECUTION_STARTED
15:12:59.0 (875938)|CODE_UNIT_STARTED|[EXTERNAL]|06624000003kVeS|VF: /apex/domng_base
15:12:59.0 (5349830)|SYSTEM_MODE_ENTER|true
15:12:59.0 (6114325)|HEAP_ALLOCATE|[72]|Bytes:3
15:12:59.0 (6211733)|HEAP_ALLOCATE|[77]|Bytes:152
15:12:59.0 (6235188)|HEAP_ALLOCATE|[342]|Bytes:408
15:12:59.0 (6262122)|HEAP_ALLOCATE|[355]|Bytes:408
15:12:59.0 (6288507)|HEAP_ALLOCATE|[467]|Bytes:48
15:12:59.0 (6376195)|HEAP_ALLOCATE|[139]|Bytes:6
15:12:59.0 (6405293)|HEAP_ALLOCATE|[EXTERNAL]|Bytes:100
15:12:59.0 (6441332)|HEAP_ALLOCATE|[EXTERNAL]|Bytes:3
15:12:59.0 (6446256)|HEAP_ALLOCATE|[EXTERNAL]|Bytes:7
15:12:59.0 (6487529)|METHOD_ENTRY|[1]|01p2400000D9OJ4|domng_resourceSwitch.domng_resourceSwitch()
15:12:59.0 (6494277)|STATEMENT_EXECUTE|[1]
15:12:59.0 (6500304)|STATEMENT_EXECUTE|[1]
15:12:59.0 (6542357)|HEAP_ALLOCATE|[50]|Bytes:5
15:12:59.0 (6574884)|HEAP_ALLOCATE|[56]|Bytes:5
15:12:59.0 (6589506)|HEAP_ALLOCATE|[64]|Bytes:7
15:12:59.0 (6627306)|SYSTEM_MODE_ENTER|false
15:12:59.0 (6646781)|HEAP_ALLOCATE|[EXTERNAL]|Bytes:5
15:12:59.0 (6657127)|SYSTEM_MODE_EXIT|false
15:12:59.0 (6688930)|METHOD_EXIT|[1]|domng_resourceSwitch
15:12:59.0 (6713699)|HEAP_ALLOCATE|[EXTERNAL]|Bytes:8
15:12:59.0 (6728722)|VARIABLE_SCOPE_BEGIN|[7]|this|domng_resourceSwitch|true|false
15:12:59.0 (6905217)|VARIABLE_ASSIGNMENT|[7]|this|{}|0x5628a52
15:12:59.0 (6920642)|SYSTEM_MODE_ENTER|false
15:12:59.0 (6928232)|HEAP_ALLOCATE|[8]|Bytes:5
15:12:59.0 (6933617)|STATEMENT_EXECUTE|[1]
15:12:59.0 (6938749)|HEAP_ALLOCATE|[8]|Bytes:5
15:12:59.0 (6942177)|STATEMENT_EXECUTE|[3]
15:12:59.0 (6971508)|HEAP_ALLOCATE|[8]|Bytes:6
15:12:59.0 (7008535)|STATEMENT_EXECUTE|[7]
15:12:59.0 (7012744)|STATEMENT_EXECUTE|[8]
15:12:59.0 (7016885)|HEAP_ALLOCATE|[8]|Bytes:7
15:12:59.0 (10012268)|HEAP_ALLOCATE|[8]|Bytes:44
15:12:59.0 (10126541)|VARIABLE_SCOPE_BEGIN|[8]|useLocal|domUseLocalhostResources__c|true|false
15:12:59.0 (10222614)|VARIABLE_ASSIGNMENT|[8]|useLocal|{"s":1,"v":{"LastModifiedDate":"2016-09-05T12:13:30.000Z","IsDeleted":false,"CreatedById":"00524000000tTSFAA2","domUseLocal__c":true,"CreatedDate":"2016-08-31T10:43:53.000Z","Id":"a0K2400000CObagEAD","LastModifiedById":"00524000000tTSFAA2","SetupOwnerId":"00D24000000a59kEAA","Name":"default","SystemModstamp":"2016-09-05T12:13:31.000Z"}}|0x419be7e
15:12:59.0 (10233233)|STATEMENT_EXECUTE|[9]
15:12:59.0 (10544303)|USER_DEBUG|[9]|DEBUG|domUseLocalhostResources__c:{LastModifiedDate=2016-09-05 12:13:30, IsDeleted=false, CreatedById=00524000000tTSFAA2, domUseLocal__c=true, CreatedDate=2016-08-31 10:43:53, Id=a0K2400000CObagEAD, LastModifiedById=00524000000tTSFAA2, SetupOwnerId=00D24000000a59kEAA, Name=default, SystemModstamp=2016-09-05 12:13:31}
15:12:59.0 (10560835)|STATEMENT_EXECUTE|[10]
15:12:59.0 (10627160)|USER_DEBUG|[10]|DEBUG|true
15:12:59.0 (10638010)|STATEMENT_EXECUTE|[11]
15:12:59.0 (10645750)|HEAP_ALLOCATE|[11]|Bytes:8
15:12:59.0 (10674881)|USER_DEBUG|[11]|DEBUG|dom here
15:12:59.0 (10684836)|STATEMENT_EXECUTE|[13]
15:12:59.0 (10798875)|VARIABLE_ASSIGNMENT|[EXTERNAL]|this|{}|0x5628a52
15:12:59.0 (10813654)|VARIABLE_ASSIGNMENT|[EXTERNAL]|value|true
15:12:59.0 (10848620)|VARIABLE_ASSIGNMENT|[3]|this.useLocalResources|true|0x5628a52
15:12:59.0 (10866660)|SYSTEM_MODE_EXIT|false
15:12:59.0 (11471006)|SYSTEM_MODE_ENTER|true
15:12:59.18 (18220174)|CUMULATIVE_LIMIT_USAGE
15:12:59.18 (18220174)|LIMIT_USAGE_FOR_NS|(default)|
  Number of SOQL queries: 0 out of 100
  Number of query rows: 0 out of 50000
  Number of SOSL queries: 0 out of 20
  Number of DML statements: 0 out of 150
  Number of DML rows: 0 out of 10000
  Maximum CPU time: 0 out of 10000
  Maximum heap size: 0 out of 6000000
  Number of callouts: 0 out of 100
  Number of Email Invocations: 0 out of 10
  Number of future calls: 0 out of 50
  Number of queueable jobs added to the queue: 0 out of 50
  Number of Mobile Apex push calls: 0 out of 10

15:12:59.18 (18220174)|CUMULATIVE_LIMIT_USAGE_END

15:12:59.0 (18276701)|CODE_UNIT_FINISHED|VF: /apex/domng_base
15:12:59.0 (19821342)|EXECUTION_FINISHED
