35.0 APEX_CODE,FINEST;APEX_PROFILING,INFO;CALLOUT,INFO;DB,INFO;SYSTEM,DEBUG;VALIDATION,INFO;VISUALFORCE,INFO;WORKFLOW,INFO
15:49:00.0 (691011)|USER_INFO|[EXTERNAL]|00524000000tTSF|swervo@papersnail.co.uk|Greenwich Mean Time|GMT+01:00
15:49:00.0 (727095)|EXECUTION_STARTED
15:49:00.0 (736260)|CODE_UNIT_STARTED|[EXTERNAL]|06624000003kVeS|VF: /apex/domng_base
15:49:00.0 (2980385)|SYSTEM_MODE_ENTER|true
15:49:00.0 (3780163)|HEAP_ALLOCATE|[72]|Bytes:3
15:49:00.0 (3862203)|HEAP_ALLOCATE|[77]|Bytes:152
15:49:00.0 (3879290)|HEAP_ALLOCATE|[342]|Bytes:408
15:49:00.0 (3894327)|HEAP_ALLOCATE|[355]|Bytes:408
15:49:00.0 (3912140)|HEAP_ALLOCATE|[467]|Bytes:48
15:49:00.0 (3950785)|HEAP_ALLOCATE|[139]|Bytes:6
15:49:00.0 (3979167)|HEAP_ALLOCATE|[EXTERNAL]|Bytes:100
15:49:00.0 (4014144)|HEAP_ALLOCATE|[EXTERNAL]|Bytes:3
15:49:00.0 (4018377)|HEAP_ALLOCATE|[EXTERNAL]|Bytes:1
15:49:00.0 (4058639)|METHOD_ENTRY|[1]|01p2400000D9OJ4|domng_resourceSwitch.domng_resourceSwitch()
15:49:00.0 (4066943)|STATEMENT_EXECUTE|[1]
15:49:00.0 (4077611)|STATEMENT_EXECUTE|[1]
15:49:00.0 (4109538)|HEAP_ALLOCATE|[50]|Bytes:5
15:49:00.0 (4133462)|HEAP_ALLOCATE|[56]|Bytes:5
15:49:00.0 (4142900)|HEAP_ALLOCATE|[64]|Bytes:7
15:49:00.0 (4161486)|SYSTEM_MODE_ENTER|false
15:49:00.0 (4185249)|HEAP_ALLOCATE|[EXTERNAL]|Bytes:5
15:49:00.0 (4197255)|SYSTEM_MODE_EXIT|false
15:49:00.0 (4232175)|METHOD_EXIT|[1]|domng_resourceSwitch
15:49:00.0 (4255264)|HEAP_ALLOCATE|[EXTERNAL]|Bytes:8
15:49:00.0 (4267109)|VARIABLE_SCOPE_BEGIN|[7]|this|domng_resourceSwitch|true|false
15:49:00.0 (4329387)|VARIABLE_ASSIGNMENT|[7]|this|{}|0x6ad3f814
15:49:00.0 (4341157)|SYSTEM_MODE_ENTER|false
15:49:00.0 (4346009)|HEAP_ALLOCATE|[8]|Bytes:5
15:49:00.0 (4349700)|STATEMENT_EXECUTE|[1]
15:49:00.0 (4352288)|HEAP_ALLOCATE|[8]|Bytes:5
15:49:00.0 (4353928)|STATEMENT_EXECUTE|[3]
15:49:00.0 (4363054)|HEAP_ALLOCATE|[8]|Bytes:6
15:49:00.0 (4387286)|STATEMENT_EXECUTE|[7]
15:49:00.0 (4389764)|STATEMENT_EXECUTE|[8]
15:49:00.0 (4393899)|HEAP_ALLOCATE|[8]|Bytes:7
15:49:00.0 (5420692)|HEAP_ALLOCATE|[8]|Bytes:44
15:49:00.0 (5455326)|VARIABLE_SCOPE_BEGIN|[8]|useLocal|domUseLocalhostResources__c|true|false
15:49:00.0 (5525921)|VARIABLE_ASSIGNMENT|[8]|useLocal|{"s":1,"v":{"LastModifiedDate":"2016-09-05T12:13:30.000Z","IsDeleted":false,"CreatedById":"00524000000tTSFAA2","domUseLocal__c":true,"CreatedDate":"2016-08-31T10:43:53.000Z","Id":"a0K2400000CObagEAD","LastModifiedById":"00524000000tTSFAA2","SetupOwnerId":"00D24000000a59kEAA","Name":"default","SystemModstamp":"2016-09-05T12:13:31.000Z"}}|0x2f154631
15:49:00.0 (5534986)|STATEMENT_EXECUTE|[9]
15:49:00.0 (5601141)|USER_DEBUG|[9]|DEBUG|true
15:49:00.0 (5608940)|STATEMENT_EXECUTE|[10]
15:49:00.0 (5680399)|VARIABLE_ASSIGNMENT|[EXTERNAL]|this|{}|0x6ad3f814
15:49:00.0 (5688654)|VARIABLE_ASSIGNMENT|[EXTERNAL]|value|true
15:49:00.0 (5713245)|VARIABLE_ASSIGNMENT|[3]|this.useLocalResources|true|0x6ad3f814
15:49:00.0 (5724105)|SYSTEM_MODE_EXIT|false
15:49:00.0 (5982625)|SYSTEM_MODE_ENTER|true
15:49:00.12 (12066870)|CUMULATIVE_LIMIT_USAGE
15:49:00.12 (12066870)|LIMIT_USAGE_FOR_NS|(default)|
  Number of SOQL queries: 0 out of 100
  Number of query rows: 0 out of 50000
  Number of SOSL queries: 0 out of 20
  Number of DML statements: 0 out of 150
  Number of DML rows: 0 out of 10000
  Maximum CPU time: 0 out of 10000
  Maximum heap size: 0 out of 6000000
  Number of callouts: 0 out of 100
  Number of Email Invocations: 0 out of 10
  Number of future calls: 0 out of 50
  Number of queueable jobs added to the queue: 0 out of 50
  Number of Mobile Apex push calls: 0 out of 10

15:49:00.12 (12066870)|CUMULATIVE_LIMIT_USAGE_END

15:49:00.0 (12191818)|CODE_UNIT_FINISHED|VF: /apex/domng_base
15:49:00.0 (13755747)|EXECUTION_FINISHED
