35.0 APEX_CODE,FINEST;APEX_PROFILING,INFO;CALLOUT,INFO;DB,INFO;SYSTEM,DEBUG;VALIDATION,INFO;VISUALFORCE,INFO;WORKFLOW,INFO
15:33:21.0 (126695)|USER_INFO|[EXTERNAL]|00524000000tTSF|swervo@papersnail.co.uk|Greenwich Mean Time|GMT+01:00
15:33:21.0 (179915)|EXECUTION_STARTED
15:33:21.0 (186329)|CODE_UNIT_STARTED|[EXTERNAL]|06624000003kVeS|VF: /apex/domng_base
15:33:21.0 (2955793)|SYSTEM_MODE_ENTER|true
15:33:21.0 (3608692)|HEAP_ALLOCATE|[72]|Bytes:3
15:33:21.0 (3658180)|HEAP_ALLOCATE|[77]|Bytes:152
15:33:21.0 (3685246)|HEAP_ALLOCATE|[342]|Bytes:408
15:33:21.0 (3709934)|HEAP_ALLOCATE|[355]|Bytes:408
15:33:21.0 (3737779)|HEAP_ALLOCATE|[467]|Bytes:48
15:33:21.0 (3777064)|HEAP_ALLOCATE|[139]|Bytes:6
15:33:21.0 (3802442)|HEAP_ALLOCATE|[EXTERNAL]|Bytes:100
15:33:21.0 (3814442)|HEAP_ALLOCATE|[EXTERNAL]|Bytes:3
15:33:21.0 (3818695)|HEAP_ALLOCATE|[EXTERNAL]|Bytes:8
15:33:21.0 (3841761)|METHOD_ENTRY|[1]|01p2400000D9MKy|ngAppResourceComponentController.ngAppResourceComponentController()
15:33:21.0 (3849376)|STATEMENT_EXECUTE|[1]
15:33:21.0 (3855975)|STATEMENT_EXECUTE|[1]
15:33:21.0 (3906244)|HEAP_ALLOCATE|[50]|Bytes:5
15:33:21.0 (3940553)|HEAP_ALLOCATE|[56]|Bytes:5
15:33:21.0 (3955558)|HEAP_ALLOCATE|[64]|Bytes:7
15:33:21.0 (3979516)|SYSTEM_MODE_ENTER|false
15:33:21.0 (4003268)|HEAP_ALLOCATE|[EXTERNAL]|Bytes:5
15:33:21.0 (4018260)|SYSTEM_MODE_EXIT|false
15:33:21.0 (4034225)|METHOD_EXIT|[1]|ngAppResourceComponentController
15:33:21.0 (4058508)|HEAP_ALLOCATE|[EXTERNAL]|Bytes:8
15:33:21.0 (4072361)|VARIABLE_SCOPE_BEGIN|[5]|this|ngAppResourceComponentController|true|false
15:33:21.0 (4144166)|VARIABLE_ASSIGNMENT|[5]|this|{}|0x1f7f8762
15:33:21.0 (4158950)|SYSTEM_MODE_ENTER|false
15:33:21.0 (4165262)|HEAP_ALLOCATE|[6]|Bytes:5
15:33:21.0 (4170697)|STATEMENT_EXECUTE|[1]
15:33:21.0 (4175325)|HEAP_ALLOCATE|[6]|Bytes:5
15:33:21.0 (4179491)|STATEMENT_EXECUTE|[3]
15:33:21.0 (4192037)|HEAP_ALLOCATE|[6]|Bytes:6
15:33:21.0 (4224057)|STATEMENT_EXECUTE|[5]
15:33:21.0 (4227225)|STATEMENT_EXECUTE|[6]
15:33:21.0 (4232350)|HEAP_ALLOCATE|[6]|Bytes:8
15:33:21.0 (4300399)|USER_DEBUG|[6]|DEBUG|dom here
15:33:21.0 (4314059)|STATEMENT_EXECUTE|[7]
15:33:21.0 (4318823)|HEAP_ALLOCATE|[7]|Bytes:7
15:33:21.0 (6700518)|HEAP_ALLOCATE|[7]|Bytes:44
15:33:21.0 (6784731)|VARIABLE_SCOPE_BEGIN|[7]|useLocal|domUseLocalhostResources__c|true|false
15:33:21.0 (6880420)|VARIABLE_ASSIGNMENT|[7]|useLocal|{"s":1,"v":{"LastModifiedDate":"2016-09-05T12:13:30.000Z","IsDeleted":false,"CreatedById":"00524000000tTSFAA2","domUseLocal__c":true,"CreatedDate":"2016-08-31T10:43:53.000Z","Id":"a0K2400000CObagEAD","LastModifiedById":"00524000000tTSFAA2","SetupOwnerId":"00D24000000a59kEAA","Name":"default","SystemModstamp":"2016-09-05T12:13:31.000Z"}}|0x359c79b1
15:33:21.0 (6891278)|STATEMENT_EXECUTE|[8]
15:33:21.0 (7228980)|USER_DEBUG|[8]|DEBUG|domUseLocalhostResources__c:{LastModifiedDate=2016-09-05 12:13:30, IsDeleted=false, CreatedById=00524000000tTSFAA2, domUseLocal__c=true, CreatedDate=2016-08-31 10:43:53, Id=a0K2400000CObagEAD, LastModifiedById=00524000000tTSFAA2, SetupOwnerId=00D24000000a59kEAA, Name=default, SystemModstamp=2016-09-05 12:13:31}
15:33:21.0 (7245624)|STATEMENT_EXECUTE|[9]
15:33:21.0 (7321790)|USER_DEBUG|[9]|DEBUG|true
15:33:21.0 (7338641)|STATEMENT_EXECUTE|[10]
15:33:21.0 (7366623)|USER_DEBUG|[10]|DEBUG|dom here
15:33:21.0 (7376503)|STATEMENT_EXECUTE|[12]
15:33:21.0 (7503782)|VARIABLE_ASSIGNMENT|[EXTERNAL]|this|{}|0x1f7f8762
15:33:21.0 (7518810)|VARIABLE_ASSIGNMENT|[EXTERNAL]|value|true
15:33:21.0 (7539741)|VARIABLE_ASSIGNMENT|[3]|this.useLocalResources|true|0x1f7f8762
15:33:21.0 (7561360)|SYSTEM_MODE_EXIT|false
15:33:21.0 (7888026)|SYSTEM_MODE_ENTER|true
15:33:21.12 (12764958)|CUMULATIVE_LIMIT_USAGE
15:33:21.12 (12764958)|LIMIT_USAGE_FOR_NS|(default)|
  Number of SOQL queries: 0 out of 100
  Number of query rows: 0 out of 50000
  Number of SOSL queries: 0 out of 20
  Number of DML statements: 0 out of 150
  Number of DML rows: 0 out of 10000
  Maximum CPU time: 0 out of 10000
  Maximum heap size: 0 out of 6000000
  Number of callouts: 0 out of 100
  Number of Email Invocations: 0 out of 10
  Number of future calls: 0 out of 50
  Number of queueable jobs added to the queue: 0 out of 50
  Number of Mobile Apex push calls: 0 out of 10

15:33:21.12 (12764958)|CUMULATIVE_LIMIT_USAGE_END

15:33:21.0 (12828414)|CODE_UNIT_FINISHED|VF: /apex/domng_base
15:33:21.0 (14595472)|EXECUTION_FINISHED
