35.0 APEX_CODE,FINEST;APEX_PROFILING,INFO;CALLOUT,INFO;DB,INFO;SYSTEM,DEBUG;VALIDATION,INFO;VISUALFORCE,INFO;WORKFLOW,INFO
15:38:15.1 (1006859)|USER_INFO|[EXTERNAL]|00524000000tTSF|swervo@papersnail.co.uk|Greenwich Mean Time|GMT+01:00
15:38:15.1 (1094443)|EXECUTION_STARTED
15:38:15.1 (1101992)|CODE_UNIT_STARTED|[EXTERNAL]|06624000003kVeS|VF: /apex/domng_base
15:38:15.1 (36167761)|SYSTEM_MODE_ENTER|true
15:38:15.1 (37365888)|HEAP_ALLOCATE|[72]|Bytes:3
15:38:15.1 (37473064)|HEAP_ALLOCATE|[77]|Bytes:152
15:38:15.1 (37503521)|HEAP_ALLOCATE|[342]|Bytes:408
15:38:15.1 (37531532)|HEAP_ALLOCATE|[355]|Bytes:408
15:38:15.1 (37556727)|HEAP_ALLOCATE|[467]|Bytes:48
15:38:15.1 (37604832)|HEAP_ALLOCATE|[139]|Bytes:6
15:38:15.1 (37627405)|HEAP_ALLOCATE|[EXTERNAL]|Bytes:100
15:38:15.1 (37659541)|HEAP_ALLOCATE|[EXTERNAL]|Bytes:3
15:38:15.1 (37663076)|HEAP_ALLOCATE|[EXTERNAL]|Bytes:7
15:38:15.1 (37700497)|METHOD_ENTRY|[1]|01p2400000D9OJ4|domng_resourceSwitch.domng_resourceSwitch()
15:38:15.1 (37706785)|STATEMENT_EXECUTE|[1]
15:38:15.1 (37712261)|STATEMENT_EXECUTE|[1]
15:38:15.1 (37757812)|HEAP_ALLOCATE|[50]|Bytes:5
15:38:15.1 (37778104)|HEAP_ALLOCATE|[56]|Bytes:5
15:38:15.1 (37787430)|HEAP_ALLOCATE|[64]|Bytes:7
15:38:15.1 (37805265)|SYSTEM_MODE_ENTER|false
15:38:15.1 (37825923)|HEAP_ALLOCATE|[EXTERNAL]|Bytes:5
15:38:15.1 (37832617)|SYSTEM_MODE_EXIT|false
15:38:15.1 (37860896)|METHOD_EXIT|[1]|domng_resourceSwitch
15:38:15.1 (37883614)|HEAP_ALLOCATE|[EXTERNAL]|Bytes:8
15:38:15.1 (37896672)|VARIABLE_SCOPE_BEGIN|[7]|this|domng_resourceSwitch|true|false
15:38:15.1 (38061734)|VARIABLE_ASSIGNMENT|[7]|this|{}|0x1ade315
15:38:15.1 (38074129)|SYSTEM_MODE_ENTER|false
15:38:15.1 (38079424)|HEAP_ALLOCATE|[8]|Bytes:5
15:38:15.1 (38083654)|STATEMENT_EXECUTE|[1]
15:38:15.1 (38086534)|HEAP_ALLOCATE|[8]|Bytes:5
15:38:15.1 (38088483)|STATEMENT_EXECUTE|[3]
15:38:15.1 (38098324)|HEAP_ALLOCATE|[8]|Bytes:6
15:38:15.1 (38123465)|STATEMENT_EXECUTE|[7]
15:38:15.1 (38125708)|STATEMENT_EXECUTE|[8]
15:38:15.1 (38128674)|HEAP_ALLOCATE|[8]|Bytes:7
15:38:15.1 (40626643)|HEAP_ALLOCATE|[8]|Bytes:44
15:38:15.1 (40712668)|VARIABLE_SCOPE_BEGIN|[8]|useLocal|domUseLocalhostResources__c|true|false
15:38:15.1 (40803085)|VARIABLE_ASSIGNMENT|[8]|useLocal|{"s":1,"v":{"LastModifiedDate":"2016-09-05T12:13:30.000Z","IsDeleted":false,"CreatedById":"00524000000tTSFAA2","domUseLocal__c":true,"CreatedDate":"2016-08-31T10:43:53.000Z","Id":"a0K2400000CObagEAD","LastModifiedById":"00524000000tTSFAA2","SetupOwnerId":"00D24000000a59kEAA","Name":"default","SystemModstamp":"2016-09-05T12:13:31.000Z"}}|0x5ddcd27f
15:38:15.1 (40812312)|STATEMENT_EXECUTE|[9]
15:38:15.1 (41083609)|USER_DEBUG|[9]|DEBUG|domUseLocalhostResources__c:{LastModifiedDate=2016-09-05 12:13:30, IsDeleted=false, CreatedById=00524000000tTSFAA2, domUseLocal__c=true, CreatedDate=2016-08-31 10:43:53, Id=a0K2400000CObagEAD, LastModifiedById=00524000000tTSFAA2, SetupOwnerId=00D24000000a59kEAA, Name=default, SystemModstamp=2016-09-05 12:13:31}
15:38:15.1 (41104545)|STATEMENT_EXECUTE|[10]
15:38:15.1 (41176980)|USER_DEBUG|[10]|DEBUG|true
15:38:15.1 (41190558)|STATEMENT_EXECUTE|[11]
15:38:15.1 (41198865)|HEAP_ALLOCATE|[11]|Bytes:8
15:38:15.1 (41233703)|USER_DEBUG|[11]|DEBUG|dom here
15:38:15.1 (41245529)|STATEMENT_EXECUTE|[13]
15:38:15.1 (41370749)|VARIABLE_ASSIGNMENT|[EXTERNAL]|this|{}|0x1ade315
15:38:15.1 (41382903)|VARIABLE_ASSIGNMENT|[EXTERNAL]|value|true
15:38:15.1 (41425981)|VARIABLE_ASSIGNMENT|[3]|this.useLocalResources|true|0x1ade315
15:38:15.1 (41445846)|SYSTEM_MODE_EXIT|false
15:38:15.1 (41677479)|SYSTEM_MODE_ENTER|true
15:38:15.47 (47216672)|CUMULATIVE_LIMIT_USAGE
15:38:15.47 (47216672)|LIMIT_USAGE_FOR_NS|(default)|
  Number of SOQL queries: 0 out of 100
  Number of query rows: 0 out of 50000
  Number of SOSL queries: 0 out of 20
  Number of DML statements: 0 out of 150
  Number of DML rows: 0 out of 10000
  Maximum CPU time: 0 out of 10000
  Maximum heap size: 0 out of 6000000
  Number of callouts: 0 out of 100
  Number of Email Invocations: 0 out of 10
  Number of future calls: 0 out of 50
  Number of queueable jobs added to the queue: 0 out of 50
  Number of Mobile Apex push calls: 0 out of 10

15:38:15.47 (47216672)|CUMULATIVE_LIMIT_USAGE_END

15:38:15.1 (47287942)|CODE_UNIT_FINISHED|VF: /apex/domng_base
15:38:15.1 (48697829)|EXECUTION_FINISHED
