35.0 APEX_CODE,FINEST;APEX_PROFILING,INFO;CALLOUT,INFO;DB,INFO;SYSTEM,DEBUG;VALIDATION,INFO;VISUALFORCE,INFO;WORKFLOW,INFO
15:45:16.0 (758432)|USER_INFO|[EXTERNAL]|00524000000tTSF|swervo@papersnail.co.uk|Greenwich Mean Time|GMT+01:00
15:45:16.0 (807261)|EXECUTION_STARTED
15:45:16.0 (814385)|CODE_UNIT_STARTED|[EXTERNAL]|06624000003kVeS|VF: /apex/domng_base
15:45:16.0 (28091076)|SYSTEM_MODE_ENTER|true
15:45:16.0 (28888979)|HEAP_ALLOCATE|[72]|Bytes:3
15:45:16.0 (28962617)|HEAP_ALLOCATE|[77]|Bytes:152
15:45:16.0 (28978946)|HEAP_ALLOCATE|[342]|Bytes:408
15:45:16.0 (28995978)|HEAP_ALLOCATE|[355]|Bytes:408
15:45:16.0 (29011900)|HEAP_ALLOCATE|[467]|Bytes:48
15:45:16.0 (29043969)|HEAP_ALLOCATE|[139]|Bytes:6
15:45:16.0 (29062206)|HEAP_ALLOCATE|[EXTERNAL]|Bytes:100
15:45:16.0 (29088227)|HEAP_ALLOCATE|[EXTERNAL]|Bytes:3
15:45:16.0 (29091304)|HEAP_ALLOCATE|[EXTERNAL]|Bytes:7
15:45:16.0 (29119871)|METHOD_ENTRY|[1]|01p2400000D9OJ4|domng_resourceSwitch.domng_resourceSwitch()
15:45:16.0 (29125452)|STATEMENT_EXECUTE|[1]
15:45:16.0 (29130450)|STATEMENT_EXECUTE|[1]
15:45:16.0 (29164063)|HEAP_ALLOCATE|[50]|Bytes:5
15:45:16.0 (29184492)|HEAP_ALLOCATE|[56]|Bytes:5
15:45:16.0 (29193178)|HEAP_ALLOCATE|[64]|Bytes:7
15:45:16.0 (29209671)|SYSTEM_MODE_ENTER|false
15:45:16.0 (29231578)|HEAP_ALLOCATE|[EXTERNAL]|Bytes:5
15:45:16.0 (29237656)|SYSTEM_MODE_EXIT|false
15:45:16.0 (29260020)|METHOD_EXIT|[1]|domng_resourceSwitch
15:45:16.0 (29280812)|HEAP_ALLOCATE|[EXTERNAL]|Bytes:8
15:45:16.0 (29292069)|VARIABLE_SCOPE_BEGIN|[7]|this|domng_resourceSwitch|true|false
15:45:16.0 (29436608)|VARIABLE_ASSIGNMENT|[7]|this|{}|0x1159eeff
15:45:16.0 (29448783)|SYSTEM_MODE_ENTER|false
15:45:16.0 (29454108)|HEAP_ALLOCATE|[8]|Bytes:5
15:45:16.0 (29457874)|STATEMENT_EXECUTE|[1]
15:45:16.0 (29460637)|HEAP_ALLOCATE|[8]|Bytes:5
15:45:16.0 (29462400)|STATEMENT_EXECUTE|[3]
15:45:16.0 (29475039)|HEAP_ALLOCATE|[8]|Bytes:6
15:45:16.0 (29499614)|STATEMENT_EXECUTE|[7]
15:45:16.0 (29501476)|STATEMENT_EXECUTE|[8]
15:45:16.0 (29504296)|HEAP_ALLOCATE|[8]|Bytes:7
15:45:16.0 (32307169)|HEAP_ALLOCATE|[8]|Bytes:44
15:45:16.0 (32381915)|VARIABLE_SCOPE_BEGIN|[8]|useLocal|domUseLocalhostResources__c|true|false
15:45:16.0 (32452998)|VARIABLE_ASSIGNMENT|[8]|useLocal|{"s":1,"v":{"LastModifiedDate":"2016-09-05T12:13:30.000Z","IsDeleted":false,"CreatedById":"00524000000tTSFAA2","domUseLocal__c":true,"CreatedDate":"2016-08-31T10:43:53.000Z","Id":"a0K2400000CObagEAD","LastModifiedById":"00524000000tTSFAA2","SetupOwnerId":"00D24000000a59kEAA","Name":"default","SystemModstamp":"2016-09-05T12:13:31.000Z"}}|0x1ae58a19
15:45:16.0 (32461156)|STATEMENT_EXECUTE|[9]
15:45:16.0 (32680363)|USER_DEBUG|[9]|DEBUG|domUseLocalhostResources__c:{LastModifiedDate=2016-09-05 12:13:30, IsDeleted=false, CreatedById=00524000000tTSFAA2, domUseLocal__c=true, CreatedDate=2016-08-31 10:43:53, Id=a0K2400000CObagEAD, LastModifiedById=00524000000tTSFAA2, SetupOwnerId=00D24000000a59kEAA, Name=default, SystemModstamp=2016-09-05 12:13:31}
15:45:16.0 (32691564)|STATEMENT_EXECUTE|[10]
15:45:16.0 (32733754)|USER_DEBUG|[10]|DEBUG|true
15:45:16.0 (32740243)|STATEMENT_EXECUTE|[11]
15:45:16.0 (32745641)|HEAP_ALLOCATE|[11]|Bytes:8
15:45:16.0 (32770583)|USER_DEBUG|[11]|DEBUG|dom here
15:45:16.0 (32778539)|STATEMENT_EXECUTE|[13]
15:45:16.0 (32901374)|VARIABLE_ASSIGNMENT|[EXTERNAL]|this|{}|0x1159eeff
15:45:16.0 (32915766)|VARIABLE_ASSIGNMENT|[EXTERNAL]|value|true
15:45:16.0 (32935060)|VARIABLE_ASSIGNMENT|[3]|this.useLocalResources|true|0x1159eeff
15:45:16.0 (32949977)|SYSTEM_MODE_EXIT|false
15:45:16.0 (33194193)|SYSTEM_MODE_ENTER|true
15:45:16.36 (36716540)|CUMULATIVE_LIMIT_USAGE
15:45:16.36 (36716540)|LIMIT_USAGE_FOR_NS|(default)|
  Number of SOQL queries: 0 out of 100
  Number of query rows: 0 out of 50000
  Number of SOSL queries: 0 out of 20
  Number of DML statements: 0 out of 150
  Number of DML rows: 0 out of 10000
  Maximum CPU time: 0 out of 10000
  Maximum heap size: 0 out of 6000000
  Number of callouts: 0 out of 100
  Number of Email Invocations: 0 out of 10
  Number of future calls: 0 out of 50
  Number of queueable jobs added to the queue: 0 out of 50
  Number of Mobile Apex push calls: 0 out of 10

15:45:16.36 (36716540)|CUMULATIVE_LIMIT_USAGE_END

15:45:16.0 (36775849)|CODE_UNIT_FINISHED|VF: /apex/domng_base
15:45:16.0 (37998642)|EXECUTION_FINISHED
