35.0 APEX_CODE,FINEST;APEX_PROFILING,INFO;CALLOUT,INFO;DB,INFO;SYSTEM,DEBUG;VALIDATION,INFO;VISUALFORCE,INFO;WORKFLOW,INFO
15:25:26.0 (628642)|USER_INFO|[EXTERNAL]|00524000000tTSF|swervo@papersnail.co.uk|Greenwich Mean Time|GMT+01:00
15:25:26.0 (675420)|EXECUTION_STARTED
15:25:26.0 (681417)|CODE_UNIT_STARTED|[EXTERNAL]|06624000003kVeS|VF: /apex/domng_base
15:25:26.0 (3975607)|SYSTEM_MODE_ENTER|true
15:25:26.0 (4526954)|HEAP_ALLOCATE|[72]|Bytes:3
15:25:26.0 (4575076)|HEAP_ALLOCATE|[77]|Bytes:152
15:25:26.0 (4591306)|HEAP_ALLOCATE|[342]|Bytes:408
15:25:26.0 (4605925)|HEAP_ALLOCATE|[355]|Bytes:408
15:25:26.0 (4619559)|HEAP_ALLOCATE|[467]|Bytes:48
15:25:26.0 (4647698)|HEAP_ALLOCATE|[139]|Bytes:6
15:25:26.0 (4663226)|HEAP_ALLOCATE|[EXTERNAL]|Bytes:100
15:25:26.0 (4667787)|HEAP_ALLOCATE|[EXTERNAL]|Bytes:3
15:25:26.0 (4670303)|HEAP_ALLOCATE|[EXTERNAL]|Bytes:7
15:25:26.0 (4685179)|METHOD_ENTRY|[1]|01p2400000D9OJ4|domng_resourceSwitch.domng_resourceSwitch()
15:25:26.0 (4689757)|STATEMENT_EXECUTE|[1]
15:25:26.0 (4698325)|STATEMENT_EXECUTE|[1]
15:25:26.0 (4730285)|HEAP_ALLOCATE|[50]|Bytes:5
15:25:26.0 (4758202)|HEAP_ALLOCATE|[56]|Bytes:5
15:25:26.0 (4766302)|HEAP_ALLOCATE|[64]|Bytes:7
15:25:26.0 (4784064)|SYSTEM_MODE_ENTER|false
15:25:26.0 (4805276)|HEAP_ALLOCATE|[EXTERNAL]|Bytes:5
15:25:26.0 (4812395)|SYSTEM_MODE_EXIT|false
15:25:26.0 (4821444)|METHOD_EXIT|[1]|domng_resourceSwitch
15:25:26.0 (4839562)|HEAP_ALLOCATE|[EXTERNAL]|Bytes:8
15:25:26.0 (4852485)|VARIABLE_SCOPE_BEGIN|[7]|this|domng_resourceSwitch|true|false
15:25:26.0 (4918535)|VARIABLE_ASSIGNMENT|[7]|this|{}|0x126da36e
15:25:26.0 (4929454)|SYSTEM_MODE_ENTER|false
15:25:26.0 (4933822)|HEAP_ALLOCATE|[8]|Bytes:5
15:25:26.0 (4937149)|STATEMENT_EXECUTE|[1]
15:25:26.0 (4939496)|HEAP_ALLOCATE|[8]|Bytes:5
15:25:26.0 (4941194)|STATEMENT_EXECUTE|[3]
15:25:26.0 (4950511)|HEAP_ALLOCATE|[8]|Bytes:6
15:25:26.0 (4973471)|STATEMENT_EXECUTE|[7]
15:25:26.0 (4975236)|STATEMENT_EXECUTE|[8]
15:25:26.0 (4977773)|HEAP_ALLOCATE|[8]|Bytes:7
15:25:26.0 (7253399)|HEAP_ALLOCATE|[8]|Bytes:44
15:25:26.0 (7287763)|VARIABLE_SCOPE_BEGIN|[8]|useLocal|domUseLocalhostResources__c|true|false
15:25:26.0 (7363113)|VARIABLE_ASSIGNMENT|[8]|useLocal|{"s":1,"v":{"LastModifiedDate":"2016-09-05T12:13:30.000Z","IsDeleted":false,"CreatedById":"00524000000tTSFAA2","domUseLocal__c":true,"CreatedDate":"2016-08-31T10:43:53.000Z","Id":"a0K2400000CObagEAD","LastModifiedById":"00524000000tTSFAA2","SetupOwnerId":"00D24000000a59kEAA","Name":"default","SystemModstamp":"2016-09-05T12:13:31.000Z"}}|0x74cb28d0
15:25:26.0 (7370436)|STATEMENT_EXECUTE|[9]
15:25:26.0 (7586719)|USER_DEBUG|[9]|DEBUG|domUseLocalhostResources__c:{LastModifiedDate=2016-09-05 12:13:30, IsDeleted=false, CreatedById=00524000000tTSFAA2, domUseLocal__c=true, CreatedDate=2016-08-31 10:43:53, Id=a0K2400000CObagEAD, LastModifiedById=00524000000tTSFAA2, SetupOwnerId=00D24000000a59kEAA, Name=default, SystemModstamp=2016-09-05 12:13:31}
15:25:26.0 (7597656)|STATEMENT_EXECUTE|[10]
15:25:26.0 (7648495)|USER_DEBUG|[10]|DEBUG|true
15:25:26.0 (7655010)|STATEMENT_EXECUTE|[11]
15:25:26.0 (7660789)|HEAP_ALLOCATE|[11]|Bytes:8
15:25:26.0 (7676877)|USER_DEBUG|[11]|DEBUG|dom here
15:25:26.0 (7681895)|STATEMENT_EXECUTE|[13]
15:25:26.0 (7777883)|VARIABLE_ASSIGNMENT|[EXTERNAL]|this|{}|0x126da36e
15:25:26.0 (7786098)|VARIABLE_ASSIGNMENT|[EXTERNAL]|value|true
15:25:26.0 (7800236)|VARIABLE_ASSIGNMENT|[3]|this.useLocalResources|true|0x126da36e
15:25:26.0 (7812057)|SYSTEM_MODE_EXIT|false
15:25:26.0 (8079133)|SYSTEM_MODE_ENTER|true
15:25:26.11 (11940403)|CUMULATIVE_LIMIT_USAGE
15:25:26.11 (11940403)|LIMIT_USAGE_FOR_NS|(default)|
  Number of SOQL queries: 0 out of 100
  Number of query rows: 0 out of 50000
  Number of SOSL queries: 0 out of 20
  Number of DML statements: 0 out of 150
  Number of DML rows: 0 out of 10000
  Maximum CPU time: 0 out of 10000
  Maximum heap size: 0 out of 6000000
  Number of callouts: 0 out of 100
  Number of Email Invocations: 0 out of 10
  Number of future calls: 0 out of 50
  Number of queueable jobs added to the queue: 0 out of 50
  Number of Mobile Apex push calls: 0 out of 10

15:25:26.11 (11940403)|CUMULATIVE_LIMIT_USAGE_END

15:25:26.0 (11995187)|CODE_UNIT_FINISHED|VF: /apex/domng_base
15:25:26.0 (13293019)|EXECUTION_FINISHED
