35.0 APEX_CODE,FINEST;APEX_PROFILING,INFO;CALLOUT,INFO;DB,INFO;SYSTEM,DEBUG;VALIDATION,INFO;VISUALFORCE,INFO;WORKFLOW,INFO
15:37:14.0 (646212)|USER_INFO|[EXTERNAL]|00524000000tTSF|swervo@papersnail.co.uk|Greenwich Mean Time|GMT+01:00
15:37:14.0 (678633)|EXECUTION_STARTED
15:37:14.0 (683383)|CODE_UNIT_STARTED|[EXTERNAL]|06624000003kVeS|VF: /apex/domng_base
15:37:14.0 (3254067)|SYSTEM_MODE_ENTER|true
15:37:14.0 (4037430)|HEAP_ALLOCATE|[72]|Bytes:3
15:37:14.0 (4119196)|HEAP_ALLOCATE|[77]|Bytes:152
15:37:14.0 (4142760)|HEAP_ALLOCATE|[342]|Bytes:408
15:37:14.0 (4162932)|HEAP_ALLOCATE|[355]|Bytes:408
15:37:14.0 (4178958)|HEAP_ALLOCATE|[467]|Bytes:48
15:37:14.0 (4207100)|HEAP_ALLOCATE|[139]|Bytes:6
15:37:14.0 (4224096)|HEAP_ALLOCATE|[EXTERNAL]|Bytes:100
15:37:14.0 (4249844)|HEAP_ALLOCATE|[EXTERNAL]|Bytes:3
15:37:14.0 (4252507)|HEAP_ALLOCATE|[EXTERNAL]|Bytes:8
15:37:14.0 (4280075)|METHOD_ENTRY|[1]|01p2400000D9MKy|ngAppResourceComponentController.ngAppResourceComponentController()
15:37:14.0 (4284988)|STATEMENT_EXECUTE|[1]
15:37:14.0 (4292395)|STATEMENT_EXECUTE|[1]
15:37:14.0 (4329352)|HEAP_ALLOCATE|[50]|Bytes:5
15:37:14.0 (4362800)|HEAP_ALLOCATE|[56]|Bytes:5
15:37:14.0 (4373186)|HEAP_ALLOCATE|[64]|Bytes:7
15:37:14.0 (4392580)|SYSTEM_MODE_ENTER|false
15:37:14.0 (4411784)|HEAP_ALLOCATE|[EXTERNAL]|Bytes:5
15:37:14.0 (4418186)|SYSTEM_MODE_EXIT|false
15:37:14.0 (4441673)|METHOD_EXIT|[1]|ngAppResourceComponentController
15:37:14.0 (4460230)|HEAP_ALLOCATE|[EXTERNAL]|Bytes:8
15:37:14.0 (4471967)|VARIABLE_SCOPE_BEGIN|[5]|this|ngAppResourceComponentController|true|false
15:37:14.0 (4599319)|VARIABLE_ASSIGNMENT|[5]|this|{}|0x4d8e54c0
15:37:14.0 (4610430)|SYSTEM_MODE_ENTER|false
15:37:14.0 (4615148)|HEAP_ALLOCATE|[6]|Bytes:5
15:37:14.0 (4620113)|STATEMENT_EXECUTE|[1]
15:37:14.0 (4625123)|HEAP_ALLOCATE|[6]|Bytes:5
15:37:14.0 (4627835)|STATEMENT_EXECUTE|[3]
15:37:14.0 (4639486)|HEAP_ALLOCATE|[6]|Bytes:6
15:37:14.0 (4662461)|STATEMENT_EXECUTE|[5]
15:37:14.0 (4664087)|STATEMENT_EXECUTE|[6]
15:37:14.0 (4667237)|HEAP_ALLOCATE|[6]|Bytes:8
15:37:14.0 (4774890)|USER_DEBUG|[6]|DEBUG|dom here
15:37:14.0 (4808756)|STATEMENT_EXECUTE|[7]
15:37:14.0 (4813038)|HEAP_ALLOCATE|[7]|Bytes:7
15:37:14.0 (6695240)|HEAP_ALLOCATE|[7]|Bytes:44
15:37:14.0 (6742747)|VARIABLE_SCOPE_BEGIN|[7]|useLocal|domUseLocalhostResources__c|true|false
15:37:14.0 (6805201)|VARIABLE_ASSIGNMENT|[7]|useLocal|{"s":1,"v":{"LastModifiedDate":"2016-09-05T12:13:30.000Z","IsDeleted":false,"CreatedById":"00524000000tTSFAA2","domUseLocal__c":true,"CreatedDate":"2016-08-31T10:43:53.000Z","Id":"a0K2400000CObagEAD","LastModifiedById":"00524000000tTSFAA2","SetupOwnerId":"00D24000000a59kEAA","Name":"default","SystemModstamp":"2016-09-05T12:13:31.000Z"}}|0x36a4c54
15:37:14.0 (6811994)|STATEMENT_EXECUTE|[8]
15:37:14.0 (6987528)|USER_DEBUG|[8]|DEBUG|domUseLocalhostResources__c:{LastModifiedDate=2016-09-05 12:13:30, IsDeleted=false, CreatedById=00524000000tTSFAA2, domUseLocal__c=true, CreatedDate=2016-08-31 10:43:53, Id=a0K2400000CObagEAD, LastModifiedById=00524000000tTSFAA2, SetupOwnerId=00D24000000a59kEAA, Name=default, SystemModstamp=2016-09-05 12:13:31}
15:37:14.0 (6997849)|STATEMENT_EXECUTE|[9]
15:37:14.0 (7042289)|USER_DEBUG|[9]|DEBUG|true
15:37:14.0 (7049778)|STATEMENT_EXECUTE|[10]
15:37:14.0 (7063597)|USER_DEBUG|[10]|DEBUG|dom here
15:37:14.0 (7068550)|STATEMENT_EXECUTE|[12]
15:37:14.0 (7136117)|VARIABLE_ASSIGNMENT|[EXTERNAL]|this|{}|0x4d8e54c0
15:37:14.0 (7145595)|VARIABLE_ASSIGNMENT|[EXTERNAL]|value|true
15:37:14.0 (7156596)|VARIABLE_ASSIGNMENT|[3]|this.useLocalResources|true|0x4d8e54c0
15:37:14.0 (7166003)|SYSTEM_MODE_EXIT|false
15:37:14.0 (7378679)|SYSTEM_MODE_ENTER|true
15:37:14.10 (10996306)|CUMULATIVE_LIMIT_USAGE
15:37:14.10 (10996306)|LIMIT_USAGE_FOR_NS|(default)|
  Number of SOQL queries: 0 out of 100
  Number of query rows: 0 out of 50000
  Number of SOSL queries: 0 out of 20
  Number of DML statements: 0 out of 150
  Number of DML rows: 0 out of 10000
  Maximum CPU time: 0 out of 10000
  Maximum heap size: 0 out of 6000000
  Number of callouts: 0 out of 100
  Number of Email Invocations: 0 out of 10
  Number of future calls: 0 out of 50
  Number of queueable jobs added to the queue: 0 out of 50
  Number of Mobile Apex push calls: 0 out of 10

15:37:14.10 (10996306)|CUMULATIVE_LIMIT_USAGE_END

15:37:14.0 (11065903)|CODE_UNIT_FINISHED|VF: /apex/domng_base
15:37:14.0 (13180706)|EXECUTION_FINISHED
