35.0 APEX_CODE,FINEST;APEX_PROFILING,INFO;CALLOUT,INFO;DB,INFO;SYSTEM,DEBUG;VALIDATION,INFO;VISUALFORCE,INFO;WORKFLOW,INFO
15:06:41.0 (123882)|USER_INFO|[EXTERNAL]|00524000000tTSF|swervo@papersnail.co.uk|Greenwich Mean Time|GMT+01:00
15:06:41.0 (163890)|EXECUTION_STARTED
15:06:41.0 (168229)|CODE_UNIT_STARTED|[EXTERNAL]|06624000003kVeS|VF: /apex/domng_base
15:06:41.0 (2962324)|SYSTEM_MODE_ENTER|true
15:06:41.0 (3774092)|HEAP_ALLOCATE|[72]|Bytes:3
15:06:41.0 (3811249)|HEAP_ALLOCATE|[77]|Bytes:152
15:06:41.0 (3828103)|HEAP_ALLOCATE|[342]|Bytes:408
15:06:41.0 (3848946)|HEAP_ALLOCATE|[355]|Bytes:408
15:06:41.0 (3868488)|HEAP_ALLOCATE|[467]|Bytes:48
15:06:41.0 (3898114)|HEAP_ALLOCATE|[139]|Bytes:6
15:06:41.0 (3954293)|HEAP_ALLOCATE|[EXTERNAL]|Bytes:100
15:06:41.0 (3959808)|HEAP_ALLOCATE|[EXTERNAL]|Bytes:3
15:06:41.0 (3962312)|HEAP_ALLOCATE|[EXTERNAL]|Bytes:7
15:06:41.0 (3978229)|METHOD_ENTRY|[1]|01p2400000D9OJ4|domng_resourceSwitch.domng_resourceSwitch()
15:06:41.0 (3982623)|STATEMENT_EXECUTE|[1]
15:06:41.0 (3986978)|STATEMENT_EXECUTE|[1]
15:06:41.0 (4024555)|HEAP_ALLOCATE|[50]|Bytes:5
15:06:41.0 (4048432)|HEAP_ALLOCATE|[56]|Bytes:5
15:06:41.0 (4057438)|HEAP_ALLOCATE|[64]|Bytes:7
15:06:41.0 (4075250)|SYSTEM_MODE_ENTER|false
15:06:41.0 (4090770)|HEAP_ALLOCATE|[EXTERNAL]|Bytes:5
15:06:41.0 (4098150)|SYSTEM_MODE_EXIT|false
15:06:41.0 (4111128)|METHOD_EXIT|[1]|domng_resourceSwitch
15:06:41.0 (4119951)|HEAP_ALLOCATE|[EXTERNAL]|Bytes:8
15:06:41.0 (4131438)|VARIABLE_SCOPE_BEGIN|[7]|this|domng_resourceSwitch|true|false
15:06:41.0 (4205022)|VARIABLE_ASSIGNMENT|[7]|this|{}|0x785d666d
15:06:41.0 (4220168)|SYSTEM_MODE_ENTER|false
15:06:41.0 (4227535)|HEAP_ALLOCATE|[8]|Bytes:5
15:06:41.0 (4232370)|STATEMENT_EXECUTE|[1]
15:06:41.0 (4236719)|HEAP_ALLOCATE|[8]|Bytes:5
15:06:41.0 (4239617)|STATEMENT_EXECUTE|[3]
15:06:41.0 (4253767)|HEAP_ALLOCATE|[8]|Bytes:6
15:06:41.0 (4283267)|STATEMENT_EXECUTE|[7]
15:06:41.0 (4285508)|STATEMENT_EXECUTE|[8]
15:06:41.0 (4288678)|HEAP_ALLOCATE|[8]|Bytes:7
15:06:41.0 (5323187)|HEAP_ALLOCATE|[8]|Bytes:44
15:06:41.0 (5341184)|VARIABLE_SCOPE_BEGIN|[8]|useLocal|domUseLocalhostResources__c|true|false
15:06:41.0 (5395396)|VARIABLE_ASSIGNMENT|[8]|useLocal|{"s":1,"v":{"LastModifiedDate":"2016-09-05T12:13:30.000Z","IsDeleted":false,"CreatedById":"00524000000tTSFAA2","domUseLocal__c":true,"CreatedDate":"2016-08-31T10:43:53.000Z","Id":"a0K2400000CObagEAD","LastModifiedById":"00524000000tTSFAA2","SetupOwnerId":"00D24000000a59kEAA","Name":"default","SystemModstamp":"2016-09-05T12:13:31.000Z"}}|0xb191294
15:06:41.0 (5400905)|STATEMENT_EXECUTE|[9]
15:06:41.0 (5608662)|USER_DEBUG|[9]|DEBUG|domUseLocalhostResources__c:{LastModifiedDate=2016-09-05 12:13:30, IsDeleted=false, CreatedById=00524000000tTSFAA2, domUseLocal__c=true, CreatedDate=2016-08-31 10:43:53, Id=a0K2400000CObagEAD, LastModifiedById=00524000000tTSFAA2, SetupOwnerId=00D24000000a59kEAA, Name=default, SystemModstamp=2016-09-05 12:13:31}
15:06:41.0 (5620474)|STATEMENT_EXECUTE|[10]
15:06:41.0 (5669380)|USER_DEBUG|[10]|DEBUG|true
15:06:41.0 (5676129)|STATEMENT_EXECUTE|[11]
15:06:41.0 (5679966)|HEAP_ALLOCATE|[11]|Bytes:8
15:06:41.0 (5695552)|USER_DEBUG|[11]|DEBUG|dom here
15:06:41.0 (5700855)|STATEMENT_EXECUTE|[13]
15:06:41.0 (5741120)|VARIABLE_ASSIGNMENT|[EXTERNAL]|this|{}|0x785d666d
15:06:41.0 (5747690)|VARIABLE_ASSIGNMENT|[EXTERNAL]|value|true
15:06:41.0 (5759407)|VARIABLE_ASSIGNMENT|[3]|this.useLocalResources|true|0x785d666d
15:06:41.0 (5768303)|SYSTEM_MODE_EXIT|false
15:06:41.0 (6153741)|SYSTEM_MODE_ENTER|true
15:06:41.10 (10481778)|CUMULATIVE_LIMIT_USAGE
15:06:41.10 (10481778)|LIMIT_USAGE_FOR_NS|(default)|
  Number of SOQL queries: 0 out of 100
  Number of query rows: 0 out of 50000
  Number of SOSL queries: 0 out of 20
  Number of DML statements: 0 out of 150
  Number of DML rows: 0 out of 10000
  Maximum CPU time: 0 out of 10000
  Maximum heap size: 0 out of 6000000
  Number of callouts: 0 out of 100
  Number of Email Invocations: 0 out of 10
  Number of future calls: 0 out of 50
  Number of queueable jobs added to the queue: 0 out of 50
  Number of Mobile Apex push calls: 0 out of 10

15:06:41.10 (10481778)|CUMULATIVE_LIMIT_USAGE_END

15:06:41.0 (10532096)|CODE_UNIT_FINISHED|VF: /apex/domng_base
15:06:41.0 (12243952)|EXECUTION_FINISHED
