30.0 APEX_CODE,FINEST;APEX_PROFILING,INFO;CALLOUT,INFO;DB,INFO;SYSTEM,DEBUG;VALIDATION,INFO;VISUALFORCE,INFO;WORKFLOW,INFO
15:25:45.0 (622810)|USER_INFO|[EXTERNAL]|00524000000tTSF|swervo@papersnail.co.uk|Greenwich Mean Time|GMT+01:00
15:25:45.0 (668046)|EXECUTION_STARTED
15:25:45.0 (677307)|CODE_UNIT_STARTED|[EXTERNAL]|06624000003kV4U|VF: /apex/seedApp
15:25:45.0 (6457549)|SYSTEM_MODE_ENTER|true
15:25:45.0 (7931871)|HEAP_ALLOCATE|[72]|Bytes:3
15:25:45.0 (8002428)|HEAP_ALLOCATE|[77]|Bytes:152
15:25:45.0 (8018566)|HEAP_ALLOCATE|[342]|Bytes:408
15:25:45.0 (8033290)|HEAP_ALLOCATE|[355]|Bytes:408
15:25:45.0 (8046954)|HEAP_ALLOCATE|[467]|Bytes:48
15:25:45.0 (8076849)|HEAP_ALLOCATE|[139]|Bytes:6
15:25:45.0 (8093494)|HEAP_ALLOCATE|[EXTERNAL]|Bytes:100
15:25:45.0 (8126622)|HEAP_ALLOCATE|[EXTERNAL]|Bytes:3
15:25:45.0 (8129594)|HEAP_ALLOCATE|[EXTERNAL]|Bytes:8
15:25:45.0 (8162323)|METHOD_ENTRY|[1]|01p2400000D9MKy|ngAppResourceComponentController.ngAppResourceComponentController()
15:25:45.0 (8167462)|STATEMENT_EXECUTE|[1]
15:25:45.0 (8175480)|STATEMENT_EXECUTE|[1]
15:25:45.0 (8204275)|HEAP_ALLOCATE|[50]|Bytes:5
15:25:45.0 (8227003)|HEAP_ALLOCATE|[56]|Bytes:5
15:25:45.0 (8235444)|HEAP_ALLOCATE|[64]|Bytes:7
15:25:45.0 (8251324)|SYSTEM_MODE_ENTER|false
15:25:45.0 (8271145)|HEAP_ALLOCATE|[EXTERNAL]|Bytes:5
15:25:45.0 (8277848)|SYSTEM_MODE_EXIT|false
15:25:45.0 (8302462)|METHOD_EXIT|[1]|ngAppResourceComponentController
15:25:45.0 (8322148)|HEAP_ALLOCATE|[EXTERNAL]|Bytes:8
15:25:45.0 (8334660)|VARIABLE_SCOPE_BEGIN|[5]|this|ngAppResourceComponentController|true|false
15:25:45.0 (8467682)|VARIABLE_ASSIGNMENT|[5]|this|{}|0x333ba29d
15:25:45.0 (8478755)|SYSTEM_MODE_ENTER|false
15:25:45.0 (8483658)|HEAP_ALLOCATE|[6]|Bytes:5
15:25:45.0 (8487229)|STATEMENT_EXECUTE|[1]
15:25:45.0 (8489614)|HEAP_ALLOCATE|[6]|Bytes:5
15:25:45.0 (8491740)|STATEMENT_EXECUTE|[3]
15:25:45.0 (8501474)|HEAP_ALLOCATE|[6]|Bytes:6
15:25:45.0 (8524305)|STATEMENT_EXECUTE|[5]
15:25:45.0 (8526172)|STATEMENT_EXECUTE|[6]
15:25:45.0 (8529057)|HEAP_ALLOCATE|[6]|Bytes:8
15:25:45.0 (8580330)|USER_DEBUG|[6]|DEBUG|dom here
15:25:45.0 (8589036)|STATEMENT_EXECUTE|[7]
15:25:45.0 (8592357)|HEAP_ALLOCATE|[7]|Bytes:7
15:25:45.0 (10644393)|HEAP_ALLOCATE|[7]|Bytes:44
15:25:45.0 (10695377)|VARIABLE_SCOPE_BEGIN|[7]|useLocal|domUseLocalhostResources__c|true|false
15:25:45.0 (10760983)|VARIABLE_ASSIGNMENT|[7]|useLocal|{"s":1,"v":{"LastModifiedDate":"2016-09-05T12:13:30.000Z","IsDeleted":false,"CreatedById":"00524000000tTSFAA2","domUseLocal__c":true,"CreatedDate":"2016-08-31T10:43:53.000Z","Id":"a0K2400000CObagEAD","LastModifiedById":"00524000000tTSFAA2","SetupOwnerId":"00D24000000a59kEAA","Name":"default","SystemModstamp":"2016-09-05T12:13:31.000Z"}}|0x4bae08ac
15:25:45.0 (10767161)|STATEMENT_EXECUTE|[8]
15:25:45.0 (10951963)|USER_DEBUG|[8]|DEBUG|domUseLocalhostResources__c:{LastModifiedDate=2016-09-05 12:13:30, IsDeleted=false, CreatedById=00524000000tTSFAA2, domUseLocal__c=true, CreatedDate=2016-08-31 10:43:53, Id=a0K2400000CObagEAD, LastModifiedById=00524000000tTSFAA2, SetupOwnerId=00D24000000a59kEAA, Name=default, SystemModstamp=2016-09-05 12:13:31}
15:25:45.0 (10962750)|STATEMENT_EXECUTE|[9]
15:25:45.0 (11013511)|USER_DEBUG|[9]|DEBUG|true
15:25:45.0 (11021187)|STATEMENT_EXECUTE|[10]
15:25:45.0 (11036219)|USER_DEBUG|[10]|DEBUG|dom here
15:25:45.0 (11040948)|STATEMENT_EXECUTE|[12]
15:25:45.0 (11122655)|VARIABLE_ASSIGNMENT|[EXTERNAL]|this|{}|0x333ba29d
15:25:45.0 (11131689)|VARIABLE_ASSIGNMENT|[EXTERNAL]|value|true
15:25:45.0 (11145669)|VARIABLE_ASSIGNMENT|[3]|this.useLocalResources|true|0x333ba29d
15:25:45.0 (11157335)|SYSTEM_MODE_EXIT|false
15:25:45.0 (11424172)|SYSTEM_MODE_ENTER|true
15:25:45.0 (11797268)|SYSTEM_MODE_ENTER|true
15:25:45.0 (11842409)|HEAP_ALLOCATE|[EXTERNAL]|Bytes:38
15:25:45.0 (11849036)|HEAP_ALLOCATE|[EXTERNAL]|Bytes:76
15:25:45.0 (11851628)|HEAP_ALLOCATE|[EXTERNAL]|Bytes:40
15:25:45.0 (11867474)|METHOD_ENTRY|[1]|01p2400000D9MKz|ngForceController.ngForceController()
15:25:45.0 (11870565)|STATEMENT_EXECUTE|[1]
15:25:45.0 (11875809)|STATEMENT_EXECUTE|[1]
15:25:45.0 (11877195)|STATEMENT_EXECUTE|[7]
15:25:45.0 (11878355)|STATEMENT_EXECUTE|[12]
15:25:45.0 (11879416)|STATEMENT_EXECUTE|[18]
15:25:45.0 (11886273)|METHOD_EXIT|[1]|ngForceController
15:25:45.0 (11903374)|HEAP_ALLOCATE|[EXTERNAL]|Bytes:4
15:25:45.0 (11910575)|VARIABLE_SCOPE_BEGIN|[1]|this|ngForceController|true|false
15:25:45.0 (11927016)|VARIABLE_ASSIGNMENT|[1]|this|{}|0x32a0c86b
15:25:45.0 (11946450)|STATEMENT_EXECUTE|[1]
15:25:45.35 (35301529)|CUMULATIVE_LIMIT_USAGE
15:25:45.35 (35301529)|LIMIT_USAGE_FOR_NS|(default)|
  Number of SOQL queries: 0 out of 100
  Number of query rows: 0 out of 50000
  Number of SOSL queries: 0 out of 20
  Number of DML statements: 0 out of 150
  Number of DML rows: 0 out of 10000
  Maximum CPU time: 0 out of 10000
  Maximum heap size: 0 out of 6000000
  Number of callouts: 0 out of 100
  Number of Email Invocations: 0 out of 10
  Number of future calls: 0 out of 50
  Number of queueable jobs added to the queue: 0 out of 50
  Number of Mobile Apex push calls: 0 out of 10

15:25:45.35 (35301529)|CUMULATIVE_LIMIT_USAGE_END

15:25:45.0 (35352216)|CODE_UNIT_FINISHED|VF: /apex/seedApp
15:25:45.0 (36887079)|EXECUTION_FINISHED
