37.0 APEX_CODE,FINEST;APEX_PROFILING,INFO;CALLOUT,INFO;DB,INFO;SYSTEM,DEBUG;VALIDATION,INFO;VISUALFORCE,INFO;WORKFLOW,INFO
15:32:52.0 (154438)|USER_INFO|[EXTERNAL]|00524000000tTSF|swervo@papersnail.co.uk|Greenwich Mean Time|GMT+01:00
15:32:52.0 (205173)|EXECUTION_STARTED
15:32:52.0 (212528)|CODE_UNIT_STARTED|[EXTERNAL]|VisualForce View State
15:32:52.0 (16528247)|CODE_UNIT_FINISHED|VisualForce View State
15:32:52.0 (18509040)|EXECUTION_FINISHED
15:32:52.41 (41345878)|USER_INFO|[EXTERNAL]|00524000000tTSF|swervo@papersnail.co.uk|Greenwich Mean Time|GMT+01:00
15:32:52.41 (41364511)|EXECUTION_STARTED
15:32:52.41 (41368970)|CODE_UNIT_STARTED|[EXTERNAL]|VF: /apex/editApexComponent.apexp
15:32:52.41 (63954056)|CODE_UNIT_STARTED|[EXTERNAL]|VF Controller Save
15:32:52.41 (63977333)|SYSTEM_MODE_ENTER|false
15:32:52.41 (289337231)|CODE_UNIT_FINISHED|VF Controller Save
15:32:52.309 (309636629)|CUMULATIVE_LIMIT_USAGE
15:32:52.309 (309636629)|LIMIT_USAGE_FOR_NS|(default)|
  Number of SOQL queries: 0 out of 100
  Number of query rows: 0 out of 50000
  Number of SOSL queries: 0 out of 20
  Number of DML statements: 0 out of 150
  Number of DML rows: 0 out of 10000
  Maximum CPU time: 0 out of 10000
  Maximum heap size: 0 out of 6000000
  Number of callouts: 0 out of 100
  Number of Email Invocations: 0 out of 10
  Number of future calls: 0 out of 50
  Number of queueable jobs added to the queue: 0 out of 50
  Number of Mobile Apex push calls: 0 out of 10

15:32:52.309 (309636629)|CUMULATIVE_LIMIT_USAGE_END

15:32:52.41 (309691722)|CODE_UNIT_FINISHED|VF: /apex/editApexComponent.apexp
15:32:52.41 (311390177)|EXECUTION_FINISHED
