35.0 APEX_CODE,FINEST;APEX_PROFILING,INFO;CALLOUT,INFO;DB,INFO;SYSTEM,DEBUG;VALIDATION,INFO;VISUALFORCE,INFO;WORKFLOW,INFO
15:17:52.0 (789368)|USER_INFO|[EXTERNAL]|00524000000tTSF|swervo@papersnail.co.uk|Greenwich Mean Time|GMT+01:00
15:17:52.0 (831207)|EXECUTION_STARTED
15:17:52.0 (836194)|CODE_UNIT_STARTED|[EXTERNAL]|06624000003kVeS|VF: /apex/domng_base
15:17:52.0 (22758899)|SYSTEM_MODE_ENTER|true
15:17:52.0 (23554140)|HEAP_ALLOCATE|[72]|Bytes:3
15:17:52.0 (23626690)|HEAP_ALLOCATE|[77]|Bytes:152
15:17:52.0 (23642697)|HEAP_ALLOCATE|[342]|Bytes:408
15:17:52.0 (23656893)|HEAP_ALLOCATE|[355]|Bytes:408
15:17:52.0 (23670952)|HEAP_ALLOCATE|[467]|Bytes:48
15:17:52.0 (23699691)|HEAP_ALLOCATE|[139]|Bytes:6
15:17:52.0 (23728469)|HEAP_ALLOCATE|[EXTERNAL]|Bytes:100
15:17:52.0 (23762937)|HEAP_ALLOCATE|[EXTERNAL]|Bytes:3
15:17:52.0 (23765753)|HEAP_ALLOCATE|[EXTERNAL]|Bytes:7
15:17:52.0 (23786275)|METHOD_ENTRY|[1]|01p2400000D9OJ4|domng_resourceSwitch.domng_resourceSwitch()
15:17:52.0 (23791121)|STATEMENT_EXECUTE|[1]
15:17:52.0 (23795682)|STATEMENT_EXECUTE|[1]
15:17:52.0 (23830266)|HEAP_ALLOCATE|[50]|Bytes:5
15:17:52.0 (23853994)|HEAP_ALLOCATE|[56]|Bytes:5
15:17:52.0 (23862984)|HEAP_ALLOCATE|[64]|Bytes:7
15:17:52.0 (23879735)|SYSTEM_MODE_ENTER|false
15:17:52.0 (23896227)|HEAP_ALLOCATE|[EXTERNAL]|Bytes:5
15:17:52.0 (23903079)|SYSTEM_MODE_EXIT|false
15:17:52.0 (23912884)|METHOD_EXIT|[1]|domng_resourceSwitch
15:17:52.0 (23932909)|HEAP_ALLOCATE|[EXTERNAL]|Bytes:8
15:17:52.0 (23944277)|VARIABLE_SCOPE_BEGIN|[7]|this|domng_resourceSwitch|true|false
15:17:52.0 (24015963)|VARIABLE_ASSIGNMENT|[7]|this|{}|0x2f1f85b1
15:17:52.0 (24027794)|SYSTEM_MODE_ENTER|false
15:17:52.0 (24032760)|HEAP_ALLOCATE|[8]|Bytes:5
15:17:52.0 (24036071)|STATEMENT_EXECUTE|[1]
15:17:52.0 (24038710)|HEAP_ALLOCATE|[8]|Bytes:5
15:17:52.0 (24040311)|STATEMENT_EXECUTE|[3]
15:17:52.0 (24049234)|HEAP_ALLOCATE|[8]|Bytes:6
15:17:52.0 (24072598)|STATEMENT_EXECUTE|[7]
15:17:52.0 (24074510)|STATEMENT_EXECUTE|[8]
15:17:52.0 (24076678)|HEAP_ALLOCATE|[8]|Bytes:7
15:17:52.0 (26166335)|HEAP_ALLOCATE|[8]|Bytes:44
15:17:52.0 (26199331)|VARIABLE_SCOPE_BEGIN|[8]|useLocal|domUseLocalhostResources__c|true|false
15:17:52.0 (26260408)|VARIABLE_ASSIGNMENT|[8]|useLocal|{"s":1,"v":{"LastModifiedDate":"2016-09-05T12:13:30.000Z","IsDeleted":false,"CreatedById":"00524000000tTSFAA2","domUseLocal__c":true,"CreatedDate":"2016-08-31T10:43:53.000Z","Id":"a0K2400000CObagEAD","LastModifiedById":"00524000000tTSFAA2","SetupOwnerId":"00D24000000a59kEAA","Name":"default","SystemModstamp":"2016-09-05T12:13:31.000Z"}}|0x5b1d6c02
15:17:52.0 (26265881)|STATEMENT_EXECUTE|[9]
15:17:52.0 (26466206)|USER_DEBUG|[9]|DEBUG|domUseLocalhostResources__c:{LastModifiedDate=2016-09-05 12:13:30, IsDeleted=false, CreatedById=00524000000tTSFAA2, domUseLocal__c=true, CreatedDate=2016-08-31 10:43:53, Id=a0K2400000CObagEAD, LastModifiedById=00524000000tTSFAA2, SetupOwnerId=00D24000000a59kEAA, Name=default, SystemModstamp=2016-09-05 12:13:31}
15:17:52.0 (26477571)|STATEMENT_EXECUTE|[10]
15:17:52.0 (26522484)|USER_DEBUG|[10]|DEBUG|true
15:17:52.0 (26529065)|STATEMENT_EXECUTE|[11]
15:17:52.0 (26532587)|HEAP_ALLOCATE|[11]|Bytes:8
15:17:52.0 (26547644)|USER_DEBUG|[11]|DEBUG|dom here
15:17:52.0 (26552846)|STATEMENT_EXECUTE|[13]
15:17:52.0 (26619400)|VARIABLE_ASSIGNMENT|[EXTERNAL]|this|{}|0x2f1f85b1
15:17:52.0 (26627625)|VARIABLE_ASSIGNMENT|[EXTERNAL]|value|true
15:17:52.0 (26638519)|VARIABLE_ASSIGNMENT|[3]|this.useLocalResources|true|0x2f1f85b1
15:17:52.0 (26647781)|SYSTEM_MODE_EXIT|false
15:17:52.0 (27015149)|SYSTEM_MODE_ENTER|true
15:17:52.31 (31127168)|CUMULATIVE_LIMIT_USAGE
15:17:52.31 (31127168)|LIMIT_USAGE_FOR_NS|(default)|
  Number of SOQL queries: 0 out of 100
  Number of query rows: 0 out of 50000
  Number of SOSL queries: 0 out of 20
  Number of DML statements: 0 out of 150
  Number of DML rows: 0 out of 10000
  Maximum CPU time: 0 out of 10000
  Maximum heap size: 0 out of 6000000
  Number of callouts: 0 out of 100
  Number of Email Invocations: 0 out of 10
  Number of future calls: 0 out of 50
  Number of queueable jobs added to the queue: 0 out of 50
  Number of Mobile Apex push calls: 0 out of 10

15:17:52.31 (31127168)|CUMULATIVE_LIMIT_USAGE_END

15:17:52.0 (31174826)|CODE_UNIT_FINISHED|VF: /apex/domng_base
15:17:52.0 (32366908)|EXECUTION_FINISHED
