35.0 APEX_CODE,FINEST;APEX_PROFILING,INFO;CALLOUT,INFO;DB,INFO;SYSTEM,DEBUG;VALIDATION,INFO;VISUALFORCE,INFO;WORKFLOW,INFO
15:10:23.0 (820168)|USER_INFO|[EXTERNAL]|00524000000tTSF|swervo@papersnail.co.uk|Greenwich Mean Time|GMT+01:00
15:10:23.0 (871555)|EXECUTION_STARTED
15:10:23.0 (879945)|CODE_UNIT_STARTED|[EXTERNAL]|06624000003kVeS|VF: /apex/domng_base
15:10:23.0 (5686541)|SYSTEM_MODE_ENTER|true
15:10:23.0 (6346889)|HEAP_ALLOCATE|[72]|Bytes:3
15:10:23.0 (6431175)|HEAP_ALLOCATE|[77]|Bytes:152
15:10:23.0 (6458515)|HEAP_ALLOCATE|[342]|Bytes:408
15:10:23.0 (6486641)|HEAP_ALLOCATE|[355]|Bytes:408
15:10:23.0 (6512710)|HEAP_ALLOCATE|[467]|Bytes:48
15:10:23.0 (6555120)|HEAP_ALLOCATE|[139]|Bytes:6
15:10:23.0 (6585535)|HEAP_ALLOCATE|[EXTERNAL]|Bytes:100
15:10:23.0 (6626234)|HEAP_ALLOCATE|[EXTERNAL]|Bytes:3
15:10:23.0 (6631930)|HEAP_ALLOCATE|[EXTERNAL]|Bytes:7
15:10:23.0 (6682769)|METHOD_ENTRY|[1]|01p2400000D9OJ4|domng_resourceSwitch.domng_resourceSwitch()
15:10:23.0 (6691180)|STATEMENT_EXECUTE|[1]
15:10:23.0 (6698359)|STATEMENT_EXECUTE|[1]
15:10:23.0 (6747636)|HEAP_ALLOCATE|[50]|Bytes:5
15:10:23.0 (6798087)|HEAP_ALLOCATE|[56]|Bytes:5
15:10:23.0 (6820483)|HEAP_ALLOCATE|[64]|Bytes:7
15:10:23.0 (6854152)|SYSTEM_MODE_ENTER|false
15:10:23.0 (6881113)|HEAP_ALLOCATE|[EXTERNAL]|Bytes:5
15:10:23.0 (6892243)|SYSTEM_MODE_EXIT|false
15:10:23.0 (6936388)|METHOD_EXIT|[1]|domng_resourceSwitch
15:10:23.0 (6977255)|HEAP_ALLOCATE|[EXTERNAL]|Bytes:8
15:10:23.0 (6998289)|VARIABLE_SCOPE_BEGIN|[7]|this|domng_resourceSwitch|true|false
15:10:23.0 (7088515)|VARIABLE_ASSIGNMENT|[7]|this|{}|0x1ac786fc
15:10:23.0 (7112259)|SYSTEM_MODE_ENTER|false
15:10:23.0 (7122544)|HEAP_ALLOCATE|[8]|Bytes:5
15:10:23.0 (7130141)|STATEMENT_EXECUTE|[1]
15:10:23.0 (7137155)|HEAP_ALLOCATE|[8]|Bytes:5
15:10:23.0 (7141318)|STATEMENT_EXECUTE|[3]
15:10:23.0 (7158973)|HEAP_ALLOCATE|[8]|Bytes:6
15:10:23.0 (7208356)|STATEMENT_EXECUTE|[7]
15:10:23.0 (7212476)|STATEMENT_EXECUTE|[8]
15:10:23.0 (7217761)|HEAP_ALLOCATE|[8]|Bytes:7
15:10:23.0 (9222160)|HEAP_ALLOCATE|[8]|Bytes:44
15:10:23.0 (9286797)|VARIABLE_SCOPE_BEGIN|[8]|useLocal|domUseLocalhostResources__c|true|false
15:10:23.0 (9376458)|VARIABLE_ASSIGNMENT|[8]|useLocal|{"s":1,"v":{"LastModifiedDate":"2016-09-05T12:13:30.000Z","IsDeleted":false,"CreatedById":"00524000000tTSFAA2","domUseLocal__c":true,"CreatedDate":"2016-08-31T10:43:53.000Z","Id":"a0K2400000CObagEAD","LastModifiedById":"00524000000tTSFAA2","SetupOwnerId":"00D24000000a59kEAA","Name":"default","SystemModstamp":"2016-09-05T12:13:31.000Z"}}|0x5b8e9851
15:10:23.0 (9386192)|STATEMENT_EXECUTE|[9]
15:10:23.0 (9657994)|USER_DEBUG|[9]|DEBUG|domUseLocalhostResources__c:{LastModifiedDate=2016-09-05 12:13:30, IsDeleted=false, CreatedById=00524000000tTSFAA2, domUseLocal__c=true, CreatedDate=2016-08-31 10:43:53, Id=a0K2400000CObagEAD, LastModifiedById=00524000000tTSFAA2, SetupOwnerId=00D24000000a59kEAA, Name=default, SystemModstamp=2016-09-05 12:13:31}
15:10:23.0 (9673079)|STATEMENT_EXECUTE|[10]
15:10:23.0 (9730032)|USER_DEBUG|[10]|DEBUG|true
15:10:23.0 (9740458)|STATEMENT_EXECUTE|[11]
15:10:23.0 (9747154)|HEAP_ALLOCATE|[11]|Bytes:8
15:10:23.0 (9780670)|USER_DEBUG|[11]|DEBUG|dom here
15:10:23.0 (9790923)|STATEMENT_EXECUTE|[13]
15:10:23.0 (9896983)|VARIABLE_ASSIGNMENT|[EXTERNAL]|this|{}|0x1ac786fc
15:10:23.0 (9911555)|VARIABLE_ASSIGNMENT|[EXTERNAL]|value|true
15:10:23.0 (9932787)|VARIABLE_ASSIGNMENT|[3]|this.useLocalResources|true|0x1ac786fc
15:10:23.0 (9949976)|SYSTEM_MODE_EXIT|false
15:10:23.0 (10521618)|SYSTEM_MODE_ENTER|true
15:10:23.15 (15448650)|CUMULATIVE_LIMIT_USAGE
15:10:23.15 (15448650)|LIMIT_USAGE_FOR_NS|(default)|
  Number of SOQL queries: 0 out of 100
  Number of query rows: 0 out of 50000
  Number of SOSL queries: 0 out of 20
  Number of DML statements: 0 out of 150
  Number of DML rows: 0 out of 10000
  Maximum CPU time: 0 out of 10000
  Maximum heap size: 0 out of 6000000
  Number of callouts: 0 out of 100
  Number of Email Invocations: 0 out of 10
  Number of future calls: 0 out of 50
  Number of queueable jobs added to the queue: 0 out of 50
  Number of Mobile Apex push calls: 0 out of 10

15:10:23.15 (15448650)|CUMULATIVE_LIMIT_USAGE_END

15:10:23.0 (15514293)|CODE_UNIT_FINISHED|VF: /apex/domng_base
15:10:23.0 (48457399)|EXECUTION_FINISHED
