35.0 APEX_CODE,FINEST;APEX_PROFILING,INFO;CALLOUT,INFO;DB,INFO;SYSTEM,DEBUG;VALIDATION,INFO;VISUALFORCE,INFO;WORKFLOW,INFO
15:45:01.0 (809733)|USER_INFO|[EXTERNAL]|00524000000tTSF|swervo@papersnail.co.uk|Greenwich Mean Time|GMT+01:00
15:45:01.0 (855570)|EXECUTION_STARTED
15:45:01.0 (862935)|CODE_UNIT_STARTED|[EXTERNAL]|06624000003kVeS|VF: /apex/domng_base
15:45:01.0 (3913028)|SYSTEM_MODE_ENTER|true
15:45:01.0 (4408496)|HEAP_ALLOCATE|[72]|Bytes:3
15:45:01.0 (4439066)|HEAP_ALLOCATE|[77]|Bytes:152
15:45:01.0 (4451984)|HEAP_ALLOCATE|[342]|Bytes:408
15:45:01.0 (4466220)|HEAP_ALLOCATE|[355]|Bytes:408
15:45:01.0 (4484352)|HEAP_ALLOCATE|[467]|Bytes:48
15:45:01.0 (4511613)|HEAP_ALLOCATE|[139]|Bytes:6
15:45:01.0 (4527393)|HEAP_ALLOCATE|[EXTERNAL]|Bytes:100
15:45:01.0 (4531649)|HEAP_ALLOCATE|[EXTERNAL]|Bytes:3
15:45:01.0 (4534109)|HEAP_ALLOCATE|[EXTERNAL]|Bytes:7
15:45:01.0 (4551887)|METHOD_ENTRY|[1]|01p2400000D9OJ4|domng_resourceSwitch.domng_resourceSwitch()
15:45:01.0 (4556809)|STATEMENT_EXECUTE|[1]
15:45:01.0 (4562310)|STATEMENT_EXECUTE|[1]
15:45:01.0 (4590027)|HEAP_ALLOCATE|[50]|Bytes:5
15:45:01.0 (4609388)|HEAP_ALLOCATE|[56]|Bytes:5
15:45:01.0 (4617489)|HEAP_ALLOCATE|[64]|Bytes:7
15:45:01.0 (4633426)|SYSTEM_MODE_ENTER|false
15:45:01.0 (4653233)|HEAP_ALLOCATE|[EXTERNAL]|Bytes:5
15:45:01.0 (4659223)|SYSTEM_MODE_EXIT|false
15:45:01.0 (4669382)|METHOD_EXIT|[1]|domng_resourceSwitch
15:45:01.0 (4687298)|HEAP_ALLOCATE|[EXTERNAL]|Bytes:8
15:45:01.0 (4699217)|VARIABLE_SCOPE_BEGIN|[7]|this|domng_resourceSwitch|true|false
15:45:01.0 (4763630)|VARIABLE_ASSIGNMENT|[7]|this|{}|0x48893363
15:45:01.0 (4773932)|SYSTEM_MODE_ENTER|false
15:45:01.0 (4778420)|HEAP_ALLOCATE|[8]|Bytes:5
15:45:01.0 (4781685)|STATEMENT_EXECUTE|[1]
15:45:01.0 (4784268)|HEAP_ALLOCATE|[8]|Bytes:5
15:45:01.0 (4786045)|STATEMENT_EXECUTE|[3]
15:45:01.0 (4795118)|HEAP_ALLOCATE|[8]|Bytes:6
15:45:01.0 (4816606)|STATEMENT_EXECUTE|[7]
15:45:01.0 (4818380)|STATEMENT_EXECUTE|[8]
15:45:01.0 (4820938)|HEAP_ALLOCATE|[8]|Bytes:7
15:45:01.0 (6553753)|HEAP_ALLOCATE|[8]|Bytes:44
15:45:01.0 (6572519)|VARIABLE_SCOPE_BEGIN|[8]|useLocal|domUseLocalhostResources__c|true|false
15:45:01.0 (6635563)|VARIABLE_ASSIGNMENT|[8]|useLocal|{"s":1,"v":{"LastModifiedDate":"2016-09-05T12:13:30.000Z","IsDeleted":false,"CreatedById":"00524000000tTSFAA2","domUseLocal__c":true,"CreatedDate":"2016-08-31T10:43:53.000Z","Id":"a0K2400000CObagEAD","LastModifiedById":"00524000000tTSFAA2","SetupOwnerId":"00D24000000a59kEAA","Name":"default","SystemModstamp":"2016-09-05T12:13:31.000Z"}}|0x55798f1d
15:45:01.0 (6645511)|STATEMENT_EXECUTE|[9]
15:45:01.0 (6825671)|USER_DEBUG|[9]|DEBUG|domUseLocalhostResources__c:{LastModifiedDate=2016-09-05 12:13:30, IsDeleted=false, CreatedById=00524000000tTSFAA2, domUseLocal__c=true, CreatedDate=2016-08-31 10:43:53, Id=a0K2400000CObagEAD, LastModifiedById=00524000000tTSFAA2, SetupOwnerId=00D24000000a59kEAA, Name=default, SystemModstamp=2016-09-05 12:13:31}
15:45:01.0 (6835925)|STATEMENT_EXECUTE|[10]
15:45:01.0 (6875557)|USER_DEBUG|[10]|DEBUG|true
15:45:01.0 (6882173)|STATEMENT_EXECUTE|[11]
15:45:01.0 (6886311)|HEAP_ALLOCATE|[11]|Bytes:8
15:45:01.0 (6901447)|USER_DEBUG|[11]|DEBUG|dom here
15:45:01.0 (6906582)|STATEMENT_EXECUTE|[13]
15:45:01.0 (6970144)|VARIABLE_ASSIGNMENT|[EXTERNAL]|this|{}|0x48893363
15:45:01.0 (6978291)|VARIABLE_ASSIGNMENT|[EXTERNAL]|value|true
15:45:01.0 (6990411)|VARIABLE_ASSIGNMENT|[3]|this.useLocalResources|true|0x48893363
15:45:01.0 (6999146)|SYSTEM_MODE_EXIT|false
15:45:01.0 (7210217)|SYSTEM_MODE_ENTER|true
15:45:01.11 (11988263)|CUMULATIVE_LIMIT_USAGE
15:45:01.11 (11988263)|LIMIT_USAGE_FOR_NS|(default)|
  Number of SOQL queries: 0 out of 100
  Number of query rows: 0 out of 50000
  Number of SOSL queries: 0 out of 20
  Number of DML statements: 0 out of 150
  Number of DML rows: 0 out of 10000
  Maximum CPU time: 0 out of 10000
  Maximum heap size: 0 out of 6000000
  Number of callouts: 0 out of 100
  Number of Email Invocations: 0 out of 10
  Number of future calls: 0 out of 50
  Number of queueable jobs added to the queue: 0 out of 50
  Number of Mobile Apex push calls: 0 out of 10

15:45:01.11 (11988263)|CUMULATIVE_LIMIT_USAGE_END

15:45:01.0 (12049091)|CODE_UNIT_FINISHED|VF: /apex/domng_base
15:45:01.0 (13470869)|EXECUTION_FINISHED
