37.0 APEX_CODE,FINEST;APEX_PROFILING,INFO;CALLOUT,INFO;DB,INFO;SYSTEM,DEBUG;VALIDATION,INFO;VISUALFORCE,INFO;WORKFLOW,INFO
15:06:34.0 (700770)|USER_INFO|[EXTERNAL]|00524000000tTSF|swervo@papersnail.co.uk|Greenwich Mean Time|GMT+01:00
15:06:34.0 (751969)|EXECUTION_STARTED
15:06:34.0 (759483)|CODE_UNIT_STARTED|[EXTERNAL]|VisualForce View State
15:06:34.0 (18711398)|CODE_UNIT_FINISHED|VisualForce View State
15:06:34.0 (20775779)|EXECUTION_FINISHED
15:06:34.43 (43978531)|USER_INFO|[EXTERNAL]|00524000000tTSF|swervo@papersnail.co.uk|Greenwich Mean Time|GMT+01:00
15:06:34.43 (43999238)|EXECUTION_STARTED
15:06:34.43 (44004895)|CODE_UNIT_STARTED|[EXTERNAL]|VF: /apex/editApexPage.apexp
15:06:34.43 (66574147)|CODE_UNIT_STARTED|[EXTERNAL]|VF Controller Save
15:06:34.43 (66595739)|SYSTEM_MODE_ENTER|false
15:06:34.43 (308667910)|CODE_UNIT_FINISHED|VF Controller Save
15:06:34.333 (333176948)|CUMULATIVE_LIMIT_USAGE
15:06:34.333 (333176948)|LIMIT_USAGE_FOR_NS|(default)|
  Number of SOQL queries: 0 out of 100
  Number of query rows: 0 out of 50000
  Number of SOSL queries: 0 out of 20
  Number of DML statements: 0 out of 150
  Number of DML rows: 0 out of 10000
  Maximum CPU time: 0 out of 10000
  Maximum heap size: 0 out of 6000000
  Number of callouts: 0 out of 100
  Number of Email Invocations: 0 out of 10
  Number of future calls: 0 out of 50
  Number of queueable jobs added to the queue: 0 out of 50
  Number of Mobile Apex push calls: 0 out of 10

15:06:34.333 (333176948)|CUMULATIVE_LIMIT_USAGE_END

15:06:34.43 (333243415)|CODE_UNIT_FINISHED|VF: /apex/editApexPage.apexp
15:06:34.43 (334845024)|EXECUTION_FINISHED
