35.0 APEX_CODE,FINEST;APEX_PROFILING,INFO;CALLOUT,INFO;DB,INFO;SYSTEM,DEBUG;VALIDATION,INFO;VISUALFORCE,INFO;WORKFLOW,INFO
15:10:46.0 (542830)|USER_INFO|[EXTERNAL]|00524000000tTSF|swervo@papersnail.co.uk|Greenwich Mean Time|GMT+01:00
15:10:46.0 (576082)|EXECUTION_STARTED
15:10:46.0 (582187)|CODE_UNIT_STARTED|[EXTERNAL]|06624000003kVeS|VF: /apex/domng_base
15:10:46.0 (24836193)|SYSTEM_MODE_ENTER|true
15:10:46.0 (25614879)|HEAP_ALLOCATE|[72]|Bytes:3
15:10:46.0 (25683288)|HEAP_ALLOCATE|[77]|Bytes:152
15:10:46.0 (25698446)|HEAP_ALLOCATE|[342]|Bytes:408
15:10:46.0 (25715146)|HEAP_ALLOCATE|[355]|Bytes:408
15:10:46.0 (25730543)|HEAP_ALLOCATE|[467]|Bytes:48
15:10:46.0 (25758416)|HEAP_ALLOCATE|[139]|Bytes:6
15:10:46.0 (25774225)|HEAP_ALLOCATE|[EXTERNAL]|Bytes:100
15:10:46.0 (25800253)|HEAP_ALLOCATE|[EXTERNAL]|Bytes:3
15:10:46.0 (25803051)|HEAP_ALLOCATE|[EXTERNAL]|Bytes:7
15:10:46.0 (25836081)|METHOD_ENTRY|[1]|01p2400000D9OJ4|domng_resourceSwitch.domng_resourceSwitch()
15:10:46.0 (25841891)|STATEMENT_EXECUTE|[1]
15:10:46.0 (25846830)|STATEMENT_EXECUTE|[1]
15:10:46.0 (25880544)|HEAP_ALLOCATE|[50]|Bytes:5
15:10:46.0 (25900725)|HEAP_ALLOCATE|[56]|Bytes:5
15:10:46.0 (25908821)|HEAP_ALLOCATE|[64]|Bytes:7
15:10:46.0 (25925200)|SYSTEM_MODE_ENTER|false
15:10:46.0 (25940527)|HEAP_ALLOCATE|[EXTERNAL]|Bytes:5
15:10:46.0 (25947772)|SYSTEM_MODE_EXIT|false
15:10:46.0 (25972903)|METHOD_EXIT|[1]|domng_resourceSwitch
15:10:46.0 (25989894)|HEAP_ALLOCATE|[EXTERNAL]|Bytes:8
15:10:46.0 (26001995)|VARIABLE_SCOPE_BEGIN|[7]|this|domng_resourceSwitch|true|false
15:10:46.0 (26166092)|VARIABLE_ASSIGNMENT|[7]|this|{}|0x11241948
15:10:46.0 (26176504)|SYSTEM_MODE_ENTER|false
15:10:46.0 (26181382)|HEAP_ALLOCATE|[8]|Bytes:5
15:10:46.0 (26184799)|STATEMENT_EXECUTE|[1]
15:10:46.0 (26187262)|HEAP_ALLOCATE|[8]|Bytes:5
15:10:46.0 (26188973)|STATEMENT_EXECUTE|[3]
15:10:46.0 (26198169)|HEAP_ALLOCATE|[8]|Bytes:6
15:10:46.0 (26224451)|STATEMENT_EXECUTE|[7]
15:10:46.0 (26226269)|STATEMENT_EXECUTE|[8]
15:10:46.0 (26228575)|HEAP_ALLOCATE|[8]|Bytes:7
15:10:46.0 (33375095)|HEAP_ALLOCATE|[8]|Bytes:44
15:10:46.0 (33445534)|VARIABLE_SCOPE_BEGIN|[8]|useLocal|domUseLocalhostResources__c|true|false
15:10:46.0 (33519088)|VARIABLE_ASSIGNMENT|[8]|useLocal|{"s":1,"v":{"LastModifiedDate":"2016-09-05T12:13:30.000Z","IsDeleted":false,"CreatedById":"00524000000tTSFAA2","domUseLocal__c":true,"CreatedDate":"2016-08-31T10:43:53.000Z","Id":"a0K2400000CObagEAD","LastModifiedById":"00524000000tTSFAA2","SetupOwnerId":"00D24000000a59kEAA","Name":"default","SystemModstamp":"2016-09-05T12:13:31.000Z"}}|0x47d05432
15:10:46.0 (33525688)|STATEMENT_EXECUTE|[9]
15:10:46.0 (33742569)|USER_DEBUG|[9]|DEBUG|domUseLocalhostResources__c:{LastModifiedDate=2016-09-05 12:13:30, IsDeleted=false, CreatedById=00524000000tTSFAA2, domUseLocal__c=true, CreatedDate=2016-08-31 10:43:53, Id=a0K2400000CObagEAD, LastModifiedById=00524000000tTSFAA2, SetupOwnerId=00D24000000a59kEAA, Name=default, SystemModstamp=2016-09-05 12:13:31}
15:10:46.0 (33753239)|STATEMENT_EXECUTE|[10]
15:10:46.0 (33792866)|USER_DEBUG|[10]|DEBUG|true
15:10:46.0 (33799115)|STATEMENT_EXECUTE|[11]
15:10:46.0 (33807107)|HEAP_ALLOCATE|[11]|Bytes:8
15:10:46.0 (33823417)|USER_DEBUG|[11]|DEBUG|dom here
15:10:46.0 (33828449)|STATEMENT_EXECUTE|[13]
15:10:46.0 (33910813)|VARIABLE_ASSIGNMENT|[EXTERNAL]|this|{}|0x11241948
15:10:46.0 (33919587)|VARIABLE_ASSIGNMENT|[EXTERNAL]|value|true
15:10:46.0 (33930781)|VARIABLE_ASSIGNMENT|[3]|this.useLocalResources|true|0x11241948
15:10:46.0 (33941880)|SYSTEM_MODE_EXIT|false
15:10:46.0 (34282813)|SYSTEM_MODE_ENTER|true
15:10:46.38 (38058360)|CUMULATIVE_LIMIT_USAGE
15:10:46.38 (38058360)|LIMIT_USAGE_FOR_NS|(default)|
  Number of SOQL queries: 0 out of 100
  Number of query rows: 0 out of 50000
  Number of SOSL queries: 0 out of 20
  Number of DML statements: 0 out of 150
  Number of DML rows: 0 out of 10000
  Maximum CPU time: 0 out of 10000
  Maximum heap size: 0 out of 6000000
  Number of callouts: 0 out of 100
  Number of Email Invocations: 0 out of 10
  Number of future calls: 0 out of 50
  Number of queueable jobs added to the queue: 0 out of 50
  Number of Mobile Apex push calls: 0 out of 10

15:10:46.38 (38058360)|CUMULATIVE_LIMIT_USAGE_END

15:10:46.0 (38115131)|CODE_UNIT_FINISHED|VF: /apex/domng_base
15:10:46.0 (39284684)|EXECUTION_FINISHED
