37.0 APEX_CODE,FINEST;APEX_PROFILING,INFO;CALLOUT,INFO;DB,INFO;SYSTEM,DEBUG;VALIDATION,INFO;VISUALFORCE,INFO;WORKFLOW,INFO
15:06:21.0 (136475)|USER_INFO|[EXTERNAL]|00524000000tTSF|swervo@papersnail.co.uk|Greenwich Mean Time|GMT+01:00
15:06:21.0 (182538)|EXECUTION_STARTED
15:06:21.0 (189267)|CODE_UNIT_STARTED|[EXTERNAL]|VisualForce View State
15:06:21.0 (14625927)|CODE_UNIT_FINISHED|VisualForce View State
15:06:21.0 (17660599)|EXECUTION_FINISHED
15:06:21.50 (50460291)|USER_INFO|[EXTERNAL]|00524000000tTSF|swervo@papersnail.co.uk|Greenwich Mean Time|GMT+01:00
15:06:21.50 (50480146)|EXECUTION_STARTED
15:06:21.50 (50485718)|CODE_UNIT_STARTED|[EXTERNAL]|VF: /apex/viewApexPage.apexp
15:06:21.58 (58993684)|CUMULATIVE_LIMIT_USAGE
15:06:21.58 (58993684)|LIMIT_USAGE_FOR_NS|(default)|
  Number of SOQL queries: 0 out of 100
  Number of query rows: 0 out of 50000
  Number of SOSL queries: 0 out of 20
  Number of DML statements: 0 out of 150
  Number of DML rows: 0 out of 10000
  Maximum CPU time: 0 out of 10000
  Maximum heap size: 0 out of 6000000
  Number of callouts: 0 out of 100
  Number of Email Invocations: 0 out of 10
  Number of future calls: 0 out of 50
  Number of queueable jobs added to the queue: 0 out of 50
  Number of Mobile Apex push calls: 0 out of 10

15:06:21.58 (58993684)|CUMULATIVE_LIMIT_USAGE_END

15:06:21.50 (59055830)|CODE_UNIT_FINISHED|VF: /apex/viewApexPage.apexp
15:06:21.50 (60632094)|EXECUTION_FINISHED
