35.0 APEX_CODE,FINEST;APEX_PROFILING,INFO;CALLOUT,INFO;DB,INFO;SYSTEM,DEBUG;VALIDATION,INFO;VISUALFORCE,INFO;WORKFLOW,INFO
15:19:59.0 (637475)|USER_INFO|[EXTERNAL]|00524000000tTSF|swervo@papersnail.co.uk|Greenwich Mean Time|GMT+01:00
15:19:59.0 (686929)|EXECUTION_STARTED
15:19:59.0 (692661)|CODE_UNIT_STARTED|[EXTERNAL]|06624000003kVeS|VF: /apex/domng_base
15:19:59.0 (32151534)|SYSTEM_MODE_ENTER|true
15:19:59.0 (32770534)|HEAP_ALLOCATE|[72]|Bytes:3
15:19:59.0 (32805377)|HEAP_ALLOCATE|[77]|Bytes:152
15:19:59.0 (32819318)|HEAP_ALLOCATE|[342]|Bytes:408
15:19:59.0 (32834419)|HEAP_ALLOCATE|[355]|Bytes:408
15:19:59.0 (32847963)|HEAP_ALLOCATE|[467]|Bytes:48
15:19:59.0 (32875485)|HEAP_ALLOCATE|[139]|Bytes:6
15:19:59.0 (32890514)|HEAP_ALLOCATE|[EXTERNAL]|Bytes:100
15:19:59.0 (32894565)|HEAP_ALLOCATE|[EXTERNAL]|Bytes:3
15:19:59.0 (32897065)|HEAP_ALLOCATE|[EXTERNAL]|Bytes:7
15:19:59.0 (32910281)|METHOD_ENTRY|[1]|01p2400000D9OJ4|domng_resourceSwitch.domng_resourceSwitch()
15:19:59.0 (32915032)|STATEMENT_EXECUTE|[1]
15:19:59.0 (32922578)|STATEMENT_EXECUTE|[1]
15:19:59.0 (32956261)|HEAP_ALLOCATE|[50]|Bytes:5
15:19:59.0 (32980024)|HEAP_ALLOCATE|[56]|Bytes:5
15:19:59.0 (32988673)|HEAP_ALLOCATE|[64]|Bytes:7
15:19:59.0 (33006395)|SYSTEM_MODE_ENTER|false
15:19:59.0 (33027922)|HEAP_ALLOCATE|[EXTERNAL]|Bytes:5
15:19:59.0 (33033671)|SYSTEM_MODE_EXIT|false
15:19:59.0 (33041886)|METHOD_EXIT|[1]|domng_resourceSwitch
15:19:59.0 (33059224)|HEAP_ALLOCATE|[EXTERNAL]|Bytes:8
15:19:59.0 (33071510)|VARIABLE_SCOPE_BEGIN|[7]|this|domng_resourceSwitch|true|false
15:19:59.0 (33143799)|VARIABLE_ASSIGNMENT|[7]|this|{}|0x7f8be787
15:19:59.0 (33153948)|SYSTEM_MODE_ENTER|false
15:19:59.0 (33158673)|HEAP_ALLOCATE|[8]|Bytes:5
15:19:59.0 (33162083)|STATEMENT_EXECUTE|[1]
15:19:59.0 (33164572)|HEAP_ALLOCATE|[8]|Bytes:5
15:19:59.0 (33166163)|STATEMENT_EXECUTE|[3]
15:19:59.0 (33175086)|HEAP_ALLOCATE|[8]|Bytes:6
15:19:59.0 (33197451)|STATEMENT_EXECUTE|[7]
15:19:59.0 (33199110)|STATEMENT_EXECUTE|[8]
15:19:59.0 (33201475)|HEAP_ALLOCATE|[8]|Bytes:7
15:19:59.0 (35237959)|HEAP_ALLOCATE|[8]|Bytes:44
15:19:59.0 (35279556)|VARIABLE_SCOPE_BEGIN|[8]|useLocal|domUseLocalhostResources__c|true|false
15:19:59.0 (35344164)|VARIABLE_ASSIGNMENT|[8]|useLocal|{"s":1,"v":{"LastModifiedDate":"2016-09-05T12:13:30.000Z","IsDeleted":false,"CreatedById":"00524000000tTSFAA2","domUseLocal__c":true,"CreatedDate":"2016-08-31T10:43:53.000Z","Id":"a0K2400000CObagEAD","LastModifiedById":"00524000000tTSFAA2","SetupOwnerId":"00D24000000a59kEAA","Name":"default","SystemModstamp":"2016-09-05T12:13:31.000Z"}}|0x7ae7cf5d
15:19:59.0 (35350605)|STATEMENT_EXECUTE|[9]
15:19:59.0 (35549981)|USER_DEBUG|[9]|DEBUG|domUseLocalhostResources__c:{LastModifiedDate=2016-09-05 12:13:30, IsDeleted=false, CreatedById=00524000000tTSFAA2, domUseLocal__c=true, CreatedDate=2016-08-31 10:43:53, Id=a0K2400000CObagEAD, LastModifiedById=00524000000tTSFAA2, SetupOwnerId=00D24000000a59kEAA, Name=default, SystemModstamp=2016-09-05 12:13:31}
15:19:59.0 (35560513)|STATEMENT_EXECUTE|[10]
15:19:59.0 (35600944)|USER_DEBUG|[10]|DEBUG|true
15:19:59.0 (35607082)|STATEMENT_EXECUTE|[11]
15:19:59.0 (35611516)|HEAP_ALLOCATE|[11]|Bytes:8
15:19:59.0 (35626732)|USER_DEBUG|[11]|DEBUG|dom here
15:19:59.0 (35631427)|STATEMENT_EXECUTE|[13]
15:19:59.0 (35698333)|VARIABLE_ASSIGNMENT|[EXTERNAL]|this|{}|0x7f8be787
15:19:59.0 (35706270)|VARIABLE_ASSIGNMENT|[EXTERNAL]|value|true
15:19:59.0 (35717637)|VARIABLE_ASSIGNMENT|[3]|this.useLocalResources|true|0x7f8be787
15:19:59.0 (35726684)|SYSTEM_MODE_EXIT|false
15:19:59.0 (36050039)|SYSTEM_MODE_ENTER|true
15:19:59.40 (40461170)|CUMULATIVE_LIMIT_USAGE
15:19:59.40 (40461170)|LIMIT_USAGE_FOR_NS|(default)|
  Number of SOQL queries: 0 out of 100
  Number of query rows: 0 out of 50000
  Number of SOSL queries: 0 out of 20
  Number of DML statements: 0 out of 150
  Number of DML rows: 0 out of 10000
  Maximum CPU time: 0 out of 10000
  Maximum heap size: 0 out of 6000000
  Number of callouts: 0 out of 100
  Number of Email Invocations: 0 out of 10
  Number of future calls: 0 out of 50
  Number of queueable jobs added to the queue: 0 out of 50
  Number of Mobile Apex push calls: 0 out of 10

15:19:59.40 (40461170)|CUMULATIVE_LIMIT_USAGE_END

15:19:59.0 (40517691)|CODE_UNIT_FINISHED|VF: /apex/domng_base
15:19:59.0 (41891995)|EXECUTION_FINISHED
