35.0 APEX_CODE,FINEST;APEX_PROFILING,INFO;CALLOUT,INFO;DB,INFO;SYSTEM,DEBUG;VALIDATION,INFO;VISUALFORCE,INFO;WORKFLOW,INFO
15:14:17.0 (766363)|USER_INFO|[EXTERNAL]|00524000000tTSF|swervo@papersnail.co.uk|Greenwich Mean Time|GMT+01:00
15:14:17.0 (817160)|EXECUTION_STARTED
15:14:17.0 (824911)|CODE_UNIT_STARTED|[EXTERNAL]|06624000003kVeS|VF: /apex/domng_base
15:14:17.0 (6771512)|SYSTEM_MODE_ENTER|true
15:14:17.0 (7520316)|HEAP_ALLOCATE|[72]|Bytes:3
15:14:17.0 (7613759)|HEAP_ALLOCATE|[77]|Bytes:152
15:14:17.0 (7641562)|HEAP_ALLOCATE|[342]|Bytes:408
15:14:17.0 (7667959)|HEAP_ALLOCATE|[355]|Bytes:408
15:14:17.0 (7693341)|HEAP_ALLOCATE|[467]|Bytes:48
15:14:17.0 (7736342)|HEAP_ALLOCATE|[139]|Bytes:6
15:14:17.0 (7764569)|HEAP_ALLOCATE|[EXTERNAL]|Bytes:100
15:14:17.0 (7807209)|HEAP_ALLOCATE|[EXTERNAL]|Bytes:3
15:14:17.0 (7813072)|HEAP_ALLOCATE|[EXTERNAL]|Bytes:8
15:14:17.0 (7861822)|METHOD_ENTRY|[1]|01p2400000D9MKy|ngAppResourceComponentController.ngAppResourceComponentController()
15:14:17.0 (7871242)|STATEMENT_EXECUTE|[1]
15:14:17.0 (7878952)|STATEMENT_EXECUTE|[1]
15:14:17.0 (7924971)|HEAP_ALLOCATE|[50]|Bytes:5
15:14:17.0 (7962362)|HEAP_ALLOCATE|[56]|Bytes:5
15:14:17.0 (7979761)|HEAP_ALLOCATE|[64]|Bytes:7
15:14:17.0 (8005278)|SYSTEM_MODE_ENTER|false
15:14:17.0 (8032852)|HEAP_ALLOCATE|[EXTERNAL]|Bytes:5
15:14:17.0 (8046165)|SYSTEM_MODE_EXIT|false
15:14:17.0 (8087042)|METHOD_EXIT|[1]|ngAppResourceComponentController
15:14:17.0 (8116532)|HEAP_ALLOCATE|[EXTERNAL]|Bytes:8
15:14:17.0 (8134441)|VARIABLE_SCOPE_BEGIN|[5]|this|ngAppResourceComponentController|true|false
15:14:17.0 (8385373)|VARIABLE_ASSIGNMENT|[5]|this|{}|0x774bc06c
15:14:17.0 (8400359)|SYSTEM_MODE_ENTER|false
15:14:17.0 (8408252)|HEAP_ALLOCATE|[6]|Bytes:5
15:14:17.0 (8414417)|STATEMENT_EXECUTE|[1]
15:14:17.0 (8419434)|HEAP_ALLOCATE|[6]|Bytes:5
15:14:17.0 (8422881)|STATEMENT_EXECUTE|[3]
15:14:17.0 (8437187)|HEAP_ALLOCATE|[6]|Bytes:6
15:14:17.0 (8467027)|STATEMENT_EXECUTE|[5]
15:14:17.0 (8469367)|STATEMENT_EXECUTE|[6]
15:14:17.0 (8472846)|HEAP_ALLOCATE|[6]|Bytes:8
15:14:17.0 (8564431)|USER_DEBUG|[6]|DEBUG|dom here
15:14:17.0 (8574434)|STATEMENT_EXECUTE|[7]
15:14:17.0 (8578736)|HEAP_ALLOCATE|[7]|Bytes:7
15:14:17.0 (10887240)|HEAP_ALLOCATE|[7]|Bytes:44
15:14:17.0 (10969906)|VARIABLE_SCOPE_BEGIN|[7]|useLocal|domUseLocalhostResources__c|true|false
15:14:17.0 (11051065)|VARIABLE_ASSIGNMENT|[7]|useLocal|{"s":1,"v":{"LastModifiedDate":"2016-09-05T12:13:30.000Z","IsDeleted":false,"CreatedById":"00524000000tTSFAA2","domUseLocal__c":true,"CreatedDate":"2016-08-31T10:43:53.000Z","Id":"a0K2400000CObagEAD","LastModifiedById":"00524000000tTSFAA2","SetupOwnerId":"00D24000000a59kEAA","Name":"default","SystemModstamp":"2016-09-05T12:13:31.000Z"}}|0xd78ab45
15:14:17.0 (11061797)|STATEMENT_EXECUTE|[8]
15:14:17.0 (11272467)|USER_DEBUG|[8]|DEBUG|domUseLocalhostResources__c:{LastModifiedDate=2016-09-05 12:13:30, IsDeleted=false, CreatedById=00524000000tTSFAA2, domUseLocal__c=true, CreatedDate=2016-08-31 10:43:53, Id=a0K2400000CObagEAD, LastModifiedById=00524000000tTSFAA2, SetupOwnerId=00D24000000a59kEAA, Name=default, SystemModstamp=2016-09-05 12:13:31}
15:14:17.0 (11287897)|STATEMENT_EXECUTE|[9]
15:14:17.0 (11360014)|USER_DEBUG|[9]|DEBUG|true
15:14:17.0 (11371382)|STATEMENT_EXECUTE|[10]
15:14:17.0 (11396926)|USER_DEBUG|[10]|DEBUG|dom here
15:14:17.0 (11402713)|STATEMENT_EXECUTE|[12]
15:14:17.0 (11522301)|VARIABLE_ASSIGNMENT|[EXTERNAL]|this|{}|0x774bc06c
15:14:17.0 (11532018)|VARIABLE_ASSIGNMENT|[EXTERNAL]|value|true
15:14:17.0 (11567877)|VARIABLE_ASSIGNMENT|[3]|this.useLocalResources|true|0x774bc06c
15:14:17.0 (11581154)|SYSTEM_MODE_EXIT|false
15:14:17.0 (11907990)|SYSTEM_MODE_ENTER|true
15:14:17.16 (16937450)|CUMULATIVE_LIMIT_USAGE
15:14:17.16 (16937450)|LIMIT_USAGE_FOR_NS|(default)|
  Number of SOQL queries: 0 out of 100
  Number of query rows: 0 out of 50000
  Number of SOSL queries: 0 out of 20
  Number of DML statements: 0 out of 150
  Number of DML rows: 0 out of 10000
  Maximum CPU time: 0 out of 10000
  Maximum heap size: 0 out of 6000000
  Number of callouts: 0 out of 100
  Number of Email Invocations: 0 out of 10
  Number of future calls: 0 out of 50
  Number of queueable jobs added to the queue: 0 out of 50
  Number of Mobile Apex push calls: 0 out of 10

15:14:17.16 (16937450)|CUMULATIVE_LIMIT_USAGE_END

15:14:17.0 (16989289)|CODE_UNIT_FINISHED|VF: /apex/domng_base
15:14:17.0 (19700383)|EXECUTION_FINISHED
