35.0 APEX_CODE,FINEST;APEX_PROFILING,INFO;CALLOUT,INFO;DB,INFO;SYSTEM,DEBUG;VALIDATION,INFO;VISUALFORCE,INFO;WORKFLOW,INFO
15:31:12.0 (626004)|USER_INFO|[EXTERNAL]|00524000000tTSF|swervo@papersnail.co.uk|Greenwich Mean Time|GMT+01:00
15:31:12.0 (664083)|EXECUTION_STARTED
15:31:12.0 (670948)|CODE_UNIT_STARTED|[EXTERNAL]|06624000003kVeS|VF: /apex/domng_base
15:31:12.0 (4264432)|SYSTEM_MODE_ENTER|true
15:31:12.0 (4786661)|HEAP_ALLOCATE|[72]|Bytes:3
15:31:12.0 (4822783)|HEAP_ALLOCATE|[77]|Bytes:152
15:31:12.0 (4836252)|HEAP_ALLOCATE|[342]|Bytes:408
15:31:12.0 (4850656)|HEAP_ALLOCATE|[355]|Bytes:408
15:31:12.0 (4864187)|HEAP_ALLOCATE|[467]|Bytes:48
15:31:12.0 (4891410)|HEAP_ALLOCATE|[139]|Bytes:6
15:31:12.0 (4907765)|HEAP_ALLOCATE|[EXTERNAL]|Bytes:100
15:31:12.0 (4912492)|HEAP_ALLOCATE|[EXTERNAL]|Bytes:3
15:31:12.0 (4915004)|HEAP_ALLOCATE|[EXTERNAL]|Bytes:8
15:31:12.0 (4931012)|METHOD_ENTRY|[1]|01p2400000D9MKy|ngAppResourceComponentController.ngAppResourceComponentController()
15:31:12.0 (4935109)|STATEMENT_EXECUTE|[1]
15:31:12.0 (4943121)|STATEMENT_EXECUTE|[1]
15:31:12.0 (4974538)|HEAP_ALLOCATE|[50]|Bytes:5
15:31:12.0 (4997663)|HEAP_ALLOCATE|[56]|Bytes:5
15:31:12.0 (5005923)|HEAP_ALLOCATE|[64]|Bytes:7
15:31:12.0 (5022974)|SYSTEM_MODE_ENTER|false
15:31:12.0 (5047428)|HEAP_ALLOCATE|[EXTERNAL]|Bytes:5
15:31:12.0 (5055579)|SYSTEM_MODE_EXIT|false
15:31:12.0 (5066745)|METHOD_EXIT|[1]|ngAppResourceComponentController
15:31:12.0 (5084594)|HEAP_ALLOCATE|[EXTERNAL]|Bytes:8
15:31:12.0 (5096513)|VARIABLE_SCOPE_BEGIN|[5]|this|ngAppResourceComponentController|true|false
15:31:12.0 (5160529)|VARIABLE_ASSIGNMENT|[5]|this|{}|0x6adcaf8c
15:31:12.0 (5170908)|SYSTEM_MODE_ENTER|false
15:31:12.0 (5175607)|HEAP_ALLOCATE|[6]|Bytes:5
15:31:12.0 (5179175)|STATEMENT_EXECUTE|[1]
15:31:12.0 (5181846)|HEAP_ALLOCATE|[6]|Bytes:5
15:31:12.0 (5184044)|STATEMENT_EXECUTE|[3]
15:31:12.0 (5193938)|HEAP_ALLOCATE|[6]|Bytes:6
15:31:12.0 (5215309)|STATEMENT_EXECUTE|[5]
15:31:12.0 (5217183)|STATEMENT_EXECUTE|[6]
15:31:12.0 (5220274)|HEAP_ALLOCATE|[6]|Bytes:8
15:31:12.0 (5275270)|USER_DEBUG|[6]|DEBUG|dom here
15:31:12.0 (5282992)|STATEMENT_EXECUTE|[7]
15:31:12.0 (5286219)|HEAP_ALLOCATE|[7]|Bytes:7
15:31:12.0 (7388118)|HEAP_ALLOCATE|[7]|Bytes:44
15:31:12.0 (7404619)|VARIABLE_SCOPE_BEGIN|[7]|useLocal|domUseLocalhostResources__c|true|false
15:31:12.0 (7467103)|VARIABLE_ASSIGNMENT|[7]|useLocal|{"s":1,"v":{"LastModifiedDate":"2016-09-05T12:13:30.000Z","IsDeleted":false,"CreatedById":"00524000000tTSFAA2","domUseLocal__c":true,"CreatedDate":"2016-08-31T10:43:53.000Z","Id":"a0K2400000CObagEAD","LastModifiedById":"00524000000tTSFAA2","SetupOwnerId":"00D24000000a59kEAA","Name":"default","SystemModstamp":"2016-09-05T12:13:31.000Z"}}|0x1a4aea8c
15:31:12.0 (7473248)|STATEMENT_EXECUTE|[8]
15:31:12.0 (7649446)|USER_DEBUG|[8]|DEBUG|domUseLocalhostResources__c:{LastModifiedDate=2016-09-05 12:13:30, IsDeleted=false, CreatedById=00524000000tTSFAA2, domUseLocal__c=true, CreatedDate=2016-08-31 10:43:53, Id=a0K2400000CObagEAD, LastModifiedById=00524000000tTSFAA2, SetupOwnerId=00D24000000a59kEAA, Name=default, SystemModstamp=2016-09-05 12:13:31}
15:31:12.0 (7664421)|STATEMENT_EXECUTE|[9]
15:31:12.0 (7713372)|USER_DEBUG|[9]|DEBUG|true
15:31:12.0 (7720525)|STATEMENT_EXECUTE|[10]
15:31:12.0 (7735258)|USER_DEBUG|[10]|DEBUG|dom here
15:31:12.0 (7740273)|STATEMENT_EXECUTE|[12]
15:31:12.0 (7800757)|VARIABLE_ASSIGNMENT|[EXTERNAL]|this|{}|0x6adcaf8c
15:31:12.0 (7809878)|VARIABLE_ASSIGNMENT|[EXTERNAL]|value|true
15:31:12.0 (7821665)|VARIABLE_ASSIGNMENT|[3]|this.useLocalResources|true|0x6adcaf8c
15:31:12.0 (7831650)|SYSTEM_MODE_EXIT|false
15:31:12.0 (8059498)|SYSTEM_MODE_ENTER|true
15:31:12.0 (8398753)|SYSTEM_MODE_ENTER|true
15:31:12.0 (8435654)|HEAP_ALLOCATE|[EXTERNAL]|Bytes:38
15:31:12.0 (8441688)|HEAP_ALLOCATE|[EXTERNAL]|Bytes:76
15:31:12.0 (8444426)|HEAP_ALLOCATE|[EXTERNAL]|Bytes:40
15:31:12.0 (8456886)|METHOD_ENTRY|[1]|01p2400000D9MKz|ngForceController.ngForceController()
15:31:12.0 (8459810)|STATEMENT_EXECUTE|[1]
15:31:12.0 (8464199)|STATEMENT_EXECUTE|[1]
15:31:12.0 (8465445)|STATEMENT_EXECUTE|[7]
15:31:12.0 (8466465)|STATEMENT_EXECUTE|[12]
15:31:12.0 (8467478)|STATEMENT_EXECUTE|[18]
15:31:12.0 (8472665)|METHOD_EXIT|[1]|ngForceController
15:31:12.0 (8484498)|HEAP_ALLOCATE|[EXTERNAL]|Bytes:4
15:31:12.0 (8491149)|VARIABLE_SCOPE_BEGIN|[1]|this|ngForceController|true|false
15:31:12.0 (8510200)|VARIABLE_ASSIGNMENT|[1]|this|{}|0x708fde75
15:31:12.0 (8526243)|STATEMENT_EXECUTE|[1]
15:31:12.24 (24250399)|CUMULATIVE_LIMIT_USAGE
15:31:12.24 (24250399)|LIMIT_USAGE_FOR_NS|(default)|
  Number of SOQL queries: 0 out of 100
  Number of query rows: 0 out of 50000
  Number of SOSL queries: 0 out of 20
  Number of DML statements: 0 out of 150
  Number of DML rows: 0 out of 10000
  Maximum CPU time: 0 out of 10000
  Maximum heap size: 0 out of 6000000
  Number of callouts: 0 out of 100
  Number of Email Invocations: 0 out of 10
  Number of future calls: 0 out of 50
  Number of queueable jobs added to the queue: 0 out of 50
  Number of Mobile Apex push calls: 0 out of 10

15:31:12.24 (24250399)|CUMULATIVE_LIMIT_USAGE_END

15:31:12.0 (24306188)|CODE_UNIT_FINISHED|VF: /apex/domng_base
15:31:12.0 (25830366)|EXECUTION_FINISHED
