30.0 APEX_CODE,FINEST;APEX_PROFILING,INFO;CALLOUT,INFO;DB,INFO;SYSTEM,DEBUG;VALIDATION,INFO;VISUALFORCE,INFO;WORKFLOW,INFO
15:28:54.0 (743540)|USER_INFO|[EXTERNAL]|00524000000tTSF|swervo@papersnail.co.uk|Greenwich Mean Time|GMT+01:00
15:28:54.0 (781342)|EXECUTION_STARTED
15:28:54.0 (786094)|CODE_UNIT_STARTED|[EXTERNAL]|06624000003kV4T|VF: /apex/angular_config
15:28:54.15 (15279561)|CUMULATIVE_LIMIT_USAGE
15:28:54.15 (15279561)|LIMIT_USAGE_FOR_NS|(default)|
  Number of SOQL queries: 0 out of 100
  Number of query rows: 0 out of 50000
  Number of SOSL queries: 0 out of 20
  Number of DML statements: 0 out of 150
  Number of DML rows: 0 out of 10000
  Maximum CPU time: 0 out of 10000
  Maximum heap size: 0 out of 6000000
  Number of callouts: 0 out of 100
  Number of Email Invocations: 0 out of 10
  Number of future calls: 0 out of 50
  Number of queueable jobs added to the queue: 0 out of 50
  Number of Mobile Apex push calls: 0 out of 10

15:28:54.15 (15279561)|CUMULATIVE_LIMIT_USAGE_END

15:28:54.0 (15350329)|CODE_UNIT_FINISHED|VF: /apex/angular_config
15:28:54.0 (16786133)|EXECUTION_FINISHED
