30.0 APEX_CODE,FINEST;APEX_PROFILING,INFO;CALLOUT,INFO;DB,INFO;SYSTEM,DEBUG;VALIDATION,INFO;VISUALFORCE,INFO;WORKFLOW,INFO
15:31:13.1 (1042372)|USER_INFO|[EXTERNAL]|00524000000tTSF|swervo@papersnail.co.uk|Greenwich Mean Time|GMT+01:00
15:31:13.1 (1091645)|EXECUTION_STARTED
15:31:13.1 (1112751)|CODE_UNIT_STARTED|[EXTERNAL]|06624000003kV4T|VF: /apex/angular_config
15:31:13.18 (18010321)|CUMULATIVE_LIMIT_USAGE
15:31:13.18 (18010321)|LIMIT_USAGE_FOR_NS|(default)|
  Number of SOQL queries: 0 out of 100
  Number of query rows: 0 out of 50000
  Number of SOSL queries: 0 out of 20
  Number of DML statements: 0 out of 150
  Number of DML rows: 0 out of 10000
  Maximum CPU time: 0 out of 10000
  Maximum heap size: 0 out of 6000000
  Number of callouts: 0 out of 100
  Number of Email Invocations: 0 out of 10
  Number of future calls: 0 out of 50
  Number of queueable jobs added to the queue: 0 out of 50
  Number of Mobile Apex push calls: 0 out of 10

15:31:13.18 (18010321)|CUMULATIVE_LIMIT_USAGE_END

15:31:13.1 (18073226)|CODE_UNIT_FINISHED|VF: /apex/angular_config
15:31:13.1 (19695749)|EXECUTION_FINISHED
