35.0 APEX_CODE,FINEST;APEX_PROFILING,INFO;CALLOUT,INFO;DB,INFO;SYSTEM,DEBUG;VALIDATION,INFO;VISUALFORCE,INFO;WORKFLOW,INFO
15:28:23.0 (671201)|USER_INFO|[EXTERNAL]|00524000000tTSF|swervo@papersnail.co.uk|Greenwich Mean Time|GMT+01:00
15:28:23.0 (715426)|EXECUTION_STARTED
15:28:23.0 (721388)|CODE_UNIT_STARTED|[EXTERNAL]|06624000003kVeS|VF: /apex/domng_base
15:28:23.0 (3713825)|SYSTEM_MODE_ENTER|true
15:28:23.0 (4539008)|HEAP_ALLOCATE|[72]|Bytes:3
15:28:23.0 (4585575)|HEAP_ALLOCATE|[77]|Bytes:152
15:28:23.0 (4608040)|HEAP_ALLOCATE|[342]|Bytes:408
15:28:23.0 (4639539)|HEAP_ALLOCATE|[355]|Bytes:408
15:28:23.0 (4661797)|HEAP_ALLOCATE|[467]|Bytes:48
15:28:23.0 (4700062)|HEAP_ALLOCATE|[139]|Bytes:6
15:28:23.0 (4724458)|HEAP_ALLOCATE|[EXTERNAL]|Bytes:100
15:28:23.0 (4730622)|HEAP_ALLOCATE|[EXTERNAL]|Bytes:3
15:28:23.0 (4734735)|HEAP_ALLOCATE|[EXTERNAL]|Bytes:8
15:28:23.0 (4759915)|METHOD_ENTRY|[1]|01p2400000D9MKy|ngAppResourceComponentController.ngAppResourceComponentController()
15:28:23.0 (4766623)|STATEMENT_EXECUTE|[1]
15:28:23.0 (4773240)|STATEMENT_EXECUTE|[1]
15:28:23.0 (4813526)|HEAP_ALLOCATE|[50]|Bytes:5
15:28:23.0 (4846442)|HEAP_ALLOCATE|[56]|Bytes:5
15:28:23.0 (4858823)|HEAP_ALLOCATE|[64]|Bytes:7
15:28:23.0 (4881495)|SYSTEM_MODE_ENTER|false
15:28:23.0 (4907869)|HEAP_ALLOCATE|[EXTERNAL]|Bytes:5
15:28:23.0 (4917270)|SYSTEM_MODE_EXIT|false
15:28:23.0 (4930809)|METHOD_EXIT|[1]|ngAppResourceComponentController
15:28:23.0 (4950323)|HEAP_ALLOCATE|[EXTERNAL]|Bytes:8
15:28:23.0 (4964081)|VARIABLE_SCOPE_BEGIN|[5]|this|ngAppResourceComponentController|true|false
15:28:23.0 (5036819)|VARIABLE_ASSIGNMENT|[5]|this|{}|0x6b58baa5
15:28:23.0 (5050755)|SYSTEM_MODE_ENTER|false
15:28:23.0 (5056272)|HEAP_ALLOCATE|[6]|Bytes:5
15:28:23.0 (5060346)|STATEMENT_EXECUTE|[1]
15:28:23.0 (5064472)|HEAP_ALLOCATE|[6]|Bytes:5
15:28:23.0 (5067274)|STATEMENT_EXECUTE|[3]
15:28:23.0 (5079000)|HEAP_ALLOCATE|[6]|Bytes:6
15:28:23.0 (5106061)|STATEMENT_EXECUTE|[5]
15:28:23.0 (5108434)|STATEMENT_EXECUTE|[6]
15:28:23.0 (5112449)|HEAP_ALLOCATE|[6]|Bytes:8
15:28:23.0 (5174292)|USER_DEBUG|[6]|DEBUG|dom here
15:28:23.0 (5185446)|STATEMENT_EXECUTE|[7]
15:28:23.0 (5189488)|HEAP_ALLOCATE|[7]|Bytes:7
15:28:23.0 (7154125)|HEAP_ALLOCATE|[7]|Bytes:44
15:28:23.0 (7172791)|VARIABLE_SCOPE_BEGIN|[7]|useLocal|domUseLocalhostResources__c|true|false
15:28:23.0 (7238074)|VARIABLE_ASSIGNMENT|[7]|useLocal|{"s":1,"v":{"LastModifiedDate":"2016-09-05T12:13:30.000Z","IsDeleted":false,"CreatedById":"00524000000tTSFAA2","domUseLocal__c":true,"CreatedDate":"2016-08-31T10:43:53.000Z","Id":"a0K2400000CObagEAD","LastModifiedById":"00524000000tTSFAA2","SetupOwnerId":"00D24000000a59kEAA","Name":"default","SystemModstamp":"2016-09-05T12:13:31.000Z"}}|0x1b715e01
15:28:23.0 (7247210)|STATEMENT_EXECUTE|[8]
15:28:23.0 (7416852)|USER_DEBUG|[8]|DEBUG|domUseLocalhostResources__c:{LastModifiedDate=2016-09-05 12:13:30, IsDeleted=false, CreatedById=00524000000tTSFAA2, domUseLocal__c=true, CreatedDate=2016-08-31 10:43:53, Id=a0K2400000CObagEAD, LastModifiedById=00524000000tTSFAA2, SetupOwnerId=00D24000000a59kEAA, Name=default, SystemModstamp=2016-09-05 12:13:31}
15:28:23.0 (7427155)|STATEMENT_EXECUTE|[9]
15:28:23.0 (7469237)|USER_DEBUG|[9]|DEBUG|true
15:28:23.0 (7476126)|STATEMENT_EXECUTE|[10]
15:28:23.0 (7490807)|USER_DEBUG|[10]|DEBUG|dom here
15:28:23.0 (7495677)|STATEMENT_EXECUTE|[12]
15:28:23.0 (7576093)|VARIABLE_ASSIGNMENT|[EXTERNAL]|this|{}|0x6b58baa5
15:28:23.0 (7585144)|VARIABLE_ASSIGNMENT|[EXTERNAL]|value|true
15:28:23.0 (7598012)|VARIABLE_ASSIGNMENT|[3]|this.useLocalResources|true|0x6b58baa5
15:28:23.0 (7607359)|SYSTEM_MODE_EXIT|false
15:28:23.0 (7843648)|SYSTEM_MODE_ENTER|true
15:28:23.11 (11795797)|CUMULATIVE_LIMIT_USAGE
15:28:23.11 (11795797)|LIMIT_USAGE_FOR_NS|(default)|
  Number of SOQL queries: 0 out of 100
  Number of query rows: 0 out of 50000
  Number of SOSL queries: 0 out of 20
  Number of DML statements: 0 out of 150
  Number of DML rows: 0 out of 10000
  Maximum CPU time: 0 out of 10000
  Maximum heap size: 0 out of 6000000
  Number of callouts: 0 out of 100
  Number of Email Invocations: 0 out of 10
  Number of future calls: 0 out of 50
  Number of queueable jobs added to the queue: 0 out of 50
  Number of Mobile Apex push calls: 0 out of 10

15:28:23.11 (11795797)|CUMULATIVE_LIMIT_USAGE_END

15:28:23.0 (11864520)|CODE_UNIT_FINISHED|VF: /apex/domng_base
15:28:23.0 (13136098)|EXECUTION_FINISHED
