35.0 APEX_CODE,FINEST;APEX_PROFILING,INFO;CALLOUT,INFO;DB,INFO;SYSTEM,DEBUG;VALIDATION,INFO;VISUALFORCE,INFO;WORKFLOW,INFO
15:38:11.0 (678836)|USER_INFO|[EXTERNAL]|00524000000tTSF|swervo@papersnail.co.uk|Greenwich Mean Time|GMT+01:00
15:38:11.0 (716515)|EXECUTION_STARTED
15:38:11.0 (721920)|CODE_UNIT_STARTED|[EXTERNAL]|06624000003kVeS|VF: /apex/domng_base
15:38:11.0 (3864581)|SYSTEM_MODE_ENTER|true
15:38:11.0 (19384494)|HEAP_ALLOCATE|[72]|Bytes:3
15:38:11.0 (19446203)|HEAP_ALLOCATE|[77]|Bytes:152
15:38:11.0 (19460788)|HEAP_ALLOCATE|[342]|Bytes:408
15:38:11.0 (19478015)|HEAP_ALLOCATE|[355]|Bytes:408
15:38:11.0 (19493756)|HEAP_ALLOCATE|[467]|Bytes:48
15:38:11.0 (19521247)|HEAP_ALLOCATE|[139]|Bytes:6
15:38:11.0 (19548720)|HEAP_ALLOCATE|[EXTERNAL]|Bytes:100
15:38:11.0 (19588809)|HEAP_ALLOCATE|[EXTERNAL]|Bytes:3
15:38:11.0 (19594605)|HEAP_ALLOCATE|[EXTERNAL]|Bytes:7
15:38:11.0 (19633680)|METHOD_ENTRY|[1]|01p2400000D9OJ4|domng_resourceSwitch.domng_resourceSwitch()
15:38:11.0 (19640498)|STATEMENT_EXECUTE|[1]
15:38:11.0 (19647007)|STATEMENT_EXECUTE|[1]
15:38:11.0 (19693433)|HEAP_ALLOCATE|[50]|Bytes:5
15:38:11.0 (19723475)|HEAP_ALLOCATE|[56]|Bytes:5
15:38:11.0 (19738164)|HEAP_ALLOCATE|[64]|Bytes:7
15:38:11.0 (19762588)|SYSTEM_MODE_ENTER|false
15:38:11.0 (19779829)|HEAP_ALLOCATE|[EXTERNAL]|Bytes:5
15:38:11.0 (19790630)|SYSTEM_MODE_EXIT|false
15:38:11.0 (19822125)|METHOD_EXIT|[1]|domng_resourceSwitch
15:38:11.0 (19848072)|HEAP_ALLOCATE|[EXTERNAL]|Bytes:8
15:38:11.0 (19865122)|VARIABLE_SCOPE_BEGIN|[7]|this|domng_resourceSwitch|true|false
15:38:11.0 (20042201)|VARIABLE_ASSIGNMENT|[7]|this|{}|0x1d464ffd
15:38:11.0 (20057813)|SYSTEM_MODE_ENTER|false
15:38:11.0 (20064699)|HEAP_ALLOCATE|[8]|Bytes:5
15:38:11.0 (20070688)|STATEMENT_EXECUTE|[1]
15:38:11.0 (20075281)|HEAP_ALLOCATE|[8]|Bytes:5
15:38:11.0 (20078855)|STATEMENT_EXECUTE|[3]
15:38:11.0 (20094343)|HEAP_ALLOCATE|[8]|Bytes:6
15:38:11.0 (20127685)|STATEMENT_EXECUTE|[7]
15:38:11.0 (20130616)|STATEMENT_EXECUTE|[8]
15:38:11.0 (20134818)|HEAP_ALLOCATE|[8]|Bytes:7
15:38:11.0 (22435444)|HEAP_ALLOCATE|[8]|Bytes:44
15:38:11.0 (22483759)|VARIABLE_SCOPE_BEGIN|[8]|useLocal|domUseLocalhostResources__c|true|false
15:38:11.0 (22545321)|VARIABLE_ASSIGNMENT|[8]|useLocal|{"s":1,"v":{"LastModifiedDate":"2016-09-05T12:13:30.000Z","IsDeleted":false,"CreatedById":"00524000000tTSFAA2","domUseLocal__c":true,"CreatedDate":"2016-08-31T10:43:53.000Z","Id":"a0K2400000CObagEAD","LastModifiedById":"00524000000tTSFAA2","SetupOwnerId":"00D24000000a59kEAA","Name":"default","SystemModstamp":"2016-09-05T12:13:31.000Z"}}|0x873cb89
15:38:11.0 (22552394)|STATEMENT_EXECUTE|[9]
15:38:11.0 (22747434)|USER_DEBUG|[9]|DEBUG|domUseLocalhostResources__c:{LastModifiedDate=2016-09-05 12:13:30, IsDeleted=false, CreatedById=00524000000tTSFAA2, domUseLocal__c=true, CreatedDate=2016-08-31 10:43:53, Id=a0K2400000CObagEAD, LastModifiedById=00524000000tTSFAA2, SetupOwnerId=00D24000000a59kEAA, Name=default, SystemModstamp=2016-09-05 12:13:31}
15:38:11.0 (22758355)|STATEMENT_EXECUTE|[10]
15:38:11.0 (22801587)|USER_DEBUG|[10]|DEBUG|true
15:38:11.0 (22808390)|STATEMENT_EXECUTE|[11]
15:38:11.0 (22812305)|HEAP_ALLOCATE|[11]|Bytes:8
15:38:11.0 (22827429)|USER_DEBUG|[11]|DEBUG|dom here
15:38:11.0 (22832593)|STATEMENT_EXECUTE|[13]
15:38:11.0 (22908881)|VARIABLE_ASSIGNMENT|[EXTERNAL]|this|{}|0x1d464ffd
15:38:11.0 (22917734)|VARIABLE_ASSIGNMENT|[EXTERNAL]|value|true
15:38:11.0 (22931520)|VARIABLE_ASSIGNMENT|[3]|this.useLocalResources|true|0x1d464ffd
15:38:11.0 (22941718)|SYSTEM_MODE_EXIT|false
15:38:11.0 (23211883)|SYSTEM_MODE_ENTER|true
15:38:11.26 (26987873)|CUMULATIVE_LIMIT_USAGE
15:38:11.26 (26987873)|LIMIT_USAGE_FOR_NS|(default)|
  Number of SOQL queries: 0 out of 100
  Number of query rows: 0 out of 50000
  Number of SOSL queries: 0 out of 20
  Number of DML statements: 0 out of 150
  Number of DML rows: 0 out of 10000
  Maximum CPU time: 0 out of 10000
  Maximum heap size: 0 out of 6000000
  Number of callouts: 0 out of 100
  Number of Email Invocations: 0 out of 10
  Number of future calls: 0 out of 50
  Number of queueable jobs added to the queue: 0 out of 50
  Number of Mobile Apex push calls: 0 out of 10

15:38:11.26 (26987873)|CUMULATIVE_LIMIT_USAGE_END

15:38:11.0 (27032509)|CODE_UNIT_FINISHED|VF: /apex/domng_base
15:38:11.0 (28840103)|EXECUTION_FINISHED
