35.0 APEX_CODE,FINEST;APEX_PROFILING,INFO;CALLOUT,INFO;DB,INFO;SYSTEM,DEBUG;VALIDATION,INFO;VISUALFORCE,INFO;WORKFLOW,INFO
15:05:44.0 (659562)|USER_INFO|[EXTERNAL]|00524000000tTSF|swervo@papersnail.co.uk|Greenwich Mean Time|GMT+01:00
15:05:44.0 (708416)|EXECUTION_STARTED
15:05:44.0 (714753)|CODE_UNIT_STARTED|[EXTERNAL]|06624000003kVeS|VF: /apex/domng_base
15:05:44.0 (4312853)|SYSTEM_MODE_ENTER|true
15:05:44.0 (4859609)|HEAP_ALLOCATE|[72]|Bytes:3
15:05:44.0 (4930484)|HEAP_ALLOCATE|[77]|Bytes:152
15:05:44.0 (4944976)|HEAP_ALLOCATE|[342]|Bytes:408
15:05:44.0 (4961430)|HEAP_ALLOCATE|[355]|Bytes:408
15:05:44.0 (4977140)|HEAP_ALLOCATE|[467]|Bytes:48
15:05:44.0 (5005969)|HEAP_ALLOCATE|[139]|Bytes:6
15:05:44.0 (5022301)|HEAP_ALLOCATE|[EXTERNAL]|Bytes:100
15:05:44.0 (5056472)|HEAP_ALLOCATE|[EXTERNAL]|Bytes:3
15:05:44.0 (5059191)|HEAP_ALLOCATE|[EXTERNAL]|Bytes:7
15:05:44.0 (5092331)|METHOD_ENTRY|[1]|01p2400000D9OJ4|domng_resourceSwitch.domng_resourceSwitch()
15:05:44.0 (5097716)|STATEMENT_EXECUTE|[1]
15:05:44.0 (5102288)|STATEMENT_EXECUTE|[1]
15:05:44.0 (5135607)|HEAP_ALLOCATE|[50]|Bytes:5
15:05:44.0 (5158053)|HEAP_ALLOCATE|[56]|Bytes:5
15:05:44.0 (5166943)|HEAP_ALLOCATE|[64]|Bytes:7
15:05:44.0 (5182345)|SYSTEM_MODE_ENTER|false
15:05:44.0 (5200821)|HEAP_ALLOCATE|[EXTERNAL]|Bytes:5
15:05:44.0 (5206826)|SYSTEM_MODE_EXIT|false
15:05:44.0 (5230388)|METHOD_EXIT|[1]|domng_resourceSwitch
15:05:44.0 (5257169)|HEAP_ALLOCATE|[EXTERNAL]|Bytes:8
15:05:44.0 (5269810)|VARIABLE_SCOPE_BEGIN|[7]|this|domng_resourceSwitch|true|false
15:05:44.0 (5468631)|VARIABLE_ASSIGNMENT|[7]|this|{}|0x245ab092
15:05:44.0 (5479428)|SYSTEM_MODE_ENTER|false
15:05:44.0 (5484287)|HEAP_ALLOCATE|[8]|Bytes:5
15:05:44.0 (5487674)|STATEMENT_EXECUTE|[1]
15:05:44.0 (5490139)|HEAP_ALLOCATE|[8]|Bytes:5
15:05:44.0 (5491903)|STATEMENT_EXECUTE|[3]
15:05:44.0 (5501390)|HEAP_ALLOCATE|[8]|Bytes:6
15:05:44.0 (5524261)|STATEMENT_EXECUTE|[7]
15:05:44.0 (5526003)|STATEMENT_EXECUTE|[8]
15:05:44.0 (5528891)|HEAP_ALLOCATE|[8]|Bytes:7
15:05:44.0 (7340617)|HEAP_ALLOCATE|[8]|Bytes:44
15:05:44.0 (7379328)|VARIABLE_SCOPE_BEGIN|[8]|useLocal|domUseLocalhostResources__c|true|false
15:05:44.0 (7440137)|VARIABLE_ASSIGNMENT|[8]|useLocal|{"s":1,"v":{"LastModifiedDate":"2016-09-05T12:13:30.000Z","IsDeleted":false,"CreatedById":"00524000000tTSFAA2","domUseLocal__c":true,"CreatedDate":"2016-08-31T10:43:53.000Z","Id":"a0K2400000CObagEAD","LastModifiedById":"00524000000tTSFAA2","SetupOwnerId":"00D24000000a59kEAA","Name":"default","SystemModstamp":"2016-09-05T12:13:31.000Z"}}|0x48f79ba3
15:05:44.0 (7446201)|STATEMENT_EXECUTE|[9]
15:05:44.0 (7626474)|USER_DEBUG|[9]|DEBUG|domUseLocalhostResources__c:{LastModifiedDate=2016-09-05 12:13:30, IsDeleted=false, CreatedById=00524000000tTSFAA2, domUseLocal__c=true, CreatedDate=2016-08-31 10:43:53, Id=a0K2400000CObagEAD, LastModifiedById=00524000000tTSFAA2, SetupOwnerId=00D24000000a59kEAA, Name=default, SystemModstamp=2016-09-05 12:13:31}
15:05:44.0 (7636791)|STATEMENT_EXECUTE|[10]
15:05:44.0 (7677116)|USER_DEBUG|[10]|DEBUG|true
15:05:44.0 (7683558)|STATEMENT_EXECUTE|[11]
15:05:44.0 (7688091)|HEAP_ALLOCATE|[11]|Bytes:8
15:05:44.0 (7703878)|USER_DEBUG|[11]|DEBUG|dom here
15:05:44.0 (7708918)|STATEMENT_EXECUTE|[13]
15:05:44.0 (7781457)|VARIABLE_ASSIGNMENT|[EXTERNAL]|this|{}|0x245ab092
15:05:44.0 (7789552)|VARIABLE_ASSIGNMENT|[EXTERNAL]|value|true
15:05:44.0 (7816500)|VARIABLE_ASSIGNMENT|[3]|this.useLocalResources|true|0x245ab092
15:05:44.0 (7831107)|SYSTEM_MODE_EXIT|false
15:05:44.0 (8221580)|SYSTEM_MODE_ENTER|true
15:05:44.12 (12110470)|CUMULATIVE_LIMIT_USAGE
15:05:44.12 (12110470)|LIMIT_USAGE_FOR_NS|(default)|
  Number of SOQL queries: 0 out of 100
  Number of query rows: 0 out of 50000
  Number of SOSL queries: 0 out of 20
  Number of DML statements: 0 out of 150
  Number of DML rows: 0 out of 10000
  Maximum CPU time: 0 out of 10000
  Maximum heap size: 0 out of 6000000
  Number of callouts: 0 out of 100
  Number of Email Invocations: 0 out of 10
  Number of future calls: 0 out of 50
  Number of queueable jobs added to the queue: 0 out of 50
  Number of Mobile Apex push calls: 0 out of 10

15:05:44.12 (12110470)|CUMULATIVE_LIMIT_USAGE_END

15:05:44.0 (12163149)|CODE_UNIT_FINISHED|VF: /apex/domng_base
15:05:44.0 (13552643)|EXECUTION_FINISHED
