35.0 APEX_CODE,FINEST;APEX_PROFILING,INFO;CALLOUT,INFO;DB,INFO;SYSTEM,DEBUG;VALIDATION,INFO;VISUALFORCE,INFO;WORKFLOW,INFO
15:36:33.0 (841031)|USER_INFO|[EXTERNAL]|00524000000tTSF|swervo@papersnail.co.uk|Greenwich Mean Time|GMT+01:00
15:36:33.0 (883255)|EXECUTION_STARTED
15:36:33.0 (888999)|CODE_UNIT_STARTED|[EXTERNAL]|06624000003kVeS|VF: /apex/domng_base
15:36:33.0 (3709542)|SYSTEM_MODE_ENTER|true
15:36:33.0 (4361738)|HEAP_ALLOCATE|[72]|Bytes:3
15:36:33.0 (4406518)|HEAP_ALLOCATE|[77]|Bytes:152
15:36:33.0 (4425224)|HEAP_ALLOCATE|[342]|Bytes:408
15:36:33.0 (4444539)|HEAP_ALLOCATE|[355]|Bytes:408
15:36:33.0 (4461509)|HEAP_ALLOCATE|[467]|Bytes:48
15:36:33.0 (4490963)|HEAP_ALLOCATE|[139]|Bytes:6
15:36:33.0 (4507598)|HEAP_ALLOCATE|[EXTERNAL]|Bytes:100
15:36:33.0 (4551789)|HEAP_ALLOCATE|[EXTERNAL]|Bytes:3
15:36:33.0 (4554575)|HEAP_ALLOCATE|[EXTERNAL]|Bytes:8
15:36:33.0 (4572598)|METHOD_ENTRY|[1]|01p2400000D9MKy|ngAppResourceComponentController.ngAppResourceComponentController()
15:36:33.0 (4576787)|STATEMENT_EXECUTE|[1]
15:36:33.0 (4583322)|STATEMENT_EXECUTE|[1]
15:36:33.0 (4618242)|HEAP_ALLOCATE|[50]|Bytes:5
15:36:33.0 (4647824)|HEAP_ALLOCATE|[56]|Bytes:5
15:36:33.0 (4657028)|HEAP_ALLOCATE|[64]|Bytes:7
15:36:33.0 (4674265)|SYSTEM_MODE_ENTER|false
15:36:33.0 (4698006)|HEAP_ALLOCATE|[EXTERNAL]|Bytes:5
15:36:33.0 (4706622)|SYSTEM_MODE_EXIT|false
15:36:33.0 (4718102)|METHOD_EXIT|[1]|ngAppResourceComponentController
15:36:33.0 (4734139)|HEAP_ALLOCATE|[EXTERNAL]|Bytes:8
15:36:33.0 (4744842)|VARIABLE_SCOPE_BEGIN|[5]|this|ngAppResourceComponentController|true|false
15:36:33.0 (4806944)|VARIABLE_ASSIGNMENT|[5]|this|{}|0x333ca845
15:36:33.0 (4817929)|SYSTEM_MODE_ENTER|false
15:36:33.0 (4822838)|HEAP_ALLOCATE|[6]|Bytes:5
15:36:33.0 (4826287)|STATEMENT_EXECUTE|[1]
15:36:33.0 (4828868)|HEAP_ALLOCATE|[6]|Bytes:5
15:36:33.0 (4830861)|STATEMENT_EXECUTE|[3]
15:36:33.0 (4840291)|HEAP_ALLOCATE|[6]|Bytes:6
15:36:33.0 (4869160)|STATEMENT_EXECUTE|[5]
15:36:33.0 (4871163)|STATEMENT_EXECUTE|[6]
15:36:33.0 (4874480)|HEAP_ALLOCATE|[6]|Bytes:8
15:36:33.0 (4929842)|USER_DEBUG|[6]|DEBUG|dom here
15:36:33.0 (4938150)|STATEMENT_EXECUTE|[7]
15:36:33.0 (4941836)|HEAP_ALLOCATE|[7]|Bytes:7
15:36:33.0 (6935987)|HEAP_ALLOCATE|[7]|Bytes:44
15:36:33.0 (6965641)|VARIABLE_SCOPE_BEGIN|[7]|useLocal|domUseLocalhostResources__c|true|false
15:36:33.0 (7026229)|VARIABLE_ASSIGNMENT|[7]|useLocal|{"s":1,"v":{"LastModifiedDate":"2016-09-05T12:13:30.000Z","IsDeleted":false,"CreatedById":"00524000000tTSFAA2","domUseLocal__c":true,"CreatedDate":"2016-08-31T10:43:53.000Z","Id":"a0K2400000CObagEAD","LastModifiedById":"00524000000tTSFAA2","SetupOwnerId":"00D24000000a59kEAA","Name":"default","SystemModstamp":"2016-09-05T12:13:31.000Z"}}|0x4a6fada6
15:36:33.0 (7033172)|STATEMENT_EXECUTE|[8]
15:36:33.0 (7199696)|USER_DEBUG|[8]|DEBUG|domUseLocalhostResources__c:{LastModifiedDate=2016-09-05 12:13:30, IsDeleted=false, CreatedById=00524000000tTSFAA2, domUseLocal__c=true, CreatedDate=2016-08-31 10:43:53, Id=a0K2400000CObagEAD, LastModifiedById=00524000000tTSFAA2, SetupOwnerId=00D24000000a59kEAA, Name=default, SystemModstamp=2016-09-05 12:13:31}
15:36:33.0 (7209600)|STATEMENT_EXECUTE|[9]
15:36:33.0 (7254670)|USER_DEBUG|[9]|DEBUG|true
15:36:33.0 (7261291)|STATEMENT_EXECUTE|[10]
15:36:33.0 (7274577)|USER_DEBUG|[10]|DEBUG|dom here
15:36:33.0 (7282074)|STATEMENT_EXECUTE|[12]
15:36:33.0 (7360232)|VARIABLE_ASSIGNMENT|[EXTERNAL]|this|{}|0x333ca845
15:36:33.0 (7370360)|VARIABLE_ASSIGNMENT|[EXTERNAL]|value|true
15:36:33.0 (7385254)|VARIABLE_ASSIGNMENT|[3]|this.useLocalResources|true|0x333ca845
15:36:33.0 (7397260)|SYSTEM_MODE_EXIT|false
15:36:33.0 (7633570)|SYSTEM_MODE_ENTER|true
15:36:33.11 (11566200)|CUMULATIVE_LIMIT_USAGE
15:36:33.11 (11566200)|LIMIT_USAGE_FOR_NS|(default)|
  Number of SOQL queries: 0 out of 100
  Number of query rows: 0 out of 50000
  Number of SOSL queries: 0 out of 20
  Number of DML statements: 0 out of 150
  Number of DML rows: 0 out of 10000
  Maximum CPU time: 0 out of 10000
  Maximum heap size: 0 out of 6000000
  Number of callouts: 0 out of 100
  Number of Email Invocations: 0 out of 10
  Number of future calls: 0 out of 50
  Number of queueable jobs added to the queue: 0 out of 50
  Number of Mobile Apex push calls: 0 out of 10

15:36:33.11 (11566200)|CUMULATIVE_LIMIT_USAGE_END

15:36:33.0 (11620887)|CODE_UNIT_FINISHED|VF: /apex/domng_base
15:36:33.0 (12891338)|EXECUTION_FINISHED
