37.0 APEX_CODE,FINEST;APEX_PROFILING,INFO;CALLOUT,INFO;DB,INFO;SYSTEM,DEBUG;VALIDATION,INFO;VISUALFORCE,INFO;WORKFLOW,INFO
15:17:41.0 (108181)|USER_INFO|[EXTERNAL]|00524000000tTSF|swervo@papersnail.co.uk|Greenwich Mean Time|GMT+01:00
15:17:41.0 (149803)|EXECUTION_STARTED
15:17:41.0 (158024)|CODE_UNIT_STARTED|[EXTERNAL]|VisualForce View State
15:17:41.0 (8438261)|CODE_UNIT_FINISHED|VisualForce View State
15:17:41.0 (10702166)|EXECUTION_FINISHED
15:17:41.38 (38820678)|USER_INFO|[EXTERNAL]|00524000000tTSF|swervo@papersnail.co.uk|Greenwich Mean Time|GMT+01:00
15:17:41.38 (38840981)|EXECUTION_STARTED
15:17:41.38 (38849296)|CODE_UNIT_STARTED|[EXTERNAL]|VF: /apex/editApexComponent.apexp
15:17:41.38 (55396694)|CODE_UNIT_STARTED|[EXTERNAL]|VF Controller Save
15:17:41.38 (55413442)|SYSTEM_MODE_ENTER|false
15:17:41.38 (361450518)|CODE_UNIT_FINISHED|VF Controller Save
15:17:41.386 (386842664)|CUMULATIVE_LIMIT_USAGE
15:17:41.386 (386842664)|LIMIT_USAGE_FOR_NS|(default)|
  Number of SOQL queries: 0 out of 100
  Number of query rows: 0 out of 50000
  Number of SOSL queries: 0 out of 20
  Number of DML statements: 0 out of 150
  Number of DML rows: 0 out of 10000
  Maximum CPU time: 0 out of 10000
  Maximum heap size: 0 out of 6000000
  Number of callouts: 0 out of 100
  Number of Email Invocations: 0 out of 10
  Number of future calls: 0 out of 50
  Number of queueable jobs added to the queue: 0 out of 50
  Number of Mobile Apex push calls: 0 out of 10

15:17:41.386 (386842664)|CUMULATIVE_LIMIT_USAGE_END

15:17:41.38 (386908780)|CODE_UNIT_FINISHED|VF: /apex/editApexComponent.apexp
15:17:41.38 (388505919)|EXECUTION_FINISHED
