35.0 APEX_CODE,FINEST;APEX_PROFILING,INFO;CALLOUT,INFO;DB,INFO;SYSTEM,DEBUG;VALIDATION,INFO;VISUALFORCE,INFO;WORKFLOW,INFO
15:13:31.0 (675650)|USER_INFO|[EXTERNAL]|00524000000tTSF|swervo@papersnail.co.uk|Greenwich Mean Time|GMT+01:00
15:13:31.0 (719830)|EXECUTION_STARTED
15:13:31.0 (728012)|CODE_UNIT_STARTED|[EXTERNAL]|06624000003kVeS|VF: /apex/domng_base
15:13:31.0 (4824131)|SYSTEM_MODE_ENTER|true
15:13:31.0 (5649194)|HEAP_ALLOCATE|[72]|Bytes:3
15:13:31.0 (5747851)|HEAP_ALLOCATE|[77]|Bytes:152
15:13:31.0 (5769526)|HEAP_ALLOCATE|[342]|Bytes:408
15:13:31.0 (5790859)|HEAP_ALLOCATE|[355]|Bytes:408
15:13:31.0 (5810850)|HEAP_ALLOCATE|[467]|Bytes:48
15:13:31.0 (5847688)|HEAP_ALLOCATE|[139]|Bytes:6
15:13:31.0 (5871375)|HEAP_ALLOCATE|[EXTERNAL]|Bytes:100
15:13:31.0 (5910275)|HEAP_ALLOCATE|[EXTERNAL]|Bytes:3
15:13:31.0 (5915055)|HEAP_ALLOCATE|[EXTERNAL]|Bytes:7
15:13:31.0 (5955581)|METHOD_ENTRY|[1]|01p2400000D9OJ4|domng_resourceSwitch.domng_resourceSwitch()
15:13:31.0 (5962560)|STATEMENT_EXECUTE|[1]
15:13:31.0 (5969157)|STATEMENT_EXECUTE|[1]
15:13:31.0 (6014160)|HEAP_ALLOCATE|[50]|Bytes:5
15:13:31.0 (6047671)|HEAP_ALLOCATE|[56]|Bytes:5
15:13:31.0 (6063700)|HEAP_ALLOCATE|[64]|Bytes:7
15:13:31.0 (6086215)|SYSTEM_MODE_ENTER|false
15:13:31.0 (6108504)|HEAP_ALLOCATE|[EXTERNAL]|Bytes:5
15:13:31.0 (6117568)|SYSTEM_MODE_EXIT|false
15:13:31.0 (6149823)|METHOD_EXIT|[1]|domng_resourceSwitch
15:13:31.0 (6174739)|HEAP_ALLOCATE|[EXTERNAL]|Bytes:8
15:13:31.0 (6189411)|VARIABLE_SCOPE_BEGIN|[7]|this|domng_resourceSwitch|true|false
15:13:31.0 (6367581)|VARIABLE_ASSIGNMENT|[7]|this|{}|0x464678bc
15:13:31.0 (6383865)|SYSTEM_MODE_ENTER|false
15:13:31.0 (6390921)|HEAP_ALLOCATE|[8]|Bytes:5
15:13:31.0 (6395718)|STATEMENT_EXECUTE|[1]
15:13:31.0 (6399684)|HEAP_ALLOCATE|[8]|Bytes:5
15:13:31.0 (6402878)|STATEMENT_EXECUTE|[3]
15:13:31.0 (6415728)|HEAP_ALLOCATE|[8]|Bytes:6
15:13:31.0 (6447636)|STATEMENT_EXECUTE|[7]
15:13:31.0 (6449969)|STATEMENT_EXECUTE|[8]
15:13:31.0 (6453659)|HEAP_ALLOCATE|[8]|Bytes:7
15:13:31.0 (11188262)|HEAP_ALLOCATE|[8]|Bytes:44
15:13:31.0 (11273176)|VARIABLE_SCOPE_BEGIN|[8]|useLocal|domUseLocalhostResources__c|true|false
15:13:31.0 (11359512)|VARIABLE_ASSIGNMENT|[8]|useLocal|{"s":1,"v":{"LastModifiedDate":"2016-09-05T12:13:30.000Z","IsDeleted":false,"CreatedById":"00524000000tTSFAA2","domUseLocal__c":true,"CreatedDate":"2016-08-31T10:43:53.000Z","Id":"a0K2400000CObagEAD","LastModifiedById":"00524000000tTSFAA2","SetupOwnerId":"00D24000000a59kEAA","Name":"default","SystemModstamp":"2016-09-05T12:13:31.000Z"}}|0x7cc343bb
15:13:31.0 (11369908)|STATEMENT_EXECUTE|[9]
15:13:31.0 (11679511)|USER_DEBUG|[9]|DEBUG|domUseLocalhostResources__c:{LastModifiedDate=2016-09-05 12:13:30, IsDeleted=false, CreatedById=00524000000tTSFAA2, domUseLocal__c=true, CreatedDate=2016-08-31 10:43:53, Id=a0K2400000CObagEAD, LastModifiedById=00524000000tTSFAA2, SetupOwnerId=00D24000000a59kEAA, Name=default, SystemModstamp=2016-09-05 12:13:31}
15:13:31.0 (11696179)|STATEMENT_EXECUTE|[10]
15:13:31.0 (11761710)|USER_DEBUG|[10]|DEBUG|true
15:13:31.0 (11771193)|STATEMENT_EXECUTE|[11]
15:13:31.0 (11779618)|HEAP_ALLOCATE|[11]|Bytes:8
15:13:31.0 (11811705)|USER_DEBUG|[11]|DEBUG|dom here
15:13:31.0 (11822345)|STATEMENT_EXECUTE|[13]
15:13:31.0 (11973600)|VARIABLE_ASSIGNMENT|[EXTERNAL]|this|{}|0x464678bc
15:13:31.0 (11989111)|VARIABLE_ASSIGNMENT|[EXTERNAL]|value|true
15:13:31.0 (12036451)|VARIABLE_ASSIGNMENT|[3]|this.useLocalResources|true|0x464678bc
15:13:31.0 (12056025)|SYSTEM_MODE_EXIT|false
15:13:31.0 (12592505)|SYSTEM_MODE_ENTER|true
15:13:31.17 (17718663)|CUMULATIVE_LIMIT_USAGE
15:13:31.17 (17718663)|LIMIT_USAGE_FOR_NS|(default)|
  Number of SOQL queries: 0 out of 100
  Number of query rows: 0 out of 50000
  Number of SOSL queries: 0 out of 20
  Number of DML statements: 0 out of 150
  Number of DML rows: 0 out of 10000
  Maximum CPU time: 0 out of 10000
  Maximum heap size: 0 out of 6000000
  Number of callouts: 0 out of 100
  Number of Email Invocations: 0 out of 10
  Number of future calls: 0 out of 50
  Number of queueable jobs added to the queue: 0 out of 50
  Number of Mobile Apex push calls: 0 out of 10

15:13:31.17 (17718663)|CUMULATIVE_LIMIT_USAGE_END

15:13:31.0 (17785729)|CODE_UNIT_FINISHED|VF: /apex/domng_base
15:13:31.0 (19215053)|EXECUTION_FINISHED
