35.0 APEX_CODE,FINEST;APEX_PROFILING,INFO;CALLOUT,INFO;DB,INFO;SYSTEM,DEBUG;VALIDATION,INFO;VISUALFORCE,INFO;WORKFLOW,INFO
15:14:55.0 (675684)|USER_INFO|[EXTERNAL]|00524000000tTSF|swervo@papersnail.co.uk|Greenwich Mean Time|GMT+01:00
15:14:55.0 (714062)|EXECUTION_STARTED
15:14:55.0 (719671)|CODE_UNIT_STARTED|[EXTERNAL]|06624000003kVeS|VF: /apex/domng_base
15:14:55.0 (25846476)|SYSTEM_MODE_ENTER|true
15:14:55.0 (26541145)|HEAP_ALLOCATE|[72]|Bytes:3
15:14:55.0 (26616760)|HEAP_ALLOCATE|[77]|Bytes:152
15:14:55.0 (26632466)|HEAP_ALLOCATE|[342]|Bytes:408
15:14:55.0 (26648994)|HEAP_ALLOCATE|[355]|Bytes:408
15:14:55.0 (26664402)|HEAP_ALLOCATE|[467]|Bytes:48
15:14:55.0 (26690891)|HEAP_ALLOCATE|[139]|Bytes:6
15:14:55.0 (26707444)|HEAP_ALLOCATE|[EXTERNAL]|Bytes:100
15:14:55.0 (26733562)|HEAP_ALLOCATE|[EXTERNAL]|Bytes:3
15:14:55.0 (26736191)|HEAP_ALLOCATE|[EXTERNAL]|Bytes:8
15:14:55.0 (26775045)|METHOD_ENTRY|[1]|01p2400000D9MKy|ngAppResourceComponentController.ngAppResourceComponentController()
15:14:55.0 (26782603)|STATEMENT_EXECUTE|[1]
15:14:55.0 (26792904)|STATEMENT_EXECUTE|[1]
15:14:55.0 (26829832)|HEAP_ALLOCATE|[50]|Bytes:5
15:14:55.0 (26849638)|HEAP_ALLOCATE|[56]|Bytes:5
15:14:55.0 (26857878)|HEAP_ALLOCATE|[64]|Bytes:7
15:14:55.0 (26874974)|SYSTEM_MODE_ENTER|false
15:14:55.0 (26892691)|HEAP_ALLOCATE|[EXTERNAL]|Bytes:5
15:14:55.0 (26898793)|SYSTEM_MODE_EXIT|false
15:14:55.0 (26923016)|METHOD_EXIT|[1]|ngAppResourceComponentController
15:14:55.0 (26942755)|HEAP_ALLOCATE|[EXTERNAL]|Bytes:8
15:14:55.0 (26955338)|VARIABLE_SCOPE_BEGIN|[5]|this|ngAppResourceComponentController|true|false
15:14:55.0 (27147480)|VARIABLE_ASSIGNMENT|[5]|this|{}|0x58230553
15:14:55.0 (27163561)|SYSTEM_MODE_ENTER|false
15:14:55.0 (27169369)|HEAP_ALLOCATE|[6]|Bytes:5
15:14:55.0 (27173478)|STATEMENT_EXECUTE|[1]
15:14:55.0 (27176123)|HEAP_ALLOCATE|[6]|Bytes:5
15:14:55.0 (27178114)|STATEMENT_EXECUTE|[3]
15:14:55.0 (27187540)|HEAP_ALLOCATE|[6]|Bytes:6
15:14:55.0 (27209495)|STATEMENT_EXECUTE|[5]
15:14:55.0 (27211246)|STATEMENT_EXECUTE|[6]
15:14:55.0 (27213611)|HEAP_ALLOCATE|[6]|Bytes:8
15:14:55.0 (27275862)|USER_DEBUG|[6]|DEBUG|dom here
15:14:55.0 (27284855)|STATEMENT_EXECUTE|[7]
15:14:55.0 (27288030)|HEAP_ALLOCATE|[7]|Bytes:7
15:14:55.0 (28995973)|HEAP_ALLOCATE|[7]|Bytes:44
15:14:55.0 (29026081)|VARIABLE_SCOPE_BEGIN|[7]|useLocal|domUseLocalhostResources__c|true|false
15:14:55.0 (29099456)|VARIABLE_ASSIGNMENT|[7]|useLocal|{"s":1,"v":{"LastModifiedDate":"2016-09-05T12:13:30.000Z","IsDeleted":false,"CreatedById":"00524000000tTSFAA2","domUseLocal__c":true,"CreatedDate":"2016-08-31T10:43:53.000Z","Id":"a0K2400000CObagEAD","LastModifiedById":"00524000000tTSFAA2","SetupOwnerId":"00D24000000a59kEAA","Name":"default","SystemModstamp":"2016-09-05T12:13:31.000Z"}}|0x10dced30
15:14:55.0 (29108994)|STATEMENT_EXECUTE|[8]
15:14:55.0 (29291008)|USER_DEBUG|[8]|DEBUG|domUseLocalhostResources__c:{LastModifiedDate=2016-09-05 12:13:30, IsDeleted=false, CreatedById=00524000000tTSFAA2, domUseLocal__c=true, CreatedDate=2016-08-31 10:43:53, Id=a0K2400000CObagEAD, LastModifiedById=00524000000tTSFAA2, SetupOwnerId=00D24000000a59kEAA, Name=default, SystemModstamp=2016-09-05 12:13:31}
15:14:55.0 (29301240)|STATEMENT_EXECUTE|[9]
15:14:55.0 (29344320)|USER_DEBUG|[9]|DEBUG|true
15:14:55.0 (29350993)|STATEMENT_EXECUTE|[10]
15:14:55.0 (29365441)|USER_DEBUG|[10]|DEBUG|dom here
15:14:55.0 (29370248)|STATEMENT_EXECUTE|[12]
15:14:55.0 (29426915)|VARIABLE_ASSIGNMENT|[EXTERNAL]|this|{}|0x58230553
15:14:55.0 (29435022)|VARIABLE_ASSIGNMENT|[EXTERNAL]|value|true
15:14:55.0 (29446583)|VARIABLE_ASSIGNMENT|[3]|this.useLocalResources|true|0x58230553
15:14:55.0 (29455649)|SYSTEM_MODE_EXIT|false
15:14:55.0 (29708102)|SYSTEM_MODE_ENTER|true
15:14:55.34 (34167463)|CUMULATIVE_LIMIT_USAGE
15:14:55.34 (34167463)|LIMIT_USAGE_FOR_NS|(default)|
  Number of SOQL queries: 0 out of 100
  Number of query rows: 0 out of 50000
  Number of SOSL queries: 0 out of 20
  Number of DML statements: 0 out of 150
  Number of DML rows: 0 out of 10000
  Maximum CPU time: 0 out of 10000
  Maximum heap size: 0 out of 6000000
  Number of callouts: 0 out of 100
  Number of Email Invocations: 0 out of 10
  Number of future calls: 0 out of 50
  Number of queueable jobs added to the queue: 0 out of 50
  Number of Mobile Apex push calls: 0 out of 10

15:14:55.34 (34167463)|CUMULATIVE_LIMIT_USAGE_END

15:14:55.0 (34221149)|CODE_UNIT_FINISHED|VF: /apex/domng_base
15:14:55.0 (35630797)|EXECUTION_FINISHED
